<?xml version="1.0" encoding="UTF-8"?>
<testsuite xmlns:xsi="http://www.w3.org/2001/XMLSchema-instance" xsi:noNamespaceSchemaLocation="https://maven.apache.org/surefire/maven-failsafe-plugin/xsd/failsafe-test-report.xsd" version="3.0.2" name="br.edu.qualidade.biblioteca.web.controller.BookControllerIT" time="9.261" tests="8" errors="0" skipped="0" failures="0" flakes="0">
  <properties>
[...]
</properties>
  <testcase name="shouldRejectInvalidBookThroughHttp" classname="br.edu.qualidade.biblioteca.web.controller.BookControllerIT" time="0.992">
    <system-out><![CDATA[2026-05-20T02:03:24.056Z  INFO 37483 --- [biblioteca-pessoal] [           main] t.c.s.AnnotationConfigContextLoaderUtils : Could not detect default configuration classes for test class [br.edu.qualidade.biblioteca.web.controller.BookControllerIT]: BookControllerIT does not declare any static, non-private, non-final, nested classes annotated with @Configuration.
2026-05-20T02:03:24.069Z  INFO 37483 --- [biblioteca-pessoal] [           main] .b.t.c.SpringBootTestContextBootstrapper : Found @SpringBootConfiguration br.edu.qualidade.biblioteca.BibliotecaPessoalApplication for test class br.edu.qualidade.biblioteca.web.controller.BookControllerIT
2026-05-20T02:03:24.117Z TRACE 37483 --- [biblioteca-pessoal] [-auto-1-exec-10] o.s.security.web.FilterChainProxy        : Trying to match request against DefaultSecurityFilterChain defined as 'securityFilterChain' in [class path resource [br/edu/qualidade/biblioteca/security/SecurityConfig.class]] matching [any request] and having filters [DisableEncodeUrl, WebAsyncManagerIntegration, SecurityContextHolder, HeaderWriter, Csrf, Logout, UsernamePasswordAuthentication, ConcurrentSession, RequestCacheAware, SecurityContextHolderAwareRequest, AnonymousAuthentication, SessionManagement, ExceptionTranslation, Authorization] (1/1)
2026-05-20T02:03:24.117Z DEBUG 37483 --- [biblioteca-pessoal] [-auto-1-exec-10] o.s.security.web.FilterChainProxy        : Securing GET /register
2026-05-20T02:03:24.118Z TRACE 37483 --- [biblioteca-pessoal] [-auto-1-exec-10] o.s.security.web.FilterChainProxy        : Invoking DisableEncodeUrlFilter (1/14)
2026-05-20T02:03:24.118Z TRACE 37483 --- [biblioteca-pessoal] [-auto-1-exec-10] o.s.security.web.FilterChainProxy        : Invoking WebAsyncManagerIntegrationFilter (2/14)
2026-05-20T02:03:24.118Z TRACE 37483 --- [biblioteca-pessoal] [-auto-1-exec-10] o.s.security.web.FilterChainProxy        : Invoking SecurityContextHolderFilter (3/14)
2026-05-20T02:03:24.118Z TRACE 37483 --- [biblioteca-pessoal] [-auto-1-exec-10] o.s.security.web.FilterChainProxy        : Invoking HeaderWriterFilter (4/14)
2026-05-20T02:03:24.118Z TRACE 37483 --- [biblioteca-pessoal] [-auto-1-exec-10] o.s.security.web.FilterChainProxy        : Invoking CsrfFilter (5/14)
2026-05-20T02:03:24.118Z TRACE 37483 --- [biblioteca-pessoal] [-auto-1-exec-10] s.s.w.c.CsrfTokenRequestAttributeHandler : Wrote a CSRF token to the following request attributes: [_csrf, org.springframework.security.web.csrf.CsrfToken]
2026-05-20T02:03:24.118Z TRACE 37483 --- [biblioteca-pessoal] [-auto-1-exec-10] o.s.security.web.csrf.CsrfFilter         : Did not protect against CSRF since request did not match CsrfNotRequired [TRACE, HEAD, GET, OPTIONS]
2026-05-20T02:03:24.118Z TRACE 37483 --- [biblioteca-pessoal] [-auto-1-exec-10] o.s.security.web.FilterChainProxy        : Invoking LogoutFilter (6/14)
2026-05-20T02:03:24.119Z TRACE 37483 --- [biblioteca-pessoal] [-auto-1-exec-10] o.s.s.w.a.logout.LogoutFilter            : Did not match request to Ant [pattern='/logout', POST]
2026-05-20T02:03:24.119Z TRACE 37483 --- [biblioteca-pessoal] [-auto-1-exec-10] o.s.security.web.FilterChainProxy        : Invoking UsernamePasswordAuthenticationFilter (7/14)
2026-05-20T02:03:24.119Z TRACE 37483 --- [biblioteca-pessoal] [-auto-1-exec-10] w.a.UsernamePasswordAuthenticationFilter : Did not match request to Ant [pattern='/login', POST]
2026-05-20T02:03:24.119Z TRACE 37483 --- [biblioteca-pessoal] [-auto-1-exec-10] o.s.security.web.FilterChainProxy        : Invoking ConcurrentSessionFilter (8/14)
2026-05-20T02:03:24.119Z TRACE 37483 --- [biblioteca-pessoal] [-auto-1-exec-10] o.s.security.web.FilterChainProxy        : Invoking RequestCacheAwareFilter (9/14)
2026-05-20T02:03:24.119Z TRACE 37483 --- [biblioteca-pessoal] [-auto-1-exec-10] o.s.s.w.s.HttpSessionRequestCache        : matchingRequestParameterName is required for getMatchingRequest to lookup a value, but not provided
2026-05-20T02:03:24.119Z TRACE 37483 --- [biblioteca-pessoal] [-auto-1-exec-10] o.s.security.web.FilterChainProxy        : Invoking SecurityContextHolderAwareRequestFilter (10/14)
2026-05-20T02:03:24.119Z TRACE 37483 --- [biblioteca-pessoal] [-auto-1-exec-10] o.s.security.web.FilterChainProxy        : Invoking AnonymousAuthenticationFilter (11/14)
2026-05-20T02:03:24.119Z TRACE 37483 --- [biblioteca-pessoal] [-auto-1-exec-10] o.s.security.web.FilterChainProxy        : Invoking SessionManagementFilter (12/14)
2026-05-20T02:03:24.119Z TRACE 37483 --- [biblioteca-pessoal] [-auto-1-exec-10] w.c.HttpSessionSecurityContextRepository : No HttpSession currently exists
2026-05-20T02:03:24.119Z TRACE 37483 --- [biblioteca-pessoal] [-auto-1-exec-10] .s.s.w.c.SupplierDeferredSecurityContext : Created SecurityContextImpl [Null authentication]
2026-05-20T02:03:24.119Z TRACE 37483 --- [biblioteca-pessoal] [-auto-1-exec-10] .s.s.w.c.SupplierDeferredSecurityContext : Created SecurityContextImpl [Null authentication]
2026-05-20T02:03:24.119Z TRACE 37483 --- [biblioteca-pessoal] [-auto-1-exec-10] o.s.s.w.a.AnonymousAuthenticationFilter  : Set SecurityContextHolder to AnonymousAuthenticationToken [Principal=anonymousUser, Credentials=[PROTECTED], Authenticated=true, Details=WebAuthenticationDetails [RemoteIpAddress=127.0.0.1, SessionId=null], Granted Authorities=[ROLE_ANONYMOUS]]
2026-05-20T02:03:24.119Z TRACE 37483 --- [biblioteca-pessoal] [-auto-1-exec-10] o.s.security.web.FilterChainProxy        : Invoking ExceptionTranslationFilter (13/14)
2026-05-20T02:03:24.119Z TRACE 37483 --- [biblioteca-pessoal] [-auto-1-exec-10] o.s.security.web.FilterChainProxy        : Invoking AuthorizationFilter (14/14)
2026-05-20T02:03:24.119Z TRACE 37483 --- [biblioteca-pessoal] [-auto-1-exec-10] estMatcherDelegatingAuthorizationManager : Authorizing GET /register
2026-05-20T02:03:24.123Z TRACE 37483 --- [biblioteca-pessoal] [-auto-1-exec-10] estMatcherDelegatingAuthorizationManager : Checking authorization on GET /register using org.springframework.security.authorization.SingleResultAuthorizationManager@51a8321c
2026-05-20T02:03:24.123Z DEBUG 37483 --- [biblioteca-pessoal] [-auto-1-exec-10] o.s.security.web.FilterChainProxy        : Secured GET /register
2026-05-20T02:03:24.148Z TRACE 37483 --- [biblioteca-pessoal] [-auto-1-exec-10] o.s.s.w.header.writers.HstsHeaderWriter  : Not injecting HSTS header since it did not match request to [Is Secure]
2026-05-20T02:03:24.182Z TRACE 37483 --- [biblioteca-pessoal] [o-auto-1-exec-1] o.s.security.web.FilterChainProxy        : Trying to match request against DefaultSecurityFilterChain defined as 'securityFilterChain' in [class path resource [br/edu/qualidade/biblioteca/security/SecurityConfig.class]] matching [any request] and having filters [DisableEncodeUrl, WebAsyncManagerIntegration, SecurityContextHolder, HeaderWriter, Csrf, Logout, UsernamePasswordAuthentication, ConcurrentSession, RequestCacheAware, SecurityContextHolderAwareRequest, AnonymousAuthentication, SessionManagement, ExceptionTranslation, Authorization] (1/1)
2026-05-20T02:03:24.183Z DEBUG 37483 --- [biblioteca-pessoal] [o-auto-1-exec-1] o.s.security.web.FilterChainProxy        : Securing POST /register
2026-05-20T02:03:24.183Z TRACE 37483 --- [biblioteca-pessoal] [o-auto-1-exec-1] o.s.security.web.FilterChainProxy        : Invoking DisableEncodeUrlFilter (1/14)
2026-05-20T02:03:24.183Z TRACE 37483 --- [biblioteca-pessoal] [o-auto-1-exec-1] o.s.security.web.FilterChainProxy        : Invoking WebAsyncManagerIntegrationFilter (2/14)
2026-05-20T02:03:24.183Z TRACE 37483 --- [biblioteca-pessoal] [o-auto-1-exec-1] o.s.security.web.FilterChainProxy        : Invoking SecurityContextHolderFilter (3/14)
2026-05-20T02:03:24.183Z TRACE 37483 --- [biblioteca-pessoal] [o-auto-1-exec-1] o.s.security.web.FilterChainProxy        : Invoking HeaderWriterFilter (4/14)
2026-05-20T02:03:24.184Z TRACE 37483 --- [biblioteca-pessoal] [o-auto-1-exec-1] o.s.security.web.FilterChainProxy        : Invoking CsrfFilter (5/14)
2026-05-20T02:03:24.184Z TRACE 37483 --- [biblioteca-pessoal] [o-auto-1-exec-1] s.s.w.c.CsrfTokenRequestAttributeHandler : Wrote a CSRF token to the following request attributes: [_csrf, org.springframework.security.web.csrf.CsrfToken]
2026-05-20T02:03:24.184Z TRACE 37483 --- [biblioteca-pessoal] [o-auto-1-exec-1] o.s.s.web.csrf.CsrfTokenRequestHandler   : Did not find a CSRF token in the [X-XSRF-TOKEN] request header
2026-05-20T02:03:24.184Z TRACE 37483 --- [biblioteca-pessoal] [o-auto-1-exec-1] o.s.security.web.csrf.CsrfFilter         : Found a CSRF token in the request
2026-05-20T02:03:24.184Z TRACE 37483 --- [biblioteca-pessoal] [o-auto-1-exec-1] o.s.security.web.FilterChainProxy        : Invoking LogoutFilter (6/14)
2026-05-20T02:03:24.184Z TRACE 37483 --- [biblioteca-pessoal] [o-auto-1-exec-1] o.s.s.w.a.logout.LogoutFilter            : Did not match request to Ant [pattern='/logout', POST]
2026-05-20T02:03:24.184Z TRACE 37483 --- [biblioteca-pessoal] [o-auto-1-exec-1] o.s.security.web.FilterChainProxy        : Invoking UsernamePasswordAuthenticationFilter (7/14)
2026-05-20T02:03:24.184Z TRACE 37483 --- [biblioteca-pessoal] [o-auto-1-exec-1] w.a.UsernamePasswordAuthenticationFilter : Did not match request to Ant [pattern='/login', POST]
2026-05-20T02:03:24.184Z TRACE 37483 --- [biblioteca-pessoal] [o-auto-1-exec-1] o.s.security.web.FilterChainProxy        : Invoking ConcurrentSessionFilter (8/14)
2026-05-20T02:03:24.184Z TRACE 37483 --- [biblioteca-pessoal] [o-auto-1-exec-1] o.s.security.web.FilterChainProxy        : Invoking RequestCacheAwareFilter (9/14)
2026-05-20T02:03:24.184Z TRACE 37483 --- [biblioteca-pessoal] [o-auto-1-exec-1] o.s.s.w.s.HttpSessionRequestCache        : matchingRequestParameterName is required for getMatchingRequest to lookup a value, but not provided
2026-05-20T02:03:24.184Z TRACE 37483 --- [biblioteca-pessoal] [o-auto-1-exec-1] o.s.security.web.FilterChainProxy        : Invoking SecurityContextHolderAwareRequestFilter (10/14)
2026-05-20T02:03:24.184Z TRACE 37483 --- [biblioteca-pessoal] [o-auto-1-exec-1] o.s.security.web.FilterChainProxy        : Invoking AnonymousAuthenticationFilter (11/14)
2026-05-20T02:03:24.184Z TRACE 37483 --- [biblioteca-pessoal] [o-auto-1-exec-1] o.s.security.web.FilterChainProxy        : Invoking SessionManagementFilter (12/14)
2026-05-20T02:03:24.185Z TRACE 37483 --- [biblioteca-pessoal] [o-auto-1-exec-1] w.c.HttpSessionSecurityContextRepository : No HttpSession currently exists
2026-05-20T02:03:24.185Z TRACE 37483 --- [biblioteca-pessoal] [o-auto-1-exec-1] .s.s.w.c.SupplierDeferredSecurityContext : Created SecurityContextImpl [Null authentication]
2026-05-20T02:03:24.185Z TRACE 37483 --- [biblioteca-pessoal] [o-auto-1-exec-1] .s.s.w.c.SupplierDeferredSecurityContext : Created SecurityContextImpl [Null authentication]
2026-05-20T02:03:24.185Z TRACE 37483 --- [biblioteca-pessoal] [o-auto-1-exec-1] o.s.s.w.a.AnonymousAuthenticationFilter  : Set SecurityContextHolder to AnonymousAuthenticationToken [Principal=anonymousUser, Credentials=[PROTECTED], Authenticated=true, Details=WebAuthenticationDetails [RemoteIpAddress=127.0.0.1, SessionId=null], Granted Authorities=[ROLE_ANONYMOUS]]
2026-05-20T02:03:24.185Z TRACE 37483 --- [biblioteca-pessoal] [o-auto-1-exec-1] o.s.security.web.FilterChainProxy        : Invoking ExceptionTranslationFilter (13/14)
2026-05-20T02:03:24.185Z TRACE 37483 --- [biblioteca-pessoal] [o-auto-1-exec-1] o.s.security.web.FilterChainProxy        : Invoking AuthorizationFilter (14/14)
2026-05-20T02:03:24.185Z TRACE 37483 --- [biblioteca-pessoal] [o-auto-1-exec-1] estMatcherDelegatingAuthorizationManager : Authorizing POST /register
2026-05-20T02:03:24.185Z TRACE 37483 --- [biblioteca-pessoal] [o-auto-1-exec-1] estMatcherDelegatingAuthorizationManager : Checking authorization on POST /register using org.springframework.security.authorization.SingleResultAuthorizationManager@51a8321c
2026-05-20T02:03:24.186Z DEBUG 37483 --- [biblioteca-pessoal] [o-auto-1-exec-1] o.s.security.web.FilterChainProxy        : Secured POST /register
2026-05-20T02:03:24.525Z TRACE 37483 --- [biblioteca-pessoal] [o-auto-1-exec-1] o.s.s.w.header.writers.HstsHeaderWriter  : Not injecting HSTS header since it did not match request to [Is Secure]
2026-05-20T02:03:24.541Z TRACE 37483 --- [biblioteca-pessoal] [o-auto-1-exec-2] o.s.security.web.FilterChainProxy        : Trying to match request against DefaultSecurityFilterChain defined as 'securityFilterChain' in [class path resource [br/edu/qualidade/biblioteca/security/SecurityConfig.class]] matching [any request] and having filters [DisableEncodeUrl, WebAsyncManagerIntegration, SecurityContextHolder, HeaderWriter, Csrf, Logout, UsernamePasswordAuthentication, ConcurrentSession, RequestCacheAware, SecurityContextHolderAwareRequest, AnonymousAuthentication, SessionManagement, ExceptionTranslation, Authorization] (1/1)
2026-05-20T02:03:24.541Z DEBUG 37483 --- [biblioteca-pessoal] [o-auto-1-exec-2] o.s.security.web.FilterChainProxy        : Securing GET /login
2026-05-20T02:03:24.541Z TRACE 37483 --- [biblioteca-pessoal] [o-auto-1-exec-2] o.s.security.web.FilterChainProxy        : Invoking DisableEncodeUrlFilter (1/14)
2026-05-20T02:03:24.541Z TRACE 37483 --- [biblioteca-pessoal] [o-auto-1-exec-2] o.s.security.web.FilterChainProxy        : Invoking WebAsyncManagerIntegrationFilter (2/14)
2026-05-20T02:03:24.541Z TRACE 37483 --- [biblioteca-pessoal] [o-auto-1-exec-2] o.s.security.web.FilterChainProxy        : Invoking SecurityContextHolderFilter (3/14)
2026-05-20T02:03:24.541Z TRACE 37483 --- [biblioteca-pessoal] [o-auto-1-exec-2] o.s.security.web.FilterChainProxy        : Invoking HeaderWriterFilter (4/14)
2026-05-20T02:03:24.541Z TRACE 37483 --- [biblioteca-pessoal] [o-auto-1-exec-2] o.s.security.web.FilterChainProxy        : Invoking CsrfFilter (5/14)
2026-05-20T02:03:24.541Z TRACE 37483 --- [biblioteca-pessoal] [o-auto-1-exec-2] s.s.w.c.CsrfTokenRequestAttributeHandler : Wrote a CSRF token to the following request attributes: [_csrf, org.springframework.security.web.csrf.CsrfToken]
2026-05-20T02:03:24.542Z TRACE 37483 --- [biblioteca-pessoal] [o-auto-1-exec-2] o.s.security.web.csrf.CsrfFilter         : Did not protect against CSRF since request did not match CsrfNotRequired [TRACE, HEAD, GET, OPTIONS]
2026-05-20T02:03:24.542Z TRACE 37483 --- [biblioteca-pessoal] [o-auto-1-exec-2] o.s.security.web.FilterChainProxy        : Invoking LogoutFilter (6/14)
2026-05-20T02:03:24.542Z TRACE 37483 --- [biblioteca-pessoal] [o-auto-1-exec-2] o.s.s.w.a.logout.LogoutFilter            : Did not match request to Ant [pattern='/logout', POST]
2026-05-20T02:03:24.542Z TRACE 37483 --- [biblioteca-pessoal] [o-auto-1-exec-2] o.s.security.web.FilterChainProxy        : Invoking UsernamePasswordAuthenticationFilter (7/14)
2026-05-20T02:03:24.542Z TRACE 37483 --- [biblioteca-pessoal] [o-auto-1-exec-2] w.a.UsernamePasswordAuthenticationFilter : Did not match request to Ant [pattern='/login', POST]
2026-05-20T02:03:24.542Z TRACE 37483 --- [biblioteca-pessoal] [o-auto-1-exec-2] o.s.security.web.FilterChainProxy        : Invoking ConcurrentSessionFilter (8/14)
2026-05-20T02:03:24.542Z TRACE 37483 --- [biblioteca-pessoal] [o-auto-1-exec-2] o.s.security.web.FilterChainProxy        : Invoking RequestCacheAwareFilter (9/14)
2026-05-20T02:03:24.542Z TRACE 37483 --- [biblioteca-pessoal] [o-auto-1-exec-2] o.s.s.w.s.HttpSessionRequestCache        : matchingRequestParameterName is required for getMatchingRequest to lookup a value, but not provided
2026-05-20T02:03:24.542Z TRACE 37483 --- [biblioteca-pessoal] [o-auto-1-exec-2] o.s.security.web.FilterChainProxy        : Invoking SecurityContextHolderAwareRequestFilter (10/14)
2026-05-20T02:03:24.542Z TRACE 37483 --- [biblioteca-pessoal] [o-auto-1-exec-2] o.s.security.web.FilterChainProxy        : Invoking AnonymousAuthenticationFilter (11/14)
2026-05-20T02:03:24.542Z TRACE 37483 --- [biblioteca-pessoal] [o-auto-1-exec-2] o.s.security.web.FilterChainProxy        : Invoking SessionManagementFilter (12/14)
2026-05-20T02:03:24.543Z TRACE 37483 --- [biblioteca-pessoal] [o-auto-1-exec-2] w.c.HttpSessionSecurityContextRepository : Did not find SecurityContext in HttpSession 63544E1A53EFD50FE9407FFCD7321196 using the SPRING_SECURITY_CONTEXT session attribute
2026-05-20T02:03:24.543Z TRACE 37483 --- [biblioteca-pessoal] [o-auto-1-exec-2] .s.s.w.c.SupplierDeferredSecurityContext : Created SecurityContextImpl [Null authentication]
2026-05-20T02:03:24.543Z TRACE 37483 --- [biblioteca-pessoal] [o-auto-1-exec-2] .s.s.w.c.SupplierDeferredSecurityContext : Created SecurityContextImpl [Null authentication]
2026-05-20T02:03:24.543Z TRACE 37483 --- [biblioteca-pessoal] [o-auto-1-exec-2] o.s.s.w.a.AnonymousAuthenticationFilter  : Set SecurityContextHolder to AnonymousAuthenticationToken [Principal=anonymousUser, Credentials=[PROTECTED], Authenticated=true, Details=WebAuthenticationDetails [RemoteIpAddress=127.0.0.1, SessionId=63544E1A53EFD50FE9407FFCD7321196], Granted Authorities=[ROLE_ANONYMOUS]]
2026-05-20T02:03:24.543Z TRACE 37483 --- [biblioteca-pessoal] [o-auto-1-exec-2] o.s.security.web.FilterChainProxy        : Invoking ExceptionTranslationFilter (13/14)
2026-05-20T02:03:24.543Z TRACE 37483 --- [biblioteca-pessoal] [o-auto-1-exec-2] o.s.security.web.FilterChainProxy        : Invoking AuthorizationFilter (14/14)
2026-05-20T02:03:24.544Z TRACE 37483 --- [biblioteca-pessoal] [o-auto-1-exec-2] estMatcherDelegatingAuthorizationManager : Authorizing GET /login
2026-05-20T02:03:24.544Z TRACE 37483 --- [biblioteca-pessoal] [o-auto-1-exec-2] estMatcherDelegatingAuthorizationManager : Checking authorization on GET /login using org.springframework.security.authorization.SingleResultAuthorizationManager@51a8321c
2026-05-20T02:03:24.544Z DEBUG 37483 --- [biblioteca-pessoal] [o-auto-1-exec-2] o.s.security.web.FilterChainProxy        : Secured GET /login
2026-05-20T02:03:24.551Z TRACE 37483 --- [biblioteca-pessoal] [o-auto-1-exec-2] o.s.s.w.header.writers.HstsHeaderWriter  : Not injecting HSTS header since it did not match request to [Is Secure]
2026-05-20T02:03:24.580Z TRACE 37483 --- [biblioteca-pessoal] [o-auto-1-exec-3] o.s.security.web.FilterChainProxy        : Trying to match request against DefaultSecurityFilterChain defined as 'securityFilterChain' in [class path resource [br/edu/qualidade/biblioteca/security/SecurityConfig.class]] matching [any request] and having filters [DisableEncodeUrl, WebAsyncManagerIntegration, SecurityContextHolder, HeaderWriter, Csrf, Logout, UsernamePasswordAuthentication, ConcurrentSession, RequestCacheAware, SecurityContextHolderAwareRequest, AnonymousAuthentication, SessionManagement, ExceptionTranslation, Authorization] (1/1)
2026-05-20T02:03:24.580Z DEBUG 37483 --- [biblioteca-pessoal] [o-auto-1-exec-3] o.s.security.web.FilterChainProxy        : Securing POST /login
2026-05-20T02:03:24.580Z TRACE 37483 --- [biblioteca-pessoal] [o-auto-1-exec-3] o.s.security.web.FilterChainProxy        : Invoking DisableEncodeUrlFilter (1/14)
2026-05-20T02:03:24.580Z TRACE 37483 --- [biblioteca-pessoal] [o-auto-1-exec-3] o.s.security.web.FilterChainProxy        : Invoking WebAsyncManagerIntegrationFilter (2/14)
2026-05-20T02:03:24.580Z TRACE 37483 --- [biblioteca-pessoal] [o-auto-1-exec-3] o.s.security.web.FilterChainProxy        : Invoking SecurityContextHolderFilter (3/14)
2026-05-20T02:03:24.580Z TRACE 37483 --- [biblioteca-pessoal] [o-auto-1-exec-3] o.s.security.web.FilterChainProxy        : Invoking HeaderWriterFilter (4/14)
2026-05-20T02:03:24.580Z TRACE 37483 --- [biblioteca-pessoal] [o-auto-1-exec-3] o.s.security.web.FilterChainProxy        : Invoking CsrfFilter (5/14)
2026-05-20T02:03:24.580Z TRACE 37483 --- [biblioteca-pessoal] [o-auto-1-exec-3] s.s.w.c.CsrfTokenRequestAttributeHandler : Wrote a CSRF token to the following request attributes: [_csrf, org.springframework.security.web.csrf.CsrfToken]
2026-05-20T02:03:24.580Z TRACE 37483 --- [biblioteca-pessoal] [o-auto-1-exec-3] o.s.s.web.csrf.CsrfTokenRequestHandler   : Did not find a CSRF token in the [X-XSRF-TOKEN] request header
2026-05-20T02:03:24.582Z TRACE 37483 --- [biblioteca-pessoal] [o-auto-1-exec-3] o.s.security.web.csrf.CsrfFilter         : Found a CSRF token in the request
2026-05-20T02:03:24.582Z TRACE 37483 --- [biblioteca-pessoal] [o-auto-1-exec-3] o.s.security.web.FilterChainProxy        : Invoking LogoutFilter (6/14)
2026-05-20T02:03:24.582Z TRACE 37483 --- [biblioteca-pessoal] [o-auto-1-exec-3] o.s.s.w.a.logout.LogoutFilter            : Did not match request to Ant [pattern='/logout', POST]
2026-05-20T02:03:24.582Z TRACE 37483 --- [biblioteca-pessoal] [o-auto-1-exec-3] o.s.security.web.FilterChainProxy        : Invoking UsernamePasswordAuthenticationFilter (7/14)
2026-05-20T02:03:24.582Z TRACE 37483 --- [biblioteca-pessoal] [o-auto-1-exec-3] o.s.s.authentication.ProviderManager     : Authenticating request with DaoAuthenticationProvider (1/2)
2026-05-20T02:03:24.582Z DEBUG 37483 --- [biblioteca-pessoal] [o-auto-1-exec-3] b.e.q.b.s.MongoLibraryUserDetailsService : Tentando autenticar usuário. emailNormalizado='user-108ae89b-3c62-453b-b2a1-e58235d2d529@example.com'
2026-05-20T02:03:24.586Z DEBUG 37483 --- [biblioteca-pessoal] [o-auto-1-exec-3] b.e.q.b.s.MongoLibraryUserDetailsService : Usuário encontrado. id=6a0d166cbd7daa50857b1488, email=user-108ae89b-3c62-453b-b2a1-e58235d2d529@example.com, enabled=true, roles=[ROLE_USER], passwordHashLength=60, passwordHashPrefix=$2a$12$
2026-05-20T02:03:24.884Z DEBUG 37483 --- [biblioteca-pessoal] [o-auto-1-exec-3] o.s.s.a.dao.DaoAuthenticationProvider    : Authenticated user
2026-05-20T02:03:24.884Z TRACE 37483 --- [biblioteca-pessoal] [o-auto-1-exec-3] s.CompositeSessionAuthenticationStrategy : Preparing session with ConcurrentSessionControlAuthenticationStrategy (1/4)
2026-05-20T02:03:24.884Z TRACE 37483 --- [biblioteca-pessoal] [o-auto-1-exec-3] s.CompositeSessionAuthenticationStrategy : Preparing session with SessionFixationProtectionStrategy (2/4)
2026-05-20T02:03:24.884Z DEBUG 37483 --- [biblioteca-pessoal] [o-auto-1-exec-3] .w.a.s.SessionFixationProtectionStrategy : Invalidating session with Id '63544E1A53EFD50FE9407FFCD7321196' and migrating attributes.
2026-05-20T02:03:24.885Z DEBUG 37483 --- [biblioteca-pessoal] [o-auto-1-exec-3] .w.a.s.SessionFixationProtectionStrategy : Started new session: 7ABDE2AFA176308A3A4698FC27E37866
2026-05-20T02:03:24.885Z DEBUG 37483 --- [biblioteca-pessoal] [o-auto-1-exec-3] .w.a.s.SessionFixationProtectionStrategy : Changed session id from 63544E1A53EFD50FE9407FFCD7321196
2026-05-20T02:03:24.885Z TRACE 37483 --- [biblioteca-pessoal] [o-auto-1-exec-3] s.CompositeSessionAuthenticationStrategy : Preparing session with RegisterSessionAuthenticationStrategy (3/4)
2026-05-20T02:03:24.885Z DEBUG 37483 --- [biblioteca-pessoal] [o-auto-1-exec-3] o.s.s.core.session.SessionRegistryImpl   : Registering session 7ABDE2AFA176308A3A4698FC27E37866, for principal org.springframework.security.core.userdetails.User [Username=user-108ae89b-3c62-453b-b2a1-e58235d2d529@example.com, Password=[PROTECTED], Enabled=true, AccountNonExpired=true, CredentialsNonExpired=true, AccountNonLocked=true, Granted Authorities=[ROLE_USER]]
2026-05-20T02:03:24.885Z TRACE 37483 --- [biblioteca-pessoal] [o-auto-1-exec-3] o.s.s.core.session.SessionRegistryImpl   : Sessions used by 'org.springframework.security.core.userdetails.User [Username=user-108ae89b-3c62-453b-b2a1-e58235d2d529@example.com, Password=[PROTECTED], Enabled=true, AccountNonExpired=true, CredentialsNonExpired=true, AccountNonLocked=true, Granted Authorities=[ROLE_USER]]' : [7ABDE2AFA176308A3A4698FC27E37866]
2026-05-20T02:03:24.885Z TRACE 37483 --- [biblioteca-pessoal] [o-auto-1-exec-3] s.CompositeSessionAuthenticationStrategy : Preparing session with CsrfAuthenticationStrategy (4/4)
2026-05-20T02:03:24.885Z TRACE 37483 --- [biblioteca-pessoal] [o-auto-1-exec-3] s.s.w.c.CsrfTokenRequestAttributeHandler : Wrote a CSRF token to the following request attributes: [_csrf, org.springframework.security.web.csrf.CsrfToken]
2026-05-20T02:03:24.885Z DEBUG 37483 --- [biblioteca-pessoal] [o-auto-1-exec-3] o.s.s.w.csrf.CsrfAuthenticationStrategy  : Replaced CSRF Token
2026-05-20T02:03:24.885Z DEBUG 37483 --- [biblioteca-pessoal] [o-auto-1-exec-3] w.c.HttpSessionSecurityContextRepository : Stored SecurityContextImpl [Authentication=UsernamePasswordAuthenticationToken [Principal=org.springframework.security.core.userdetails.User [Username=user-108ae89b-3c62-453b-b2a1-e58235d2d529@example.com, Password=[PROTECTED], Enabled=true, AccountNonExpired=true, CredentialsNonExpired=true, AccountNonLocked=true, Granted Authorities=[ROLE_USER]], Credentials=[PROTECTED], Authenticated=true, Details=WebAuthenticationDetails [RemoteIpAddress=127.0.0.1, SessionId=63544E1A53EFD50FE9407FFCD7321196], Granted Authorities=[ROLE_USER]]] to HttpSession [org.apache.catalina.session.StandardSessionFacade@579d6475]
2026-05-20T02:03:24.885Z DEBUG 37483 --- [biblioteca-pessoal] [o-auto-1-exec-3] w.a.UsernamePasswordAuthenticationFilter : Set SecurityContextHolder to UsernamePasswordAuthenticationToken [Principal=org.springframework.security.core.userdetails.User [Username=user-108ae89b-3c62-453b-b2a1-e58235d2d529@example.com, Password=[PROTECTED], Enabled=true, AccountNonExpired=true, CredentialsNonExpired=true, AccountNonLocked=true, Granted Authorities=[ROLE_USER]], Credentials=[PROTECTED], Authenticated=true, Details=WebAuthenticationDetails [RemoteIpAddress=127.0.0.1, SessionId=63544E1A53EFD50FE9407FFCD7321196], Granted Authorities=[ROLE_USER]]
2026-05-20T02:03:24.885Z  INFO 37483 --- [biblioteca-pessoal] [o-auto-1-exec-3] b.e.q.b.security.SecurityConfig          : Login realizado com sucesso para username=user-108ae89b-3c62-453b-b2a1-e58235d2d529@example.com
2026-05-20T02:03:24.886Z TRACE 37483 --- [biblioteca-pessoal] [o-auto-1-exec-3] o.s.s.w.header.writers.HstsHeaderWriter  : Not injecting HSTS header since it did not match request to [Is Secure]
2026-05-20T02:03:24.900Z TRACE 37483 --- [biblioteca-pessoal] [o-auto-1-exec-4] o.s.security.web.FilterChainProxy        : Trying to match request against DefaultSecurityFilterChain defined as 'securityFilterChain' in [class path resource [br/edu/qualidade/biblioteca/security/SecurityConfig.class]] matching [any request] and having filters [DisableEncodeUrl, WebAsyncManagerIntegration, SecurityContextHolder, HeaderWriter, Csrf, Logout, UsernamePasswordAuthentication, ConcurrentSession, RequestCacheAware, SecurityContextHolderAwareRequest, AnonymousAuthentication, SessionManagement, ExceptionTranslation, Authorization] (1/1)
2026-05-20T02:03:24.900Z DEBUG 37483 --- [biblioteca-pessoal] [o-auto-1-exec-4] o.s.security.web.FilterChainProxy        : Securing GET /books/new
2026-05-20T02:03:24.900Z TRACE 37483 --- [biblioteca-pessoal] [o-auto-1-exec-4] o.s.security.web.FilterChainProxy        : Invoking DisableEncodeUrlFilter (1/14)
2026-05-20T02:03:24.902Z TRACE 37483 --- [biblioteca-pessoal] [o-auto-1-exec-4] o.s.security.web.FilterChainProxy        : Invoking WebAsyncManagerIntegrationFilter (2/14)
2026-05-20T02:03:24.902Z TRACE 37483 --- [biblioteca-pessoal] [o-auto-1-exec-4] o.s.security.web.FilterChainProxy        : Invoking SecurityContextHolderFilter (3/14)
2026-05-20T02:03:24.902Z TRACE 37483 --- [biblioteca-pessoal] [o-auto-1-exec-4] o.s.security.web.FilterChainProxy        : Invoking HeaderWriterFilter (4/14)
2026-05-20T02:03:24.902Z TRACE 37483 --- [biblioteca-pessoal] [o-auto-1-exec-4] o.s.security.web.FilterChainProxy        : Invoking CsrfFilter (5/14)
2026-05-20T02:03:24.903Z TRACE 37483 --- [biblioteca-pessoal] [o-auto-1-exec-4] s.s.w.c.CsrfTokenRequestAttributeHandler : Wrote a CSRF token to the following request attributes: [_csrf, org.springframework.security.web.csrf.CsrfToken]
2026-05-20T02:03:24.903Z TRACE 37483 --- [biblioteca-pessoal] [o-auto-1-exec-4] o.s.security.web.csrf.CsrfFilter         : Did not protect against CSRF since request did not match CsrfNotRequired [TRACE, HEAD, GET, OPTIONS]
2026-05-20T02:03:24.903Z TRACE 37483 --- [biblioteca-pessoal] [o-auto-1-exec-4] o.s.security.web.FilterChainProxy        : Invoking LogoutFilter (6/14)
2026-05-20T02:03:24.903Z TRACE 37483 --- [biblioteca-pessoal] [o-auto-1-exec-4] o.s.s.w.a.logout.LogoutFilter            : Did not match request to Ant [pattern='/logout', POST]
2026-05-20T02:03:24.903Z TRACE 37483 --- [biblioteca-pessoal] [o-auto-1-exec-4] o.s.security.web.FilterChainProxy        : Invoking UsernamePasswordAuthenticationFilter (7/14)
2026-05-20T02:03:24.903Z TRACE 37483 --- [biblioteca-pessoal] [o-auto-1-exec-4] w.a.UsernamePasswordAuthenticationFilter : Did not match request to Ant [pattern='/login', POST]
2026-05-20T02:03:24.903Z TRACE 37483 --- [biblioteca-pessoal] [o-auto-1-exec-4] o.s.security.web.FilterChainProxy        : Invoking ConcurrentSessionFilter (8/14)
2026-05-20T02:03:24.903Z TRACE 37483 --- [biblioteca-pessoal] [o-auto-1-exec-4] o.s.security.web.FilterChainProxy        : Invoking RequestCacheAwareFilter (9/14)
2026-05-20T02:03:24.903Z TRACE 37483 --- [biblioteca-pessoal] [o-auto-1-exec-4] o.s.s.w.s.HttpSessionRequestCache        : matchingRequestParameterName is required for getMatchingRequest to lookup a value, but not provided
2026-05-20T02:03:24.903Z TRACE 37483 --- [biblioteca-pessoal] [o-auto-1-exec-4] o.s.security.web.FilterChainProxy        : Invoking SecurityContextHolderAwareRequestFilter (10/14)
2026-05-20T02:03:24.903Z TRACE 37483 --- [biblioteca-pessoal] [o-auto-1-exec-4] o.s.security.web.FilterChainProxy        : Invoking AnonymousAuthenticationFilter (11/14)
2026-05-20T02:03:24.903Z TRACE 37483 --- [biblioteca-pessoal] [o-auto-1-exec-4] o.s.security.web.FilterChainProxy        : Invoking SessionManagementFilter (12/14)
2026-05-20T02:03:24.903Z TRACE 37483 --- [biblioteca-pessoal] [o-auto-1-exec-4] o.s.security.web.FilterChainProxy        : Invoking ExceptionTranslationFilter (13/14)
2026-05-20T02:03:24.903Z TRACE 37483 --- [biblioteca-pessoal] [o-auto-1-exec-4] o.s.security.web.FilterChainProxy        : Invoking AuthorizationFilter (14/14)
2026-05-20T02:03:24.903Z TRACE 37483 --- [biblioteca-pessoal] [o-auto-1-exec-4] estMatcherDelegatingAuthorizationManager : Authorizing GET /books/new
2026-05-20T02:03:24.904Z TRACE 37483 --- [biblioteca-pessoal] [o-auto-1-exec-4] estMatcherDelegatingAuthorizationManager : Checking authorization on GET /books/new using AuthorityAuthorizationManager[authorities=[ROLE_USER]]
2026-05-20T02:03:24.904Z TRACE 37483 --- [biblioteca-pessoal] [o-auto-1-exec-4] w.c.HttpSessionSecurityContextRepository : Retrieved SecurityContextImpl [Authentication=UsernamePasswordAuthenticationToken [Principal=org.springframework.security.core.userdetails.User [Username=user-108ae89b-3c62-453b-b2a1-e58235d2d529@example.com, Password=[PROTECTED], Enabled=true, AccountNonExpired=true, CredentialsNonExpired=true, AccountNonLocked=true, Granted Authorities=[ROLE_USER]], Credentials=[PROTECTED], Authenticated=true, Details=WebAuthenticationDetails [RemoteIpAddress=127.0.0.1, SessionId=63544E1A53EFD50FE9407FFCD7321196], Granted Authorities=[ROLE_USER]]] from SPRING_SECURITY_CONTEXT
2026-05-20T02:03:24.904Z TRACE 37483 --- [biblioteca-pessoal] [o-auto-1-exec-4] o.s.s.w.a.AnonymousAuthenticationFilter  : Did not set SecurityContextHolder since already authenticated UsernamePasswordAuthenticationToken [Principal=org.springframework.security.core.userdetails.User [Username=user-108ae89b-3c62-453b-b2a1-e58235d2d529@example.com, Password=[PROTECTED], Enabled=true, AccountNonExpired=true, CredentialsNonExpired=true, AccountNonLocked=true, Granted Authorities=[ROLE_USER]], Credentials=[PROTECTED], Authenticated=true, Details=WebAuthenticationDetails [RemoteIpAddress=127.0.0.1, SessionId=63544E1A53EFD50FE9407FFCD7321196], Granted Authorities=[ROLE_USER]]
2026-05-20T02:03:24.904Z DEBUG 37483 --- [biblioteca-pessoal] [o-auto-1-exec-4] o.s.security.web.FilterChainProxy        : Secured GET /books/new
2026-05-20T02:03:24.939Z TRACE 37483 --- [biblioteca-pessoal] [o-auto-1-exec-4] o.s.s.w.header.writers.HstsHeaderWriter  : Not injecting HSTS header since it did not match request to [Is Secure]
2026-05-20T02:03:24.973Z TRACE 37483 --- [biblioteca-pessoal] [o-auto-1-exec-5] o.s.security.web.FilterChainProxy        : Trying to match request against DefaultSecurityFilterChain defined as 'securityFilterChain' in [class path resource [br/edu/qualidade/biblioteca/security/SecurityConfig.class]] matching [any request] and having filters [DisableEncodeUrl, WebAsyncManagerIntegration, SecurityContextHolder, HeaderWriter, Csrf, Logout, UsernamePasswordAuthentication, ConcurrentSession, RequestCacheAware, SecurityContextHolderAwareRequest, AnonymousAuthentication, SessionManagement, ExceptionTranslation, Authorization] (1/1)
2026-05-20T02:03:24.973Z DEBUG 37483 --- [biblioteca-pessoal] [o-auto-1-exec-5] o.s.security.web.FilterChainProxy        : Securing POST /books/new
2026-05-20T02:03:24.973Z TRACE 37483 --- [biblioteca-pessoal] [o-auto-1-exec-5] o.s.security.web.FilterChainProxy        : Invoking DisableEncodeUrlFilter (1/14)
2026-05-20T02:03:24.974Z TRACE 37483 --- [biblioteca-pessoal] [o-auto-1-exec-5] o.s.security.web.FilterChainProxy        : Invoking WebAsyncManagerIntegrationFilter (2/14)
2026-05-20T02:03:24.974Z TRACE 37483 --- [biblioteca-pessoal] [o-auto-1-exec-5] o.s.security.web.FilterChainProxy        : Invoking SecurityContextHolderFilter (3/14)
2026-05-20T02:03:24.975Z TRACE 37483 --- [biblioteca-pessoal] [o-auto-1-exec-5] o.s.security.web.FilterChainProxy        : Invoking HeaderWriterFilter (4/14)
2026-05-20T02:03:24.975Z TRACE 37483 --- [biblioteca-pessoal] [o-auto-1-exec-5] o.s.security.web.FilterChainProxy        : Invoking CsrfFilter (5/14)
2026-05-20T02:03:24.975Z TRACE 37483 --- [biblioteca-pessoal] [o-auto-1-exec-5] s.s.w.c.CsrfTokenRequestAttributeHandler : Wrote a CSRF token to the following request attributes: [_csrf, org.springframework.security.web.csrf.CsrfToken]
2026-05-20T02:03:24.975Z TRACE 37483 --- [biblioteca-pessoal] [o-auto-1-exec-5] o.s.s.web.csrf.CsrfTokenRequestHandler   : Did not find a CSRF token in the [X-XSRF-TOKEN] request header
2026-05-20T02:03:24.975Z TRACE 37483 --- [biblioteca-pessoal] [o-auto-1-exec-5] o.s.security.web.csrf.CsrfFilter         : Found a CSRF token in the request
2026-05-20T02:03:24.975Z TRACE 37483 --- [biblioteca-pessoal] [o-auto-1-exec-5] o.s.security.web.FilterChainProxy        : Invoking LogoutFilter (6/14)
2026-05-20T02:03:24.976Z TRACE 37483 --- [biblioteca-pessoal] [o-auto-1-exec-5] o.s.s.w.a.logout.LogoutFilter            : Did not match request to Ant [pattern='/logout', POST]
2026-05-20T02:03:24.976Z TRACE 37483 --- [biblioteca-pessoal] [o-auto-1-exec-5] o.s.security.web.FilterChainProxy        : Invoking UsernamePasswordAuthenticationFilter (7/14)
2026-05-20T02:03:24.976Z TRACE 37483 --- [biblioteca-pessoal] [o-auto-1-exec-5] w.a.UsernamePasswordAuthenticationFilter : Did not match request to Ant [pattern='/login', POST]
2026-05-20T02:03:24.976Z TRACE 37483 --- [biblioteca-pessoal] [o-auto-1-exec-5] o.s.security.web.FilterChainProxy        : Invoking ConcurrentSessionFilter (8/14)
2026-05-20T02:03:24.976Z TRACE 37483 --- [biblioteca-pessoal] [o-auto-1-exec-5] o.s.security.web.FilterChainProxy        : Invoking RequestCacheAwareFilter (9/14)
2026-05-20T02:03:24.976Z TRACE 37483 --- [biblioteca-pessoal] [o-auto-1-exec-5] o.s.s.w.s.HttpSessionRequestCache        : matchingRequestParameterName is required for getMatchingRequest to lookup a value, but not provided
2026-05-20T02:03:24.976Z TRACE 37483 --- [biblioteca-pessoal] [o-auto-1-exec-5] o.s.security.web.FilterChainProxy        : Invoking SecurityContextHolderAwareRequestFilter (10/14)
2026-05-20T02:03:24.976Z TRACE 37483 --- [biblioteca-pessoal] [o-auto-1-exec-5] o.s.security.web.FilterChainProxy        : Invoking AnonymousAuthenticationFilter (11/14)
2026-05-20T02:03:24.976Z TRACE 37483 --- [biblioteca-pessoal] [o-auto-1-exec-5] o.s.security.web.FilterChainProxy        : Invoking SessionManagementFilter (12/14)
2026-05-20T02:03:24.976Z TRACE 37483 --- [biblioteca-pessoal] [o-auto-1-exec-5] o.s.security.web.FilterChainProxy        : Invoking ExceptionTranslationFilter (13/14)
2026-05-20T02:03:24.976Z TRACE 37483 --- [biblioteca-pessoal] [o-auto-1-exec-5] o.s.security.web.FilterChainProxy        : Invoking AuthorizationFilter (14/14)
2026-05-20T02:03:24.976Z TRACE 37483 --- [biblioteca-pessoal] [o-auto-1-exec-5] estMatcherDelegatingAuthorizationManager : Authorizing POST /books/new
2026-05-20T02:03:24.976Z TRACE 37483 --- [biblioteca-pessoal] [o-auto-1-exec-5] estMatcherDelegatingAuthorizationManager : Checking authorization on POST /books/new using AuthorityAuthorizationManager[authorities=[ROLE_USER]]
2026-05-20T02:03:24.976Z TRACE 37483 --- [biblioteca-pessoal] [o-auto-1-exec-5] w.c.HttpSessionSecurityContextRepository : Retrieved SecurityContextImpl [Authentication=UsernamePasswordAuthenticationToken [Principal=org.springframework.security.core.userdetails.User [Username=user-108ae89b-3c62-453b-b2a1-e58235d2d529@example.com, Password=[PROTECTED], Enabled=true, AccountNonExpired=true, CredentialsNonExpired=true, AccountNonLocked=true, Granted Authorities=[ROLE_USER]], Credentials=[PROTECTED], Authenticated=true, Details=WebAuthenticationDetails [RemoteIpAddress=127.0.0.1, SessionId=63544E1A53EFD50FE9407FFCD7321196], Granted Authorities=[ROLE_USER]]] from SPRING_SECURITY_CONTEXT
2026-05-20T02:03:24.976Z TRACE 37483 --- [biblioteca-pessoal] [o-auto-1-exec-5] o.s.s.w.a.AnonymousAuthenticationFilter  : Did not set SecurityContextHolder since already authenticated UsernamePasswordAuthenticationToken [Principal=org.springframework.security.core.userdetails.User [Username=user-108ae89b-3c62-453b-b2a1-e58235d2d529@example.com, Password=[PROTECTED], Enabled=true, AccountNonExpired=true, CredentialsNonExpired=true, AccountNonLocked=true, Granted Authorities=[ROLE_USER]], Credentials=[PROTECTED], Authenticated=true, Details=WebAuthenticationDetails [RemoteIpAddress=127.0.0.1, SessionId=63544E1A53EFD50FE9407FFCD7321196], Granted Authorities=[ROLE_USER]]
2026-05-20T02:03:24.979Z DEBUG 37483 --- [biblioteca-pessoal] [o-auto-1-exec-5] o.s.security.web.FilterChainProxy        : Secured POST /books/new
2026-05-20T02:03:25.032Z TRACE 37483 --- [biblioteca-pessoal] [o-auto-1-exec-5] o.s.s.w.header.writers.HstsHeaderWriter  : Not injecting HSTS header since it did not match request to [Is Secure]
]]></system-out>
  </testcase>
  <testcase name="shouldRejectInvalidProgressThroughHttp" classname="br.edu.qualidade.biblioteca.web.controller.BookControllerIT" time="1.323">
    <system-out><![CDATA[2026-05-20T02:03:25.088Z TRACE 37483 --- [biblioteca-pessoal] [o-auto-1-exec-6] o.s.security.web.FilterChainProxy        : Trying to match request against DefaultSecurityFilterChain defined as 'securityFilterChain' in [class path resource [br/edu/qualidade/biblioteca/security/SecurityConfig.class]] matching [any request] and having filters [DisableEncodeUrl, WebAsyncManagerIntegration, SecurityContextHolder, HeaderWriter, Csrf, Logout, UsernamePasswordAuthentication, ConcurrentSession, RequestCacheAware, SecurityContextHolderAwareRequest, AnonymousAuthentication, SessionManagement, ExceptionTranslation, Authorization] (1/1)
2026-05-20T02:03:25.088Z DEBUG 37483 --- [biblioteca-pessoal] [o-auto-1-exec-6] o.s.security.web.FilterChainProxy        : Securing GET /register
2026-05-20T02:03:25.088Z TRACE 37483 --- [biblioteca-pessoal] [o-auto-1-exec-6] o.s.security.web.FilterChainProxy        : Invoking DisableEncodeUrlFilter (1/14)
2026-05-20T02:03:25.088Z TRACE 37483 --- [biblioteca-pessoal] [o-auto-1-exec-6] o.s.security.web.FilterChainProxy        : Invoking WebAsyncManagerIntegrationFilter (2/14)
2026-05-20T02:03:25.088Z TRACE 37483 --- [biblioteca-pessoal] [o-auto-1-exec-6] o.s.security.web.FilterChainProxy        : Invoking SecurityContextHolderFilter (3/14)
2026-05-20T02:03:25.090Z TRACE 37483 --- [biblioteca-pessoal] [o-auto-1-exec-6] o.s.security.web.FilterChainProxy        : Invoking HeaderWriterFilter (4/14)
2026-05-20T02:03:25.090Z TRACE 37483 --- [biblioteca-pessoal] [o-auto-1-exec-6] o.s.security.web.FilterChainProxy        : Invoking CsrfFilter (5/14)
2026-05-20T02:03:25.090Z TRACE 37483 --- [biblioteca-pessoal] [o-auto-1-exec-6] s.s.w.c.CsrfTokenRequestAttributeHandler : Wrote a CSRF token to the following request attributes: [_csrf, org.springframework.security.web.csrf.CsrfToken]
2026-05-20T02:03:25.090Z TRACE 37483 --- [biblioteca-pessoal] [o-auto-1-exec-6] o.s.security.web.csrf.CsrfFilter         : Did not protect against CSRF since request did not match CsrfNotRequired [TRACE, HEAD, GET, OPTIONS]
2026-05-20T02:03:25.090Z TRACE 37483 --- [biblioteca-pessoal] [o-auto-1-exec-6] o.s.security.web.FilterChainProxy        : Invoking LogoutFilter (6/14)
2026-05-20T02:03:25.090Z TRACE 37483 --- [biblioteca-pessoal] [o-auto-1-exec-6] o.s.s.w.a.logout.LogoutFilter            : Did not match request to Ant [pattern='/logout', POST]
2026-05-20T02:03:25.090Z TRACE 37483 --- [biblioteca-pessoal] [o-auto-1-exec-6] o.s.security.web.FilterChainProxy        : Invoking UsernamePasswordAuthenticationFilter (7/14)
2026-05-20T02:03:25.090Z TRACE 37483 --- [biblioteca-pessoal] [o-auto-1-exec-6] w.a.UsernamePasswordAuthenticationFilter : Did not match request to Ant [pattern='/login', POST]
2026-05-20T02:03:25.090Z TRACE 37483 --- [biblioteca-pessoal] [o-auto-1-exec-6] o.s.security.web.FilterChainProxy        : Invoking ConcurrentSessionFilter (8/14)
2026-05-20T02:03:25.091Z TRACE 37483 --- [biblioteca-pessoal] [o-auto-1-exec-6] o.s.security.web.FilterChainProxy        : Invoking RequestCacheAwareFilter (9/14)
2026-05-20T02:03:25.091Z TRACE 37483 --- [biblioteca-pessoal] [o-auto-1-exec-6] o.s.s.w.s.HttpSessionRequestCache        : matchingRequestParameterName is required for getMatchingRequest to lookup a value, but not provided
2026-05-20T02:03:25.091Z TRACE 37483 --- [biblioteca-pessoal] [o-auto-1-exec-6] o.s.security.web.FilterChainProxy        : Invoking SecurityContextHolderAwareRequestFilter (10/14)
2026-05-20T02:03:25.091Z TRACE 37483 --- [biblioteca-pessoal] [o-auto-1-exec-6] o.s.security.web.FilterChainProxy        : Invoking AnonymousAuthenticationFilter (11/14)
2026-05-20T02:03:25.091Z TRACE 37483 --- [biblioteca-pessoal] [o-auto-1-exec-6] o.s.security.web.FilterChainProxy        : Invoking SessionManagementFilter (12/14)
2026-05-20T02:03:25.091Z TRACE 37483 --- [biblioteca-pessoal] [o-auto-1-exec-6] w.c.HttpSessionSecurityContextRepository : No HttpSession currently exists
2026-05-20T02:03:25.091Z TRACE 37483 --- [biblioteca-pessoal] [o-auto-1-exec-6] .s.s.w.c.SupplierDeferredSecurityContext : Created SecurityContextImpl [Null authentication]
2026-05-20T02:03:25.091Z TRACE 37483 --- [biblioteca-pessoal] [o-auto-1-exec-6] .s.s.w.c.SupplierDeferredSecurityContext : Created SecurityContextImpl [Null authentication]
2026-05-20T02:03:25.091Z TRACE 37483 --- [biblioteca-pessoal] [o-auto-1-exec-6] o.s.s.w.a.AnonymousAuthenticationFilter  : Set SecurityContextHolder to AnonymousAuthenticationToken [Principal=anonymousUser, Credentials=[PROTECTED], Authenticated=true, Details=WebAuthenticationDetails [RemoteIpAddress=127.0.0.1, SessionId=null], Granted Authorities=[ROLE_ANONYMOUS]]
2026-05-20T02:03:25.091Z TRACE 37483 --- [biblioteca-pessoal] [o-auto-1-exec-6] o.s.security.web.FilterChainProxy        : Invoking ExceptionTranslationFilter (13/14)
2026-05-20T02:03:25.091Z TRACE 37483 --- [biblioteca-pessoal] [o-auto-1-exec-6] o.s.security.web.FilterChainProxy        : Invoking AuthorizationFilter (14/14)
2026-05-20T02:03:25.091Z TRACE 37483 --- [biblioteca-pessoal] [o-auto-1-exec-6] estMatcherDelegatingAuthorizationManager : Authorizing GET /register
2026-05-20T02:03:25.092Z TRACE 37483 --- [biblioteca-pessoal] [o-auto-1-exec-6] estMatcherDelegatingAuthorizationManager : Checking authorization on GET /register using org.springframework.security.authorization.SingleResultAuthorizationManager@51a8321c
2026-05-20T02:03:25.093Z DEBUG 37483 --- [biblioteca-pessoal] [o-auto-1-exec-6] o.s.security.web.FilterChainProxy        : Secured GET /register
2026-05-20T02:03:25.106Z TRACE 37483 --- [biblioteca-pessoal] [o-auto-1-exec-6] o.s.s.w.header.writers.HstsHeaderWriter  : Not injecting HSTS header since it did not match request to [Is Secure]
2026-05-20T02:03:25.142Z TRACE 37483 --- [biblioteca-pessoal] [o-auto-1-exec-7] o.s.security.web.FilterChainProxy        : Trying to match request against DefaultSecurityFilterChain defined as 'securityFilterChain' in [class path resource [br/edu/qualidade/biblioteca/security/SecurityConfig.class]] matching [any request] and having filters [DisableEncodeUrl, WebAsyncManagerIntegration, SecurityContextHolder, HeaderWriter, Csrf, Logout, UsernamePasswordAuthentication, ConcurrentSession, RequestCacheAware, SecurityContextHolderAwareRequest, AnonymousAuthentication, SessionManagement, ExceptionTranslation, Authorization] (1/1)
2026-05-20T02:03:25.143Z DEBUG 37483 --- [biblioteca-pessoal] [o-auto-1-exec-7] o.s.security.web.FilterChainProxy        : Securing POST /register
2026-05-20T02:03:25.143Z TRACE 37483 --- [biblioteca-pessoal] [o-auto-1-exec-7] o.s.security.web.FilterChainProxy        : Invoking DisableEncodeUrlFilter (1/14)
2026-05-20T02:03:25.143Z TRACE 37483 --- [biblioteca-pessoal] [o-auto-1-exec-7] o.s.security.web.FilterChainProxy        : Invoking WebAsyncManagerIntegrationFilter (2/14)
2026-05-20T02:03:25.143Z TRACE 37483 --- [biblioteca-pessoal] [o-auto-1-exec-7] o.s.security.web.FilterChainProxy        : Invoking SecurityContextHolderFilter (3/14)
2026-05-20T02:03:25.143Z TRACE 37483 --- [biblioteca-pessoal] [o-auto-1-exec-7] o.s.security.web.FilterChainProxy        : Invoking HeaderWriterFilter (4/14)
2026-05-20T02:03:25.143Z TRACE 37483 --- [biblioteca-pessoal] [o-auto-1-exec-7] o.s.security.web.FilterChainProxy        : Invoking CsrfFilter (5/14)
2026-05-20T02:03:25.143Z TRACE 37483 --- [biblioteca-pessoal] [o-auto-1-exec-7] s.s.w.c.CsrfTokenRequestAttributeHandler : Wrote a CSRF token to the following request attributes: [_csrf, org.springframework.security.web.csrf.CsrfToken]
2026-05-20T02:03:25.143Z TRACE 37483 --- [biblioteca-pessoal] [o-auto-1-exec-7] o.s.s.web.csrf.CsrfTokenRequestHandler   : Did not find a CSRF token in the [X-XSRF-TOKEN] request header
2026-05-20T02:03:25.143Z TRACE 37483 --- [biblioteca-pessoal] [o-auto-1-exec-7] o.s.security.web.csrf.CsrfFilter         : Found a CSRF token in the request
2026-05-20T02:03:25.143Z TRACE 37483 --- [biblioteca-pessoal] [o-auto-1-exec-7] o.s.security.web.FilterChainProxy        : Invoking LogoutFilter (6/14)
2026-05-20T02:03:25.144Z TRACE 37483 --- [biblioteca-pessoal] [o-auto-1-exec-7] o.s.s.w.a.logout.LogoutFilter            : Did not match request to Ant [pattern='/logout', POST]
2026-05-20T02:03:25.146Z TRACE 37483 --- [biblioteca-pessoal] [o-auto-1-exec-7] o.s.security.web.FilterChainProxy        : Invoking UsernamePasswordAuthenticationFilter (7/14)
2026-05-20T02:03:25.146Z TRACE 37483 --- [biblioteca-pessoal] [o-auto-1-exec-7] w.a.UsernamePasswordAuthenticationFilter : Did not match request to Ant [pattern='/login', POST]
2026-05-20T02:03:25.146Z TRACE 37483 --- [biblioteca-pessoal] [o-auto-1-exec-7] o.s.security.web.FilterChainProxy        : Invoking ConcurrentSessionFilter (8/14)
2026-05-20T02:03:25.146Z TRACE 37483 --- [biblioteca-pessoal] [o-auto-1-exec-7] o.s.security.web.FilterChainProxy        : Invoking RequestCacheAwareFilter (9/14)
2026-05-20T02:03:25.146Z TRACE 37483 --- [biblioteca-pessoal] [o-auto-1-exec-7] o.s.s.w.s.HttpSessionRequestCache        : matchingRequestParameterName is required for getMatchingRequest to lookup a value, but not provided
2026-05-20T02:03:25.146Z TRACE 37483 --- [biblioteca-pessoal] [o-auto-1-exec-7] o.s.security.web.FilterChainProxy        : Invoking SecurityContextHolderAwareRequestFilter (10/14)
2026-05-20T02:03:25.146Z TRACE 37483 --- [biblioteca-pessoal] [o-auto-1-exec-7] o.s.security.web.FilterChainProxy        : Invoking AnonymousAuthenticationFilter (11/14)
2026-05-20T02:03:25.146Z TRACE 37483 --- [biblioteca-pessoal] [o-auto-1-exec-7] o.s.security.web.FilterChainProxy        : Invoking SessionManagementFilter (12/14)
2026-05-20T02:03:25.146Z TRACE 37483 --- [biblioteca-pessoal] [o-auto-1-exec-7] w.c.HttpSessionSecurityContextRepository : No HttpSession currently exists
2026-05-20T02:03:25.146Z TRACE 37483 --- [biblioteca-pessoal] [o-auto-1-exec-7] .s.s.w.c.SupplierDeferredSecurityContext : Created SecurityContextImpl [Null authentication]
2026-05-20T02:03:25.146Z TRACE 37483 --- [biblioteca-pessoal] [o-auto-1-exec-7] .s.s.w.c.SupplierDeferredSecurityContext : Created SecurityContextImpl [Null authentication]
2026-05-20T02:03:25.146Z TRACE 37483 --- [biblioteca-pessoal] [o-auto-1-exec-7] o.s.s.w.a.AnonymousAuthenticationFilter  : Set SecurityContextHolder to AnonymousAuthenticationToken [Principal=anonymousUser, Credentials=[PROTECTED], Authenticated=true, Details=WebAuthenticationDetails [RemoteIpAddress=127.0.0.1, SessionId=null], Granted Authorities=[ROLE_ANONYMOUS]]
2026-05-20T02:03:25.146Z TRACE 37483 --- [biblioteca-pessoal] [o-auto-1-exec-7] o.s.security.web.FilterChainProxy        : Invoking ExceptionTranslationFilter (13/14)
2026-05-20T02:03:25.146Z TRACE 37483 --- [biblioteca-pessoal] [o-auto-1-exec-7] o.s.security.web.FilterChainProxy        : Invoking AuthorizationFilter (14/14)
2026-05-20T02:03:25.146Z TRACE 37483 --- [biblioteca-pessoal] [o-auto-1-exec-7] estMatcherDelegatingAuthorizationManager : Authorizing POST /register
2026-05-20T02:03:25.146Z TRACE 37483 --- [biblioteca-pessoal] [o-auto-1-exec-7] estMatcherDelegatingAuthorizationManager : Checking authorization on POST /register using org.springframework.security.authorization.SingleResultAuthorizationManager@51a8321c
2026-05-20T02:03:25.147Z DEBUG 37483 --- [biblioteca-pessoal] [o-auto-1-exec-7] o.s.security.web.FilterChainProxy        : Secured POST /register
2026-05-20T02:03:25.464Z TRACE 37483 --- [biblioteca-pessoal] [o-auto-1-exec-7] o.s.s.w.header.writers.HstsHeaderWriter  : Not injecting HSTS header since it did not match request to [Is Secure]
2026-05-20T02:03:25.477Z TRACE 37483 --- [biblioteca-pessoal] [o-auto-1-exec-8] o.s.security.web.FilterChainProxy        : Trying to match request against DefaultSecurityFilterChain defined as 'securityFilterChain' in [class path resource [br/edu/qualidade/biblioteca/security/SecurityConfig.class]] matching [any request] and having filters [DisableEncodeUrl, WebAsyncManagerIntegration, SecurityContextHolder, HeaderWriter, Csrf, Logout, UsernamePasswordAuthentication, ConcurrentSession, RequestCacheAware, SecurityContextHolderAwareRequest, AnonymousAuthentication, SessionManagement, ExceptionTranslation, Authorization] (1/1)
2026-05-20T02:03:25.477Z DEBUG 37483 --- [biblioteca-pessoal] [o-auto-1-exec-8] o.s.security.web.FilterChainProxy        : Securing GET /login
2026-05-20T02:03:25.477Z TRACE 37483 --- [biblioteca-pessoal] [o-auto-1-exec-8] o.s.security.web.FilterChainProxy        : Invoking DisableEncodeUrlFilter (1/14)
2026-05-20T02:03:25.478Z TRACE 37483 --- [biblioteca-pessoal] [o-auto-1-exec-8] o.s.security.web.FilterChainProxy        : Invoking WebAsyncManagerIntegrationFilter (2/14)
2026-05-20T02:03:25.478Z TRACE 37483 --- [biblioteca-pessoal] [o-auto-1-exec-8] o.s.security.web.FilterChainProxy        : Invoking SecurityContextHolderFilter (3/14)
2026-05-20T02:03:25.478Z TRACE 37483 --- [biblioteca-pessoal] [o-auto-1-exec-8] o.s.security.web.FilterChainProxy        : Invoking HeaderWriterFilter (4/14)
2026-05-20T02:03:25.478Z TRACE 37483 --- [biblioteca-pessoal] [o-auto-1-exec-8] o.s.security.web.FilterChainProxy        : Invoking CsrfFilter (5/14)
2026-05-20T02:03:25.478Z TRACE 37483 --- [biblioteca-pessoal] [o-auto-1-exec-8] s.s.w.c.CsrfTokenRequestAttributeHandler : Wrote a CSRF token to the following request attributes: [_csrf, org.springframework.security.web.csrf.CsrfToken]
2026-05-20T02:03:25.478Z TRACE 37483 --- [biblioteca-pessoal] [o-auto-1-exec-8] o.s.security.web.csrf.CsrfFilter         : Did not protect against CSRF since request did not match CsrfNotRequired [TRACE, HEAD, GET, OPTIONS]
2026-05-20T02:03:25.478Z TRACE 37483 --- [biblioteca-pessoal] [o-auto-1-exec-8] o.s.security.web.FilterChainProxy        : Invoking LogoutFilter (6/14)
2026-05-20T02:03:25.478Z TRACE 37483 --- [biblioteca-pessoal] [o-auto-1-exec-8] o.s.s.w.a.logout.LogoutFilter            : Did not match request to Ant [pattern='/logout', POST]
2026-05-20T02:03:25.478Z TRACE 37483 --- [biblioteca-pessoal] [o-auto-1-exec-8] o.s.security.web.FilterChainProxy        : Invoking UsernamePasswordAuthenticationFilter (7/14)
2026-05-20T02:03:25.479Z TRACE 37483 --- [biblioteca-pessoal] [o-auto-1-exec-8] w.a.UsernamePasswordAuthenticationFilter : Did not match request to Ant [pattern='/login', POST]
2026-05-20T02:03:25.479Z TRACE 37483 --- [biblioteca-pessoal] [o-auto-1-exec-8] o.s.security.web.FilterChainProxy        : Invoking ConcurrentSessionFilter (8/14)
2026-05-20T02:03:25.479Z TRACE 37483 --- [biblioteca-pessoal] [o-auto-1-exec-8] o.s.security.web.FilterChainProxy        : Invoking RequestCacheAwareFilter (9/14)
2026-05-20T02:03:25.479Z TRACE 37483 --- [biblioteca-pessoal] [o-auto-1-exec-8] o.s.s.w.s.HttpSessionRequestCache        : matchingRequestParameterName is required for getMatchingRequest to lookup a value, but not provided
2026-05-20T02:03:25.479Z TRACE 37483 --- [biblioteca-pessoal] [o-auto-1-exec-8] o.s.security.web.FilterChainProxy        : Invoking SecurityContextHolderAwareRequestFilter (10/14)
2026-05-20T02:03:25.479Z TRACE 37483 --- [biblioteca-pessoal] [o-auto-1-exec-8] o.s.security.web.FilterChainProxy        : Invoking AnonymousAuthenticationFilter (11/14)
2026-05-20T02:03:25.479Z TRACE 37483 --- [biblioteca-pessoal] [o-auto-1-exec-8] o.s.security.web.FilterChainProxy        : Invoking SessionManagementFilter (12/14)
2026-05-20T02:03:25.479Z TRACE 37483 --- [biblioteca-pessoal] [o-auto-1-exec-8] w.c.HttpSessionSecurityContextRepository : Did not find SecurityContext in HttpSession 02DE49437A79889B2A35FA842045ABEC using the SPRING_SECURITY_CONTEXT session attribute
2026-05-20T02:03:25.479Z TRACE 37483 --- [biblioteca-pessoal] [o-auto-1-exec-8] .s.s.w.c.SupplierDeferredSecurityContext : Created SecurityContextImpl [Null authentication]
2026-05-20T02:03:25.479Z TRACE 37483 --- [biblioteca-pessoal] [o-auto-1-exec-8] .s.s.w.c.SupplierDeferredSecurityContext : Created SecurityContextImpl [Null authentication]
2026-05-20T02:03:25.479Z TRACE 37483 --- [biblioteca-pessoal] [o-auto-1-exec-8] o.s.s.w.a.AnonymousAuthenticationFilter  : Set SecurityContextHolder to AnonymousAuthenticationToken [Principal=anonymousUser, Credentials=[PROTECTED], Authenticated=true, Details=WebAuthenticationDetails [RemoteIpAddress=127.0.0.1, SessionId=02DE49437A79889B2A35FA842045ABEC], Granted Authorities=[ROLE_ANONYMOUS]]
2026-05-20T02:03:25.479Z TRACE 37483 --- [biblioteca-pessoal] [o-auto-1-exec-8] o.s.security.web.FilterChainProxy        : Invoking ExceptionTranslationFilter (13/14)
2026-05-20T02:03:25.479Z TRACE 37483 --- [biblioteca-pessoal] [o-auto-1-exec-8] o.s.security.web.FilterChainProxy        : Invoking AuthorizationFilter (14/14)
2026-05-20T02:03:25.479Z TRACE 37483 --- [biblioteca-pessoal] [o-auto-1-exec-8] estMatcherDelegatingAuthorizationManager : Authorizing GET /login
2026-05-20T02:03:25.479Z TRACE 37483 --- [biblioteca-pessoal] [o-auto-1-exec-8] estMatcherDelegatingAuthorizationManager : Checking authorization on GET /login using org.springframework.security.authorization.SingleResultAuthorizationManager@51a8321c
2026-05-20T02:03:25.480Z DEBUG 37483 --- [biblioteca-pessoal] [o-auto-1-exec-8] o.s.security.web.FilterChainProxy        : Secured GET /login
2026-05-20T02:03:25.487Z TRACE 37483 --- [biblioteca-pessoal] [o-auto-1-exec-8] o.s.s.w.header.writers.HstsHeaderWriter  : Not injecting HSTS header since it did not match request to [Is Secure]
2026-05-20T02:03:25.523Z TRACE 37483 --- [biblioteca-pessoal] [o-auto-1-exec-9] o.s.security.web.FilterChainProxy        : Trying to match request against DefaultSecurityFilterChain defined as 'securityFilterChain' in [class path resource [br/edu/qualidade/biblioteca/security/SecurityConfig.class]] matching [any request] and having filters [DisableEncodeUrl, WebAsyncManagerIntegration, SecurityContextHolder, HeaderWriter, Csrf, Logout, UsernamePasswordAuthentication, ConcurrentSession, RequestCacheAware, SecurityContextHolderAwareRequest, AnonymousAuthentication, SessionManagement, ExceptionTranslation, Authorization] (1/1)
2026-05-20T02:03:25.524Z DEBUG 37483 --- [biblioteca-pessoal] [o-auto-1-exec-9] o.s.security.web.FilterChainProxy        : Securing POST /login
2026-05-20T02:03:25.524Z TRACE 37483 --- [biblioteca-pessoal] [o-auto-1-exec-9] o.s.security.web.FilterChainProxy        : Invoking DisableEncodeUrlFilter (1/14)
2026-05-20T02:03:25.524Z TRACE 37483 --- [biblioteca-pessoal] [o-auto-1-exec-9] o.s.security.web.FilterChainProxy        : Invoking WebAsyncManagerIntegrationFilter (2/14)
2026-05-20T02:03:25.524Z TRACE 37483 --- [biblioteca-pessoal] [o-auto-1-exec-9] o.s.security.web.FilterChainProxy        : Invoking SecurityContextHolderFilter (3/14)
2026-05-20T02:03:25.524Z TRACE 37483 --- [biblioteca-pessoal] [o-auto-1-exec-9] o.s.security.web.FilterChainProxy        : Invoking HeaderWriterFilter (4/14)
2026-05-20T02:03:25.524Z TRACE 37483 --- [biblioteca-pessoal] [o-auto-1-exec-9] o.s.security.web.FilterChainProxy        : Invoking CsrfFilter (5/14)
2026-05-20T02:03:25.524Z TRACE 37483 --- [biblioteca-pessoal] [o-auto-1-exec-9] s.s.w.c.CsrfTokenRequestAttributeHandler : Wrote a CSRF token to the following request attributes: [_csrf, org.springframework.security.web.csrf.CsrfToken]
2026-05-20T02:03:25.524Z TRACE 37483 --- [biblioteca-pessoal] [o-auto-1-exec-9] o.s.s.web.csrf.CsrfTokenRequestHandler   : Did not find a CSRF token in the [X-XSRF-TOKEN] request header
2026-05-20T02:03:25.524Z TRACE 37483 --- [biblioteca-pessoal] [o-auto-1-exec-9] o.s.security.web.csrf.CsrfFilter         : Found a CSRF token in the request
2026-05-20T02:03:25.525Z TRACE 37483 --- [biblioteca-pessoal] [o-auto-1-exec-9] o.s.security.web.FilterChainProxy        : Invoking LogoutFilter (6/14)
2026-05-20T02:03:25.525Z TRACE 37483 --- [biblioteca-pessoal] [o-auto-1-exec-9] o.s.s.w.a.logout.LogoutFilter            : Did not match request to Ant [pattern='/logout', POST]
2026-05-20T02:03:25.525Z TRACE 37483 --- [biblioteca-pessoal] [o-auto-1-exec-9] o.s.security.web.FilterChainProxy        : Invoking UsernamePasswordAuthenticationFilter (7/14)
2026-05-20T02:03:25.525Z TRACE 37483 --- [biblioteca-pessoal] [o-auto-1-exec-9] o.s.s.authentication.ProviderManager     : Authenticating request with DaoAuthenticationProvider (1/2)
2026-05-20T02:03:25.525Z DEBUG 37483 --- [biblioteca-pessoal] [o-auto-1-exec-9] b.e.q.b.s.MongoLibraryUserDetailsService : Tentando autenticar usuário. emailNormalizado='user-98ea77b0-b454-4cce-8885-ded10e423eda@example.com'
2026-05-20T02:03:25.536Z DEBUG 37483 --- [biblioteca-pessoal] [o-auto-1-exec-9] b.e.q.b.s.MongoLibraryUserDetailsService : Usuário encontrado. id=6a0d166dbd7daa50857b1489, email=user-98ea77b0-b454-4cce-8885-ded10e423eda@example.com, enabled=true, roles=[ROLE_USER], passwordHashLength=60, passwordHashPrefix=$2a$12$
2026-05-20T02:03:25.878Z DEBUG 37483 --- [biblioteca-pessoal] [o-auto-1-exec-9] o.s.s.a.dao.DaoAuthenticationProvider    : Authenticated user
2026-05-20T02:03:25.878Z TRACE 37483 --- [biblioteca-pessoal] [o-auto-1-exec-9] s.CompositeSessionAuthenticationStrategy : Preparing session with ConcurrentSessionControlAuthenticationStrategy (1/4)
2026-05-20T02:03:25.879Z TRACE 37483 --- [biblioteca-pessoal] [o-auto-1-exec-9] s.CompositeSessionAuthenticationStrategy : Preparing session with SessionFixationProtectionStrategy (2/4)
2026-05-20T02:03:25.879Z DEBUG 37483 --- [biblioteca-pessoal] [o-auto-1-exec-9] .w.a.s.SessionFixationProtectionStrategy : Invalidating session with Id '02DE49437A79889B2A35FA842045ABEC' and migrating attributes.
2026-05-20T02:03:25.879Z DEBUG 37483 --- [biblioteca-pessoal] [o-auto-1-exec-9] .w.a.s.SessionFixationProtectionStrategy : Started new session: 2E0802F1BE5CABDE1F40E3CFD5ADAC0F
2026-05-20T02:03:25.879Z DEBUG 37483 --- [biblioteca-pessoal] [o-auto-1-exec-9] .w.a.s.SessionFixationProtectionStrategy : Changed session id from 02DE49437A79889B2A35FA842045ABEC
2026-05-20T02:03:25.879Z TRACE 37483 --- [biblioteca-pessoal] [o-auto-1-exec-9] s.CompositeSessionAuthenticationStrategy : Preparing session with RegisterSessionAuthenticationStrategy (3/4)
2026-05-20T02:03:25.879Z DEBUG 37483 --- [biblioteca-pessoal] [o-auto-1-exec-9] o.s.s.core.session.SessionRegistryImpl   : Registering session 2E0802F1BE5CABDE1F40E3CFD5ADAC0F, for principal org.springframework.security.core.userdetails.User [Username=user-98ea77b0-b454-4cce-8885-ded10e423eda@example.com, Password=[PROTECTED], Enabled=true, AccountNonExpired=true, CredentialsNonExpired=true, AccountNonLocked=true, Granted Authorities=[ROLE_USER]]
2026-05-20T02:03:25.879Z TRACE 37483 --- [biblioteca-pessoal] [o-auto-1-exec-9] o.s.s.core.session.SessionRegistryImpl   : Sessions used by 'org.springframework.security.core.userdetails.User [Username=user-98ea77b0-b454-4cce-8885-ded10e423eda@example.com, Password=[PROTECTED], Enabled=true, AccountNonExpired=true, CredentialsNonExpired=true, AccountNonLocked=true, Granted Authorities=[ROLE_USER]]' : [2E0802F1BE5CABDE1F40E3CFD5ADAC0F]
2026-05-20T02:03:25.879Z TRACE 37483 --- [biblioteca-pessoal] [o-auto-1-exec-9] s.CompositeSessionAuthenticationStrategy : Preparing session with CsrfAuthenticationStrategy (4/4)
2026-05-20T02:03:25.879Z TRACE 37483 --- [biblioteca-pessoal] [o-auto-1-exec-9] s.s.w.c.CsrfTokenRequestAttributeHandler : Wrote a CSRF token to the following request attributes: [_csrf, org.springframework.security.web.csrf.CsrfToken]
2026-05-20T02:03:25.879Z DEBUG 37483 --- [biblioteca-pessoal] [o-auto-1-exec-9] o.s.s.w.csrf.CsrfAuthenticationStrategy  : Replaced CSRF Token
2026-05-20T02:03:25.880Z DEBUG 37483 --- [biblioteca-pessoal] [o-auto-1-exec-9] w.c.HttpSessionSecurityContextRepository : Stored SecurityContextImpl [Authentication=UsernamePasswordAuthenticationToken [Principal=org.springframework.security.core.userdetails.User [Username=user-98ea77b0-b454-4cce-8885-ded10e423eda@example.com, Password=[PROTECTED], Enabled=true, AccountNonExpired=true, CredentialsNonExpired=true, AccountNonLocked=true, Granted Authorities=[ROLE_USER]], Credentials=[PROTECTED], Authenticated=true, Details=WebAuthenticationDetails [RemoteIpAddress=127.0.0.1, SessionId=02DE49437A79889B2A35FA842045ABEC], Granted Authorities=[ROLE_USER]]] to HttpSession [org.apache.catalina.session.StandardSessionFacade@f295957]
2026-05-20T02:03:25.880Z DEBUG 37483 --- [biblioteca-pessoal] [o-auto-1-exec-9] w.a.UsernamePasswordAuthenticationFilter : Set SecurityContextHolder to UsernamePasswordAuthenticationToken [Principal=org.springframework.security.core.userdetails.User [Username=user-98ea77b0-b454-4cce-8885-ded10e423eda@example.com, Password=[PROTECTED], Enabled=true, AccountNonExpired=true, CredentialsNonExpired=true, AccountNonLocked=true, Granted Authorities=[ROLE_USER]], Credentials=[PROTECTED], Authenticated=true, Details=WebAuthenticationDetails [RemoteIpAddress=127.0.0.1, SessionId=02DE49437A79889B2A35FA842045ABEC], Granted Authorities=[ROLE_USER]]
2026-05-20T02:03:25.880Z  INFO 37483 --- [biblioteca-pessoal] [o-auto-1-exec-9] b.e.q.b.security.SecurityConfig          : Login realizado com sucesso para username=user-98ea77b0-b454-4cce-8885-ded10e423eda@example.com
2026-05-20T02:03:25.880Z TRACE 37483 --- [biblioteca-pessoal] [o-auto-1-exec-9] o.s.s.w.header.writers.HstsHeaderWriter  : Not injecting HSTS header since it did not match request to [Is Secure]
2026-05-20T02:03:25.902Z TRACE 37483 --- [biblioteca-pessoal] [-auto-1-exec-10] o.s.security.web.FilterChainProxy        : Trying to match request against DefaultSecurityFilterChain defined as 'securityFilterChain' in [class path resource [br/edu/qualidade/biblioteca/security/SecurityConfig.class]] matching [any request] and having filters [DisableEncodeUrl, WebAsyncManagerIntegration, SecurityContextHolder, HeaderWriter, Csrf, Logout, UsernamePasswordAuthentication, ConcurrentSession, RequestCacheAware, SecurityContextHolderAwareRequest, AnonymousAuthentication, SessionManagement, ExceptionTranslation, Authorization] (1/1)
2026-05-20T02:03:25.903Z DEBUG 37483 --- [biblioteca-pessoal] [-auto-1-exec-10] o.s.security.web.FilterChainProxy        : Securing GET /books/new
2026-05-20T02:03:25.903Z TRACE 37483 --- [biblioteca-pessoal] [-auto-1-exec-10] o.s.security.web.FilterChainProxy        : Invoking DisableEncodeUrlFilter (1/14)
2026-05-20T02:03:25.903Z TRACE 37483 --- [biblioteca-pessoal] [-auto-1-exec-10] o.s.security.web.FilterChainProxy        : Invoking WebAsyncManagerIntegrationFilter (2/14)
2026-05-20T02:03:25.904Z TRACE 37483 --- [biblioteca-pessoal] [-auto-1-exec-10] o.s.security.web.FilterChainProxy        : Invoking SecurityContextHolderFilter (3/14)
2026-05-20T02:03:25.904Z TRACE 37483 --- [biblioteca-pessoal] [-auto-1-exec-10] o.s.security.web.FilterChainProxy        : Invoking HeaderWriterFilter (4/14)
2026-05-20T02:03:25.904Z TRACE 37483 --- [biblioteca-pessoal] [-auto-1-exec-10] o.s.security.web.FilterChainProxy        : Invoking CsrfFilter (5/14)
2026-05-20T02:03:25.904Z TRACE 37483 --- [biblioteca-pessoal] [-auto-1-exec-10] s.s.w.c.CsrfTokenRequestAttributeHandler : Wrote a CSRF token to the following request attributes: [_csrf, org.springframework.security.web.csrf.CsrfToken]
2026-05-20T02:03:25.904Z TRACE 37483 --- [biblioteca-pessoal] [-auto-1-exec-10] o.s.security.web.csrf.CsrfFilter         : Did not protect against CSRF since request did not match CsrfNotRequired [TRACE, HEAD, GET, OPTIONS]
2026-05-20T02:03:25.904Z TRACE 37483 --- [biblioteca-pessoal] [-auto-1-exec-10] o.s.security.web.FilterChainProxy        : Invoking LogoutFilter (6/14)
2026-05-20T02:03:25.904Z TRACE 37483 --- [biblioteca-pessoal] [-auto-1-exec-10] o.s.s.w.a.logout.LogoutFilter            : Did not match request to Ant [pattern='/logout', POST]
2026-05-20T02:03:25.904Z TRACE 37483 --- [biblioteca-pessoal] [-auto-1-exec-10] o.s.security.web.FilterChainProxy        : Invoking UsernamePasswordAuthenticationFilter (7/14)
2026-05-20T02:03:25.904Z TRACE 37483 --- [biblioteca-pessoal] [-auto-1-exec-10] w.a.UsernamePasswordAuthenticationFilter : Did not match request to Ant [pattern='/login', POST]
2026-05-20T02:03:25.904Z TRACE 37483 --- [biblioteca-pessoal] [-auto-1-exec-10] o.s.security.web.FilterChainProxy        : Invoking ConcurrentSessionFilter (8/14)
2026-05-20T02:03:25.904Z TRACE 37483 --- [biblioteca-pessoal] [-auto-1-exec-10] o.s.security.web.FilterChainProxy        : Invoking RequestCacheAwareFilter (9/14)
2026-05-20T02:03:25.904Z TRACE 37483 --- [biblioteca-pessoal] [-auto-1-exec-10] o.s.s.w.s.HttpSessionRequestCache        : matchingRequestParameterName is required for getMatchingRequest to lookup a value, but not provided
2026-05-20T02:03:25.904Z TRACE 37483 --- [biblioteca-pessoal] [-auto-1-exec-10] o.s.security.web.FilterChainProxy        : Invoking SecurityContextHolderAwareRequestFilter (10/14)
2026-05-20T02:03:25.904Z TRACE 37483 --- [biblioteca-pessoal] [-auto-1-exec-10] o.s.security.web.FilterChainProxy        : Invoking AnonymousAuthenticationFilter (11/14)
2026-05-20T02:03:25.904Z TRACE 37483 --- [biblioteca-pessoal] [-auto-1-exec-10] o.s.security.web.FilterChainProxy        : Invoking SessionManagementFilter (12/14)
2026-05-20T02:03:25.904Z TRACE 37483 --- [biblioteca-pessoal] [-auto-1-exec-10] o.s.security.web.FilterChainProxy        : Invoking ExceptionTranslationFilter (13/14)
2026-05-20T02:03:25.904Z TRACE 37483 --- [biblioteca-pessoal] [-auto-1-exec-10] o.s.security.web.FilterChainProxy        : Invoking AuthorizationFilter (14/14)
2026-05-20T02:03:25.904Z TRACE 37483 --- [biblioteca-pessoal] [-auto-1-exec-10] estMatcherDelegatingAuthorizationManager : Authorizing GET /books/new
2026-05-20T02:03:25.905Z TRACE 37483 --- [biblioteca-pessoal] [-auto-1-exec-10] estMatcherDelegatingAuthorizationManager : Checking authorization on GET /books/new using AuthorityAuthorizationManager[authorities=[ROLE_USER]]
2026-05-20T02:03:25.905Z TRACE 37483 --- [biblioteca-pessoal] [-auto-1-exec-10] w.c.HttpSessionSecurityContextRepository : Retrieved SecurityContextImpl [Authentication=UsernamePasswordAuthenticationToken [Principal=org.springframework.security.core.userdetails.User [Username=user-98ea77b0-b454-4cce-8885-ded10e423eda@example.com, Password=[PROTECTED], Enabled=true, AccountNonExpired=true, CredentialsNonExpired=true, AccountNonLocked=true, Granted Authorities=[ROLE_USER]], Credentials=[PROTECTED], Authenticated=true, Details=WebAuthenticationDetails [RemoteIpAddress=127.0.0.1, SessionId=02DE49437A79889B2A35FA842045ABEC], Granted Authorities=[ROLE_USER]]] from SPRING_SECURITY_CONTEXT
2026-05-20T02:03:25.905Z TRACE 37483 --- [biblioteca-pessoal] [-auto-1-exec-10] o.s.s.w.a.AnonymousAuthenticationFilter  : Did not set SecurityContextHolder since already authenticated UsernamePasswordAuthenticationToken [Principal=org.springframework.security.core.userdetails.User [Username=user-98ea77b0-b454-4cce-8885-ded10e423eda@example.com, Password=[PROTECTED], Enabled=true, AccountNonExpired=true, CredentialsNonExpired=true, AccountNonLocked=true, Granted Authorities=[ROLE_USER]], Credentials=[PROTECTED], Authenticated=true, Details=WebAuthenticationDetails [RemoteIpAddress=127.0.0.1, SessionId=02DE49437A79889B2A35FA842045ABEC], Granted Authorities=[ROLE_USER]]
2026-05-20T02:03:25.905Z DEBUG 37483 --- [biblioteca-pessoal] [-auto-1-exec-10] o.s.security.web.FilterChainProxy        : Secured GET /books/new
2026-05-20T02:03:25.931Z TRACE 37483 --- [biblioteca-pessoal] [-auto-1-exec-10] o.s.s.w.header.writers.HstsHeaderWriter  : Not injecting HSTS header since it did not match request to [Is Secure]
2026-05-20T02:03:26.026Z TRACE 37483 --- [biblioteca-pessoal] [o-auto-1-exec-1] o.s.security.web.FilterChainProxy        : Trying to match request against DefaultSecurityFilterChain defined as 'securityFilterChain' in [class path resource [br/edu/qualidade/biblioteca/security/SecurityConfig.class]] matching [any request] and having filters [DisableEncodeUrl, WebAsyncManagerIntegration, SecurityContextHolder, HeaderWriter, Csrf, Logout, UsernamePasswordAuthentication, ConcurrentSession, RequestCacheAware, SecurityContextHolderAwareRequest, AnonymousAuthentication, SessionManagement, ExceptionTranslation, Authorization] (1/1)
2026-05-20T02:03:26.026Z DEBUG 37483 --- [biblioteca-pessoal] [o-auto-1-exec-1] o.s.security.web.FilterChainProxy        : Securing POST /books/new
2026-05-20T02:03:26.026Z TRACE 37483 --- [biblioteca-pessoal] [o-auto-1-exec-1] o.s.security.web.FilterChainProxy        : Invoking DisableEncodeUrlFilter (1/14)
2026-05-20T02:03:26.040Z TRACE 37483 --- [biblioteca-pessoal] [o-auto-1-exec-1] o.s.security.web.FilterChainProxy        : Invoking WebAsyncManagerIntegrationFilter (2/14)
2026-05-20T02:03:26.041Z TRACE 37483 --- [biblioteca-pessoal] [o-auto-1-exec-1] o.s.security.web.FilterChainProxy        : Invoking SecurityContextHolderFilter (3/14)
2026-05-20T02:03:26.041Z TRACE 37483 --- [biblioteca-pessoal] [o-auto-1-exec-1] o.s.security.web.FilterChainProxy        : Invoking HeaderWriterFilter (4/14)
2026-05-20T02:03:26.041Z TRACE 37483 --- [biblioteca-pessoal] [o-auto-1-exec-1] o.s.security.web.FilterChainProxy        : Invoking CsrfFilter (5/14)
2026-05-20T02:03:26.041Z TRACE 37483 --- [biblioteca-pessoal] [o-auto-1-exec-1] s.s.w.c.CsrfTokenRequestAttributeHandler : Wrote a CSRF token to the following request attributes: [_csrf, org.springframework.security.web.csrf.CsrfToken]
2026-05-20T02:03:26.041Z TRACE 37483 --- [biblioteca-pessoal] [o-auto-1-exec-1] o.s.s.web.csrf.CsrfTokenRequestHandler   : Did not find a CSRF token in the [X-XSRF-TOKEN] request header
2026-05-20T02:03:26.042Z TRACE 37483 --- [biblioteca-pessoal] [o-auto-1-exec-1] o.s.security.web.csrf.CsrfFilter         : Found a CSRF token in the request
2026-05-20T02:03:26.042Z TRACE 37483 --- [biblioteca-pessoal] [o-auto-1-exec-1] o.s.security.web.FilterChainProxy        : Invoking LogoutFilter (6/14)
2026-05-20T02:03:26.042Z TRACE 37483 --- [biblioteca-pessoal] [o-auto-1-exec-1] o.s.s.w.a.logout.LogoutFilter            : Did not match request to Ant [pattern='/logout', POST]
2026-05-20T02:03:26.042Z TRACE 37483 --- [biblioteca-pessoal] [o-auto-1-exec-1] o.s.security.web.FilterChainProxy        : Invoking UsernamePasswordAuthenticationFilter (7/14)
2026-05-20T02:03:26.042Z TRACE 37483 --- [biblioteca-pessoal] [o-auto-1-exec-1] w.a.UsernamePasswordAuthenticationFilter : Did not match request to Ant [pattern='/login', POST]
2026-05-20T02:03:26.042Z TRACE 37483 --- [biblioteca-pessoal] [o-auto-1-exec-1] o.s.security.web.FilterChainProxy        : Invoking ConcurrentSessionFilter (8/14)
2026-05-20T02:03:26.042Z TRACE 37483 --- [biblioteca-pessoal] [o-auto-1-exec-1] o.s.security.web.FilterChainProxy        : Invoking RequestCacheAwareFilter (9/14)
2026-05-20T02:03:26.042Z TRACE 37483 --- [biblioteca-pessoal] [o-auto-1-exec-1] o.s.s.w.s.HttpSessionRequestCache        : matchingRequestParameterName is required for getMatchingRequest to lookup a value, but not provided
2026-05-20T02:03:26.042Z TRACE 37483 --- [biblioteca-pessoal] [o-auto-1-exec-1] o.s.security.web.FilterChainProxy        : Invoking SecurityContextHolderAwareRequestFilter (10/14)
2026-05-20T02:03:26.042Z TRACE 37483 --- [biblioteca-pessoal] [o-auto-1-exec-1] o.s.security.web.FilterChainProxy        : Invoking AnonymousAuthenticationFilter (11/14)
2026-05-20T02:03:26.042Z TRACE 37483 --- [biblioteca-pessoal] [o-auto-1-exec-1] o.s.security.web.FilterChainProxy        : Invoking SessionManagementFilter (12/14)
2026-05-20T02:03:26.042Z TRACE 37483 --- [biblioteca-pessoal] [o-auto-1-exec-1] o.s.security.web.FilterChainProxy        : Invoking ExceptionTranslationFilter (13/14)
2026-05-20T02:03:26.042Z TRACE 37483 --- [biblioteca-pessoal] [o-auto-1-exec-1] o.s.security.web.FilterChainProxy        : Invoking AuthorizationFilter (14/14)
2026-05-20T02:03:26.042Z TRACE 37483 --- [biblioteca-pessoal] [o-auto-1-exec-1] estMatcherDelegatingAuthorizationManager : Authorizing POST /books/new
2026-05-20T02:03:26.042Z TRACE 37483 --- [biblioteca-pessoal] [o-auto-1-exec-1] estMatcherDelegatingAuthorizationManager : Checking authorization on POST /books/new using AuthorityAuthorizationManager[authorities=[ROLE_USER]]
2026-05-20T02:03:26.043Z TRACE 37483 --- [biblioteca-pessoal] [o-auto-1-exec-1] w.c.HttpSessionSecurityContextRepository : Retrieved SecurityContextImpl [Authentication=UsernamePasswordAuthenticationToken [Principal=org.springframework.security.core.userdetails.User [Username=user-98ea77b0-b454-4cce-8885-ded10e423eda@example.com, Password=[PROTECTED], Enabled=true, AccountNonExpired=true, CredentialsNonExpired=true, AccountNonLocked=true, Granted Authorities=[ROLE_USER]], Credentials=[PROTECTED], Authenticated=true, Details=WebAuthenticationDetails [RemoteIpAddress=127.0.0.1, SessionId=02DE49437A79889B2A35FA842045ABEC], Granted Authorities=[ROLE_USER]]] from SPRING_SECURITY_CONTEXT
2026-05-20T02:03:26.049Z TRACE 37483 --- [biblioteca-pessoal] [o-auto-1-exec-1] o.s.s.w.a.AnonymousAuthenticationFilter  : Did not set SecurityContextHolder since already authenticated UsernamePasswordAuthenticationToken [Principal=org.springframework.security.core.userdetails.User [Username=user-98ea77b0-b454-4cce-8885-ded10e423eda@example.com, Password=[PROTECTED], Enabled=true, AccountNonExpired=true, CredentialsNonExpired=true, AccountNonLocked=true, Granted Authorities=[ROLE_USER]], Credentials=[PROTECTED], Authenticated=true, Details=WebAuthenticationDetails [RemoteIpAddress=127.0.0.1, SessionId=02DE49437A79889B2A35FA842045ABEC], Granted Authorities=[ROLE_USER]]
2026-05-20T02:03:26.051Z DEBUG 37483 --- [biblioteca-pessoal] [o-auto-1-exec-1] o.s.security.web.FilterChainProxy        : Secured POST /books/new
2026-05-20T02:03:26.136Z TRACE 37483 --- [biblioteca-pessoal] [o-auto-1-exec-1] o.s.s.w.header.writers.HstsHeaderWriter  : Not injecting HSTS header since it did not match request to [Is Secure]
2026-05-20T02:03:26.177Z TRACE 37483 --- [biblioteca-pessoal] [o-auto-1-exec-2] o.s.security.web.FilterChainProxy        : Trying to match request against DefaultSecurityFilterChain defined as 'securityFilterChain' in [class path resource [br/edu/qualidade/biblioteca/security/SecurityConfig.class]] matching [any request] and having filters [DisableEncodeUrl, WebAsyncManagerIntegration, SecurityContextHolder, HeaderWriter, Csrf, Logout, UsernamePasswordAuthentication, ConcurrentSession, RequestCacheAware, SecurityContextHolderAwareRequest, AnonymousAuthentication, SessionManagement, ExceptionTranslation, Authorization] (1/1)
2026-05-20T02:03:26.177Z DEBUG 37483 --- [biblioteca-pessoal] [o-auto-1-exec-2] o.s.security.web.FilterChainProxy        : Securing GET /books/6a0d166ebd7daa50857b148a
2026-05-20T02:03:26.177Z TRACE 37483 --- [biblioteca-pessoal] [o-auto-1-exec-2] o.s.security.web.FilterChainProxy        : Invoking DisableEncodeUrlFilter (1/14)
2026-05-20T02:03:26.178Z TRACE 37483 --- [biblioteca-pessoal] [o-auto-1-exec-2] o.s.security.web.FilterChainProxy        : Invoking WebAsyncManagerIntegrationFilter (2/14)
2026-05-20T02:03:26.178Z TRACE 37483 --- [biblioteca-pessoal] [o-auto-1-exec-2] o.s.security.web.FilterChainProxy        : Invoking SecurityContextHolderFilter (3/14)
2026-05-20T02:03:26.178Z TRACE 37483 --- [biblioteca-pessoal] [o-auto-1-exec-2] o.s.security.web.FilterChainProxy        : Invoking HeaderWriterFilter (4/14)
2026-05-20T02:03:26.178Z TRACE 37483 --- [biblioteca-pessoal] [o-auto-1-exec-2] o.s.security.web.FilterChainProxy        : Invoking CsrfFilter (5/14)
2026-05-20T02:03:26.178Z TRACE 37483 --- [biblioteca-pessoal] [o-auto-1-exec-2] s.s.w.c.CsrfTokenRequestAttributeHandler : Wrote a CSRF token to the following request attributes: [_csrf, org.springframework.security.web.csrf.CsrfToken]
2026-05-20T02:03:26.178Z TRACE 37483 --- [biblioteca-pessoal] [o-auto-1-exec-2] o.s.security.web.csrf.CsrfFilter         : Did not protect against CSRF since request did not match CsrfNotRequired [TRACE, HEAD, GET, OPTIONS]
2026-05-20T02:03:26.178Z TRACE 37483 --- [biblioteca-pessoal] [o-auto-1-exec-2] o.s.security.web.FilterChainProxy        : Invoking LogoutFilter (6/14)
2026-05-20T02:03:26.178Z TRACE 37483 --- [biblioteca-pessoal] [o-auto-1-exec-2] o.s.s.w.a.logout.LogoutFilter            : Did not match request to Ant [pattern='/logout', POST]
2026-05-20T02:03:26.178Z TRACE 37483 --- [biblioteca-pessoal] [o-auto-1-exec-2] o.s.security.web.FilterChainProxy        : Invoking UsernamePasswordAuthenticationFilter (7/14)
2026-05-20T02:03:26.178Z TRACE 37483 --- [biblioteca-pessoal] [o-auto-1-exec-2] w.a.UsernamePasswordAuthenticationFilter : Did not match request to Ant [pattern='/login', POST]
[...]
2026-05-20T02:03:33.178Z DEBUG 37483 --- [biblioteca-pessoal] [-auto-1-exec-12] o.s.security.web.FilterChainProxy        : Secured POST /books/new
2026-05-20T02:03:33.195Z TRACE 37483 --- [biblioteca-pessoal] [-auto-1-exec-12] o.s.s.w.header.writers.HstsHeaderWriter  : Not injecting HSTS header since it did not match request to [Is Secure]
2026-05-20T02:03:33.212Z TRACE 37483 --- [biblioteca-pessoal] [-auto-1-exec-10] o.s.security.web.FilterChainProxy        : Trying to match request against DefaultSecurityFilterChain defined as 'securityFilterChain' in [class path resource [br/edu/qualidade/biblioteca/security/SecurityConfig.class]] matching [any request] and having filters [DisableEncodeUrl, WebAsyncManagerIntegration, SecurityContextHolder, HeaderWriter, Csrf, Logout, UsernamePasswordAuthentication, ConcurrentSession, RequestCacheAware, SecurityContextHolderAwareRequest, AnonymousAuthentication, SessionManagement, ExceptionTranslation, Authorization] (1/1)
2026-05-20T02:03:33.212Z DEBUG 37483 --- [biblioteca-pessoal] [-auto-1-exec-10] o.s.security.web.FilterChainProxy        : Securing GET /books/6a0d1675bd7daa50857b1497
2026-05-20T02:03:33.212Z TRACE 37483 --- [biblioteca-pessoal] [-auto-1-exec-10] o.s.security.web.FilterChainProxy        : Invoking DisableEncodeUrlFilter (1/14)
2026-05-20T02:03:33.212Z TRACE 37483 --- [biblioteca-pessoal] [-auto-1-exec-10] o.s.security.web.FilterChainProxy        : Invoking WebAsyncManagerIntegrationFilter (2/14)
2026-05-20T02:03:33.212Z TRACE 37483 --- [biblioteca-pessoal] [-auto-1-exec-10] o.s.security.web.FilterChainProxy        : Invoking SecurityContextHolderFilter (3/14)
2026-05-20T02:03:33.212Z TRACE 37483 --- [biblioteca-pessoal] [-auto-1-exec-10] o.s.security.web.FilterChainProxy        : Invoking HeaderWriterFilter (4/14)
2026-05-20T02:03:33.212Z TRACE 37483 --- [biblioteca-pessoal] [-auto-1-exec-10] o.s.security.web.FilterChainProxy        : Invoking CsrfFilter (5/14)
2026-05-20T02:03:33.212Z TRACE 37483 --- [biblioteca-pessoal] [-auto-1-exec-10] s.s.w.c.CsrfTokenRequestAttributeHandler : Wrote a CSRF token to the following request attributes: [_csrf, org.springframework.security.web.csrf.CsrfToken]
2026-05-20T02:03:33.212Z TRACE 37483 --- [biblioteca-pessoal] [-auto-1-exec-10] o.s.security.web.csrf.CsrfFilter         : Did not protect against CSRF since request did not match CsrfNotRequired [TRACE, HEAD, GET, OPTIONS]
2026-05-20T02:03:33.212Z TRACE 37483 --- [biblioteca-pessoal] [-auto-1-exec-10] o.s.security.web.FilterChainProxy        : Invoking LogoutFilter (6/14)
2026-05-20T02:03:33.212Z TRACE 37483 --- [biblioteca-pessoal] [-auto-1-exec-10] o.s.s.w.a.logout.LogoutFilter            : Did not match request to Ant [pattern='/logout', POST]
2026-05-20T02:03:33.212Z TRACE 37483 --- [biblioteca-pessoal] [-auto-1-exec-10] o.s.security.web.FilterChainProxy        : Invoking UsernamePasswordAuthenticationFilter (7/14)
2026-05-20T02:03:33.213Z TRACE 37483 --- [biblioteca-pessoal] [-auto-1-exec-10] w.a.UsernamePasswordAuthenticationFilter : Did not match request to Ant [pattern='/login', POST]
2026-05-20T02:03:33.213Z TRACE 37483 --- [biblioteca-pessoal] [-auto-1-exec-10] o.s.security.web.FilterChainProxy        : Invoking ConcurrentSessionFilter (8/14)
2026-05-20T02:03:33.213Z TRACE 37483 --- [biblioteca-pessoal] [-auto-1-exec-10] o.s.security.web.FilterChainProxy        : Invoking RequestCacheAwareFilter (9/14)
2026-05-20T02:03:33.213Z TRACE 37483 --- [biblioteca-pessoal] [-auto-1-exec-10] o.s.s.w.s.HttpSessionRequestCache        : matchingRequestParameterName is required for getMatchingRequest to lookup a value, but not provided
2026-05-20T02:03:33.213Z TRACE 37483 --- [biblioteca-pessoal] [-auto-1-exec-10] o.s.security.web.FilterChainProxy        : Invoking SecurityContextHolderAwareRequestFilter (10/14)
2026-05-20T02:03:33.213Z TRACE 37483 --- [biblioteca-pessoal] [-auto-1-exec-10] o.s.security.web.FilterChainProxy        : Invoking AnonymousAuthenticationFilter (11/14)
2026-05-20T02:03:33.213Z TRACE 37483 --- [biblioteca-pessoal] [-auto-1-exec-10] o.s.security.web.FilterChainProxy        : Invoking SessionManagementFilter (12/14)
2026-05-20T02:03:33.213Z TRACE 37483 --- [biblioteca-pessoal] [-auto-1-exec-10] o.s.security.web.FilterChainProxy        : Invoking ExceptionTranslationFilter (13/14)
2026-05-20T02:03:33.213Z TRACE 37483 --- [biblioteca-pessoal] [-auto-1-exec-10] o.s.security.web.FilterChainProxy        : Invoking AuthorizationFilter (14/14)
2026-05-20T02:03:33.213Z TRACE 37483 --- [biblioteca-pessoal] [-auto-1-exec-10] estMatcherDelegatingAuthorizationManager : Authorizing GET /books/6a0d1675bd7daa50857b1497
2026-05-20T02:03:33.213Z TRACE 37483 --- [biblioteca-pessoal] [-auto-1-exec-10] estMatcherDelegatingAuthorizationManager : Checking authorization on GET /books/6a0d1675bd7daa50857b1497 using AuthorityAuthorizationManager[authorities=[ROLE_USER]]
2026-05-20T02:03:33.213Z TRACE 37483 --- [biblioteca-pessoal] [-auto-1-exec-10] w.c.HttpSessionSecurityContextRepository : Retrieved SecurityContextImpl [Authentication=UsernamePasswordAuthenticationToken [Principal=org.springframework.security.core.userdetails.User [Username=user-5e29a00e-8031-4912-b74d-b24fa44ce90c@example.com, Password=[PROTECTED], Enabled=true, AccountNonExpired=true, CredentialsNonExpired=true, AccountNonLocked=true, Granted Authorities=[ROLE_USER]], Credentials=[PROTECTED], Authenticated=true, Details=WebAuthenticationDetails [RemoteIpAddress=127.0.0.1, SessionId=10F5E56B2C4A65579C0D209F0483237B], Granted Authorities=[ROLE_USER]]] from SPRING_SECURITY_CONTEXT
2026-05-20T02:03:33.213Z TRACE 37483 --- [biblioteca-pessoal] [-auto-1-exec-10] o.s.s.w.a.AnonymousAuthenticationFilter  : Did not set SecurityContextHolder since already authenticated UsernamePasswordAuthenticationToken [Principal=org.springframework.security.core.userdetails.User [Username=user-5e29a00e-8031-4912-b74d-b24fa44ce90c@example.com, Password=[PROTECTED], Enabled=true, AccountNonExpired=true, CredentialsNonExpired=true, AccountNonLocked=true, Granted Authorities=[ROLE_USER]], Credentials=[PROTECTED], Authenticated=true, Details=WebAuthenticationDetails [RemoteIpAddress=127.0.0.1, SessionId=10F5E56B2C4A65579C0D209F0483237B], Granted Authorities=[ROLE_USER]]
2026-05-20T02:03:33.214Z DEBUG 37483 --- [biblioteca-pessoal] [-auto-1-exec-10] o.s.security.web.FilterChainProxy        : Secured GET /books/6a0d1675bd7daa50857b1497
2026-05-20T02:03:33.234Z TRACE 37483 --- [biblioteca-pessoal] [-auto-1-exec-10] o.s.s.w.header.writers.HstsHeaderWriter  : Not injecting HSTS header since it did not match request to [Is Secure]
2026-05-20T02:03:33.253Z TRACE 37483 --- [biblioteca-pessoal] [-auto-1-exec-13] o.s.security.web.FilterChainProxy        : Trying to match request against DefaultSecurityFilterChain defined as 'securityFilterChain' in [class path resource [br/edu/qualidade/biblioteca/security/SecurityConfig.class]] matching [any request] and having filters [DisableEncodeUrl, WebAsyncManagerIntegration, SecurityContextHolder, HeaderWriter, Csrf, Logout, UsernamePasswordAuthentication, ConcurrentSession, RequestCacheAware, SecurityContextHolderAwareRequest, AnonymousAuthentication, SessionManagement, ExceptionTranslation, Authorization] (1/1)
2026-05-20T02:03:33.253Z DEBUG 37483 --- [biblioteca-pessoal] [-auto-1-exec-13] o.s.security.web.FilterChainProxy        : Securing POST /books/6a0d1675bd7daa50857b1497/progress
2026-05-20T02:03:33.253Z TRACE 37483 --- [biblioteca-pessoal] [-auto-1-exec-13] o.s.security.web.FilterChainProxy        : Invoking DisableEncodeUrlFilter (1/14)
2026-05-20T02:03:33.253Z TRACE 37483 --- [biblioteca-pessoal] [-auto-1-exec-13] o.s.security.web.FilterChainProxy        : Invoking WebAsyncManagerIntegrationFilter (2/14)
2026-05-20T02:03:33.253Z TRACE 37483 --- [biblioteca-pessoal] [-auto-1-exec-13] o.s.security.web.FilterChainProxy        : Invoking SecurityContextHolderFilter (3/14)
2026-05-20T02:03:33.253Z TRACE 37483 --- [biblioteca-pessoal] [-auto-1-exec-13] o.s.security.web.FilterChainProxy        : Invoking HeaderWriterFilter (4/14)
2026-05-20T02:03:33.253Z TRACE 37483 --- [biblioteca-pessoal] [-auto-1-exec-13] o.s.security.web.FilterChainProxy        : Invoking CsrfFilter (5/14)
2026-05-20T02:03:33.253Z TRACE 37483 --- [biblioteca-pessoal] [-auto-1-exec-13] s.s.w.c.CsrfTokenRequestAttributeHandler : Wrote a CSRF token to the following request attributes: [_csrf, org.springframework.security.web.csrf.CsrfToken]
2026-05-20T02:03:33.253Z TRACE 37483 --- [biblioteca-pessoal] [-auto-1-exec-13] o.s.s.web.csrf.CsrfTokenRequestHandler   : Did not find a CSRF token in the [X-XSRF-TOKEN] request header
2026-05-20T02:03:33.254Z TRACE 37483 --- [biblioteca-pessoal] [-auto-1-exec-13] o.s.security.web.csrf.CsrfFilter         : Found a CSRF token in the request
2026-05-20T02:03:33.254Z TRACE 37483 --- [biblioteca-pessoal] [-auto-1-exec-13] o.s.security.web.FilterChainProxy        : Invoking LogoutFilter (6/14)
2026-05-20T02:03:33.254Z TRACE 37483 --- [biblioteca-pessoal] [-auto-1-exec-13] o.s.s.w.a.logout.LogoutFilter            : Did not match request to Ant [pattern='/logout', POST]
2026-05-20T02:03:33.254Z TRACE 37483 --- [biblioteca-pessoal] [-auto-1-exec-13] o.s.security.web.FilterChainProxy        : Invoking UsernamePasswordAuthenticationFilter (7/14)
2026-05-20T02:03:33.254Z TRACE 37483 --- [biblioteca-pessoal] [-auto-1-exec-13] w.a.UsernamePasswordAuthenticationFilter : Did not match request to Ant [pattern='/login', POST]
2026-05-20T02:03:33.254Z TRACE 37483 --- [biblioteca-pessoal] [-auto-1-exec-13] o.s.security.web.FilterChainProxy        : Invoking ConcurrentSessionFilter (8/14)
2026-05-20T02:03:33.254Z TRACE 37483 --- [biblioteca-pessoal] [-auto-1-exec-13] o.s.security.web.FilterChainProxy        : Invoking RequestCacheAwareFilter (9/14)
2026-05-20T02:03:33.254Z TRACE 37483 --- [biblioteca-pessoal] [-auto-1-exec-13] o.s.s.w.s.HttpSessionRequestCache        : matchingRequestParameterName is required for getMatchingRequest to lookup a value, but not provided
2026-05-20T02:03:33.254Z TRACE 37483 --- [biblioteca-pessoal] [-auto-1-exec-13] o.s.security.web.FilterChainProxy        : Invoking SecurityContextHolderAwareRequestFilter (10/14)
2026-05-20T02:03:33.254Z TRACE 37483 --- [biblioteca-pessoal] [-auto-1-exec-13] o.s.security.web.FilterChainProxy        : Invoking AnonymousAuthenticationFilter (11/14)
2026-05-20T02:03:33.254Z TRACE 37483 --- [biblioteca-pessoal] [-auto-1-exec-13] o.s.security.web.FilterChainProxy        : Invoking SessionManagementFilter (12/14)
2026-05-20T02:03:33.254Z TRACE 37483 --- [biblioteca-pessoal] [-auto-1-exec-13] o.s.security.web.FilterChainProxy        : Invoking ExceptionTranslationFilter (13/14)
2026-05-20T02:03:33.254Z TRACE 37483 --- [biblioteca-pessoal] [-auto-1-exec-13] o.s.security.web.FilterChainProxy        : Invoking AuthorizationFilter (14/14)
2026-05-20T02:03:33.255Z TRACE 37483 --- [biblioteca-pessoal] [-auto-1-exec-13] estMatcherDelegatingAuthorizationManager : Authorizing POST /books/6a0d1675bd7daa50857b1497/progress
2026-05-20T02:03:33.255Z TRACE 37483 --- [biblioteca-pessoal] [-auto-1-exec-13] estMatcherDelegatingAuthorizationManager : Checking authorization on POST /books/6a0d1675bd7daa50857b1497/progress using AuthorityAuthorizationManager[authorities=[ROLE_USER]]
2026-05-20T02:03:33.255Z TRACE 37483 --- [biblioteca-pessoal] [-auto-1-exec-13] w.c.HttpSessionSecurityContextRepository : Retrieved SecurityContextImpl [Authentication=UsernamePasswordAuthenticationToken [Principal=org.springframework.security.core.userdetails.User [Username=user-5e29a00e-8031-4912-b74d-b24fa44ce90c@example.com, Password=[PROTECTED], Enabled=true, AccountNonExpired=true, CredentialsNonExpired=true, AccountNonLocked=true, Granted Authorities=[ROLE_USER]], Credentials=[PROTECTED], Authenticated=true, Details=WebAuthenticationDetails [RemoteIpAddress=127.0.0.1, SessionId=10F5E56B2C4A65579C0D209F0483237B], Granted Authorities=[ROLE_USER]]] from SPRING_SECURITY_CONTEXT
2026-05-20T02:03:33.255Z TRACE 37483 --- [biblioteca-pessoal] [-auto-1-exec-13] o.s.s.w.a.AnonymousAuthenticationFilter  : Did not set SecurityContextHolder since already authenticated UsernamePasswordAuthenticationToken [Principal=org.springframework.security.core.userdetails.User [Username=user-5e29a00e-8031-4912-b74d-b24fa44ce90c@example.com, Password=[PROTECTED], Enabled=true, AccountNonExpired=true, CredentialsNonExpired=true, AccountNonLocked=true, Granted Authorities=[ROLE_USER]], Credentials=[PROTECTED], Authenticated=true, Details=WebAuthenticationDetails [RemoteIpAddress=127.0.0.1, SessionId=10F5E56B2C4A65579C0D209F0483237B], Granted Authorities=[ROLE_USER]]
2026-05-20T02:03:33.256Z DEBUG 37483 --- [biblioteca-pessoal] [-auto-1-exec-13] o.s.security.web.FilterChainProxy        : Secured POST /books/6a0d1675bd7daa50857b1497/progress
2026-05-20T02:03:33.273Z TRACE 37483 --- [biblioteca-pessoal] [-auto-1-exec-13] o.s.s.w.header.writers.HstsHeaderWriter  : Not injecting HSTS header since it did not match request to [Is Secure]
2026-05-20T02:03:33.284Z TRACE 37483 --- [biblioteca-pessoal] [o-auto-1-exec-3] o.s.security.web.FilterChainProxy        : Trying to match request against DefaultSecurityFilterChain defined as 'securityFilterChain' in [class path resource [br/edu/qualidade/biblioteca/security/SecurityConfig.class]] matching [any request] and having filters [DisableEncodeUrl, WebAsyncManagerIntegration, SecurityContextHolder, HeaderWriter, Csrf, Logout, UsernamePasswordAuthentication, ConcurrentSession, RequestCacheAware, SecurityContextHolderAwareRequest, AnonymousAuthentication, SessionManagement, ExceptionTranslation, Authorization] (1/1)
2026-05-20T02:03:33.284Z DEBUG 37483 --- [biblioteca-pessoal] [o-auto-1-exec-3] o.s.security.web.FilterChainProxy        : Securing GET /books/6a0d1675bd7daa50857b1497
2026-05-20T02:03:33.284Z TRACE 37483 --- [biblioteca-pessoal] [o-auto-1-exec-3] o.s.security.web.FilterChainProxy        : Invoking DisableEncodeUrlFilter (1/14)
2026-05-20T02:03:33.284Z TRACE 37483 --- [biblioteca-pessoal] [o-auto-1-exec-3] o.s.security.web.FilterChainProxy        : Invoking WebAsyncManagerIntegrationFilter (2/14)
2026-05-20T02:03:33.284Z TRACE 37483 --- [biblioteca-pessoal] [o-auto-1-exec-3] o.s.security.web.FilterChainProxy        : Invoking SecurityContextHolderFilter (3/14)
2026-05-20T02:03:33.284Z TRACE 37483 --- [biblioteca-pessoal] [o-auto-1-exec-3] o.s.security.web.FilterChainProxy        : Invoking HeaderWriterFilter (4/14)
2026-05-20T02:03:33.284Z TRACE 37483 --- [biblioteca-pessoal] [o-auto-1-exec-3] o.s.security.web.FilterChainProxy        : Invoking CsrfFilter (5/14)
2026-05-20T02:03:33.285Z TRACE 37483 --- [biblioteca-pessoal] [o-auto-1-exec-3] s.s.w.c.CsrfTokenRequestAttributeHandler : Wrote a CSRF token to the following request attributes: [_csrf, org.springframework.security.web.csrf.CsrfToken]
2026-05-20T02:03:33.285Z TRACE 37483 --- [biblioteca-pessoal] [o-auto-1-exec-3] o.s.security.web.csrf.CsrfFilter         : Did not protect against CSRF since request did not match CsrfNotRequired [TRACE, HEAD, GET, OPTIONS]
2026-05-20T02:03:33.285Z TRACE 37483 --- [biblioteca-pessoal] [o-auto-1-exec-3] o.s.security.web.FilterChainProxy        : Invoking LogoutFilter (6/14)
2026-05-20T02:03:33.285Z TRACE 37483 --- [biblioteca-pessoal] [o-auto-1-exec-3] o.s.s.w.a.logout.LogoutFilter            : Did not match request to Ant [pattern='/logout', POST]
2026-05-20T02:03:33.285Z TRACE 37483 --- [biblioteca-pessoal] [o-auto-1-exec-3] o.s.security.web.FilterChainProxy        : Invoking UsernamePasswordAuthenticationFilter (7/14)
2026-05-20T02:03:33.285Z TRACE 37483 --- [biblioteca-pessoal] [o-auto-1-exec-3] w.a.UsernamePasswordAuthenticationFilter : Did not match request to Ant [pattern='/login', POST]
2026-05-20T02:03:33.285Z TRACE 37483 --- [biblioteca-pessoal] [o-auto-1-exec-3] o.s.security.web.FilterChainProxy        : Invoking ConcurrentSessionFilter (8/14)
2026-05-20T02:03:33.285Z TRACE 37483 --- [biblioteca-pessoal] [o-auto-1-exec-3] o.s.security.web.FilterChainProxy        : Invoking RequestCacheAwareFilter (9/14)
2026-05-20T02:03:33.285Z TRACE 37483 --- [biblioteca-pessoal] [o-auto-1-exec-3] o.s.s.w.s.HttpSessionRequestCache        : matchingRequestParameterName is required for getMatchingRequest to lookup a value, but not provided
2026-05-20T02:03:33.285Z TRACE 37483 --- [biblioteca-pessoal] [o-auto-1-exec-3] o.s.security.web.FilterChainProxy        : Invoking SecurityContextHolderAwareRequestFilter (10/14)
2026-05-20T02:03:33.285Z TRACE 37483 --- [biblioteca-pessoal] [o-auto-1-exec-3] o.s.security.web.FilterChainProxy        : Invoking AnonymousAuthenticationFilter (11/14)
2026-05-20T02:03:33.285Z TRACE 37483 --- [biblioteca-pessoal] [o-auto-1-exec-3] o.s.security.web.FilterChainProxy        : Invoking SessionManagementFilter (12/14)
2026-05-20T02:03:33.285Z TRACE 37483 --- [biblioteca-pessoal] [o-auto-1-exec-3] o.s.security.web.FilterChainProxy        : Invoking ExceptionTranslationFilter (13/14)
2026-05-20T02:03:33.285Z TRACE 37483 --- [biblioteca-pessoal] [o-auto-1-exec-3] o.s.security.web.FilterChainProxy        : Invoking AuthorizationFilter (14/14)
2026-05-20T02:03:33.285Z TRACE 37483 --- [biblioteca-pessoal] [o-auto-1-exec-3] estMatcherDelegatingAuthorizationManager : Authorizing GET /books/6a0d1675bd7daa50857b1497
2026-05-20T02:03:33.285Z TRACE 37483 --- [biblioteca-pessoal] [o-auto-1-exec-3] estMatcherDelegatingAuthorizationManager : Checking authorization on GET /books/6a0d1675bd7daa50857b1497 using AuthorityAuthorizationManager[authorities=[ROLE_USER]]
2026-05-20T02:03:33.285Z TRACE 37483 --- [biblioteca-pessoal] [o-auto-1-exec-3] w.c.HttpSessionSecurityContextRepository : Retrieved SecurityContextImpl [Authentication=UsernamePasswordAuthenticationToken [Principal=org.springframework.security.core.userdetails.User [Username=user-5e29a00e-8031-4912-b74d-b24fa44ce90c@example.com, Password=[PROTECTED], Enabled=true, AccountNonExpired=true, CredentialsNonExpired=true, AccountNonLocked=true, Granted Authorities=[ROLE_USER]], Credentials=[PROTECTED], Authenticated=true, Details=WebAuthenticationDetails [RemoteIpAddress=127.0.0.1, SessionId=10F5E56B2C4A65579C0D209F0483237B], Granted Authorities=[ROLE_USER]]] from SPRING_SECURITY_CONTEXT
2026-05-20T02:03:33.285Z TRACE 37483 --- [biblioteca-pessoal] [o-auto-1-exec-3] o.s.s.w.a.AnonymousAuthenticationFilter  : Did not set SecurityContextHolder since already authenticated UsernamePasswordAuthenticationToken [Principal=org.springframework.security.core.userdetails.User [Username=user-5e29a00e-8031-4912-b74d-b24fa44ce90c@example.com, Password=[PROTECTED], Enabled=true, AccountNonExpired=true, CredentialsNonExpired=true, AccountNonLocked=true, Granted Authorities=[ROLE_USER]], Credentials=[PROTECTED], Authenticated=true, Details=WebAuthenticationDetails [RemoteIpAddress=127.0.0.1, SessionId=10F5E56B2C4A65579C0D209F0483237B], Granted Authorities=[ROLE_USER]]
2026-05-20T02:03:33.286Z DEBUG 37483 --- [biblioteca-pessoal] [o-auto-1-exec-3] o.s.security.web.FilterChainProxy        : Secured GET /books/6a0d1675bd7daa50857b1497
2026-05-20T02:03:33.306Z TRACE 37483 --- [biblioteca-pessoal] [o-auto-1-exec-3] o.s.s.w.header.writers.HstsHeaderWriter  : Not injecting HSTS header since it did not match request to [Is Secure]
]]></system-out>
  </testcase>
</testsuite>