<?xml version="1.0" encoding="UTF-8"?>
<testsuite xmlns:xsi="http://www.w3.org/2001/XMLSchema-instance" xsi:noNamespaceSchemaLocation="https://maven.apache.org/surefire/maven-failsafe-plugin/xsd/failsafe-test-report.xsd" version="3.0.2" name="br.edu.qualidade.biblioteca.web.controller.BookControllerIT" time="9.621" tests="8" errors="0" skipped="0" failures="0" flakes="0">
  <properties>
[...]
</properties>
  <testcase name="shouldRejectInvalidBookThroughHttp" classname="br.edu.qualidade.biblioteca.web.controller.BookControllerIT" time="1.282">
    <system-out><![CDATA[2026-05-14T00:30:22.042Z  INFO 62076 --- [biblioteca-pessoal] [           main] t.c.s.AnnotationConfigContextLoaderUtils : Could not detect default configuration classes for test class [br.edu.qualidade.biblioteca.web.controller.BookControllerIT]: BookControllerIT does not declare any static, non-private, non-final, nested classes annotated with @Configuration.
2026-05-14T00:30:22.049Z  INFO 62076 --- [biblioteca-pessoal] [           main] .b.t.c.SpringBootTestContextBootstrapper : Found @SpringBootConfiguration br.edu.qualidade.biblioteca.BibliotecaPessoalApplication for test class br.edu.qualidade.biblioteca.web.controller.BookControllerIT
2026-05-14T00:30:22.085Z TRACE 62076 --- [biblioteca-pessoal] [o-auto-1-exec-1] o.s.security.web.FilterChainProxy        : Trying to match request against DefaultSecurityFilterChain defined as 'securityFilterChain' in [class path resource [br/edu/qualidade/biblioteca/security/SecurityConfig.class]] matching [any request] and having filters [DisableEncodeUrl, WebAsyncManagerIntegration, SecurityContextHolder, HeaderWriter, Csrf, Logout, UsernamePasswordAuthentication, ConcurrentSession, RequestCacheAware, SecurityContextHolderAwareRequest, AnonymousAuthentication, SessionManagement, ExceptionTranslation, Authorization] (1/1)
2026-05-14T00:30:22.085Z DEBUG 62076 --- [biblioteca-pessoal] [o-auto-1-exec-1] o.s.security.web.FilterChainProxy        : Securing GET /register
2026-05-14T00:30:22.087Z TRACE 62076 --- [biblioteca-pessoal] [o-auto-1-exec-1] o.s.security.web.FilterChainProxy        : Invoking DisableEncodeUrlFilter (1/14)
2026-05-14T00:30:22.087Z TRACE 62076 --- [biblioteca-pessoal] [o-auto-1-exec-1] o.s.security.web.FilterChainProxy        : Invoking WebAsyncManagerIntegrationFilter (2/14)
2026-05-14T00:30:22.087Z TRACE 62076 --- [biblioteca-pessoal] [o-auto-1-exec-1] o.s.security.web.FilterChainProxy        : Invoking SecurityContextHolderFilter (3/14)
2026-05-14T00:30:22.087Z TRACE 62076 --- [biblioteca-pessoal] [o-auto-1-exec-1] o.s.security.web.FilterChainProxy        : Invoking HeaderWriterFilter (4/14)
2026-05-14T00:30:22.087Z TRACE 62076 --- [biblioteca-pessoal] [o-auto-1-exec-1] o.s.security.web.FilterChainProxy        : Invoking CsrfFilter (5/14)
2026-05-14T00:30:22.087Z TRACE 62076 --- [biblioteca-pessoal] [o-auto-1-exec-1] s.s.w.c.CsrfTokenRequestAttributeHandler : Wrote a CSRF token to the following request attributes: [_csrf, org.springframework.security.web.csrf.CsrfToken]
2026-05-14T00:30:22.087Z TRACE 62076 --- [biblioteca-pessoal] [o-auto-1-exec-1] o.s.security.web.csrf.CsrfFilter         : Did not protect against CSRF since request did not match CsrfNotRequired [TRACE, HEAD, GET, OPTIONS]
2026-05-14T00:30:22.088Z TRACE 62076 --- [biblioteca-pessoal] [o-auto-1-exec-1] o.s.security.web.FilterChainProxy        : Invoking LogoutFilter (6/14)
2026-05-14T00:30:22.088Z TRACE 62076 --- [biblioteca-pessoal] [o-auto-1-exec-1] o.s.s.w.a.logout.LogoutFilter            : Did not match request to Ant [pattern='/logout', POST]
2026-05-14T00:30:22.088Z TRACE 62076 --- [biblioteca-pessoal] [o-auto-1-exec-1] o.s.security.web.FilterChainProxy        : Invoking UsernamePasswordAuthenticationFilter (7/14)
2026-05-14T00:30:22.088Z TRACE 62076 --- [biblioteca-pessoal] [o-auto-1-exec-1] w.a.UsernamePasswordAuthenticationFilter : Did not match request to Ant [pattern='/login', POST]
2026-05-14T00:30:22.088Z TRACE 62076 --- [biblioteca-pessoal] [o-auto-1-exec-1] o.s.security.web.FilterChainProxy        : Invoking ConcurrentSessionFilter (8/14)
2026-05-14T00:30:22.088Z TRACE 62076 --- [biblioteca-pessoal] [o-auto-1-exec-1] o.s.security.web.FilterChainProxy        : Invoking RequestCacheAwareFilter (9/14)
2026-05-14T00:30:22.088Z TRACE 62076 --- [biblioteca-pessoal] [o-auto-1-exec-1] o.s.s.w.s.HttpSessionRequestCache        : matchingRequestParameterName is required for getMatchingRequest to lookup a value, but not provided
2026-05-14T00:30:22.088Z TRACE 62076 --- [biblioteca-pessoal] [o-auto-1-exec-1] o.s.security.web.FilterChainProxy        : Invoking SecurityContextHolderAwareRequestFilter (10/14)
2026-05-14T00:30:22.088Z TRACE 62076 --- [biblioteca-pessoal] [o-auto-1-exec-1] o.s.security.web.FilterChainProxy        : Invoking AnonymousAuthenticationFilter (11/14)
2026-05-14T00:30:22.088Z TRACE 62076 --- [biblioteca-pessoal] [o-auto-1-exec-1] o.s.security.web.FilterChainProxy        : Invoking SessionManagementFilter (12/14)
2026-05-14T00:30:22.088Z TRACE 62076 --- [biblioteca-pessoal] [o-auto-1-exec-1] w.c.HttpSessionSecurityContextRepository : No HttpSession currently exists
2026-05-14T00:30:22.088Z TRACE 62076 --- [biblioteca-pessoal] [o-auto-1-exec-1] .s.s.w.c.SupplierDeferredSecurityContext : Created SecurityContextImpl [Null authentication]
2026-05-14T00:30:22.088Z TRACE 62076 --- [biblioteca-pessoal] [o-auto-1-exec-1] .s.s.w.c.SupplierDeferredSecurityContext : Created SecurityContextImpl [Null authentication]
2026-05-14T00:30:22.088Z TRACE 62076 --- [biblioteca-pessoal] [o-auto-1-exec-1] o.s.s.w.a.AnonymousAuthenticationFilter  : Set SecurityContextHolder to AnonymousAuthenticationToken [Principal=anonymousUser, Credentials=[PROTECTED], Authenticated=true, Details=WebAuthenticationDetails [RemoteIpAddress=127.0.0.1, SessionId=null], Granted Authorities=[ROLE_ANONYMOUS]]
2026-05-14T00:30:22.088Z TRACE 62076 --- [biblioteca-pessoal] [o-auto-1-exec-1] o.s.security.web.FilterChainProxy        : Invoking ExceptionTranslationFilter (13/14)
2026-05-14T00:30:22.088Z TRACE 62076 --- [biblioteca-pessoal] [o-auto-1-exec-1] o.s.security.web.FilterChainProxy        : Invoking AuthorizationFilter (14/14)
2026-05-14T00:30:22.091Z TRACE 62076 --- [biblioteca-pessoal] [o-auto-1-exec-1] estMatcherDelegatingAuthorizationManager : Authorizing GET /register
2026-05-14T00:30:22.091Z TRACE 62076 --- [biblioteca-pessoal] [o-auto-1-exec-1] estMatcherDelegatingAuthorizationManager : Checking authorization on GET /register using org.springframework.security.authorization.SingleResultAuthorizationManager@41a4df78
2026-05-14T00:30:22.092Z DEBUG 62076 --- [biblioteca-pessoal] [o-auto-1-exec-1] o.s.security.web.FilterChainProxy        : Secured GET /register
2026-05-14T00:30:22.108Z TRACE 62076 --- [biblioteca-pessoal] [o-auto-1-exec-1] o.s.s.w.header.writers.HstsHeaderWriter  : Not injecting HSTS header since it did not match request to [Is Secure]
2026-05-14T00:30:22.150Z TRACE 62076 --- [biblioteca-pessoal] [o-auto-1-exec-3] o.s.security.web.FilterChainProxy        : Trying to match request against DefaultSecurityFilterChain defined as 'securityFilterChain' in [class path resource [br/edu/qualidade/biblioteca/security/SecurityConfig.class]] matching [any request] and having filters [DisableEncodeUrl, WebAsyncManagerIntegration, SecurityContextHolder, HeaderWriter, Csrf, Logout, UsernamePasswordAuthentication, ConcurrentSession, RequestCacheAware, SecurityContextHolderAwareRequest, AnonymousAuthentication, SessionManagement, ExceptionTranslation, Authorization] (1/1)
2026-05-14T00:30:22.151Z DEBUG 62076 --- [biblioteca-pessoal] [o-auto-1-exec-3] o.s.security.web.FilterChainProxy        : Securing POST /register
2026-05-14T00:30:22.151Z TRACE 62076 --- [biblioteca-pessoal] [o-auto-1-exec-3] o.s.security.web.FilterChainProxy        : Invoking DisableEncodeUrlFilter (1/14)
2026-05-14T00:30:22.152Z TRACE 62076 --- [biblioteca-pessoal] [o-auto-1-exec-3] o.s.security.web.FilterChainProxy        : Invoking WebAsyncManagerIntegrationFilter (2/14)
2026-05-14T00:30:22.152Z TRACE 62076 --- [biblioteca-pessoal] [o-auto-1-exec-3] o.s.security.web.FilterChainProxy        : Invoking SecurityContextHolderFilter (3/14)
2026-05-14T00:30:22.152Z TRACE 62076 --- [biblioteca-pessoal] [o-auto-1-exec-3] o.s.security.web.FilterChainProxy        : Invoking HeaderWriterFilter (4/14)
2026-05-14T00:30:22.152Z TRACE 62076 --- [biblioteca-pessoal] [o-auto-1-exec-3] o.s.security.web.FilterChainProxy        : Invoking CsrfFilter (5/14)
2026-05-14T00:30:22.152Z TRACE 62076 --- [biblioteca-pessoal] [o-auto-1-exec-3] s.s.w.c.CsrfTokenRequestAttributeHandler : Wrote a CSRF token to the following request attributes: [_csrf, org.springframework.security.web.csrf.CsrfToken]
2026-05-14T00:30:22.152Z TRACE 62076 --- [biblioteca-pessoal] [o-auto-1-exec-3] o.s.s.web.csrf.CsrfTokenRequestHandler   : Did not find a CSRF token in the [X-XSRF-TOKEN] request header
2026-05-14T00:30:22.153Z TRACE 62076 --- [biblioteca-pessoal] [o-auto-1-exec-3] o.s.security.web.csrf.CsrfFilter         : Found a CSRF token in the request
2026-05-14T00:30:22.153Z TRACE 62076 --- [biblioteca-pessoal] [o-auto-1-exec-3] o.s.security.web.FilterChainProxy        : Invoking LogoutFilter (6/14)
2026-05-14T00:30:22.153Z TRACE 62076 --- [biblioteca-pessoal] [o-auto-1-exec-3] o.s.s.w.a.logout.LogoutFilter            : Did not match request to Ant [pattern='/logout', POST]
2026-05-14T00:30:22.153Z TRACE 62076 --- [biblioteca-pessoal] [o-auto-1-exec-3] o.s.security.web.FilterChainProxy        : Invoking UsernamePasswordAuthenticationFilter (7/14)
2026-05-14T00:30:22.153Z TRACE 62076 --- [biblioteca-pessoal] [o-auto-1-exec-3] w.a.UsernamePasswordAuthenticationFilter : Did not match request to Ant [pattern='/login', POST]
2026-05-14T00:30:22.155Z TRACE 62076 --- [biblioteca-pessoal] [o-auto-1-exec-3] o.s.security.web.FilterChainProxy        : Invoking ConcurrentSessionFilter (8/14)
2026-05-14T00:30:22.155Z TRACE 62076 --- [biblioteca-pessoal] [o-auto-1-exec-3] o.s.security.web.FilterChainProxy        : Invoking RequestCacheAwareFilter (9/14)
2026-05-14T00:30:22.155Z TRACE 62076 --- [biblioteca-pessoal] [o-auto-1-exec-3] o.s.s.w.s.HttpSessionRequestCache        : matchingRequestParameterName is required for getMatchingRequest to lookup a value, but not provided
2026-05-14T00:30:22.155Z TRACE 62076 --- [biblioteca-pessoal] [o-auto-1-exec-3] o.s.security.web.FilterChainProxy        : Invoking SecurityContextHolderAwareRequestFilter (10/14)
2026-05-14T00:30:22.155Z TRACE 62076 --- [biblioteca-pessoal] [o-auto-1-exec-3] o.s.security.web.FilterChainProxy        : Invoking AnonymousAuthenticationFilter (11/14)
2026-05-14T00:30:22.155Z TRACE 62076 --- [biblioteca-pessoal] [o-auto-1-exec-3] o.s.security.web.FilterChainProxy        : Invoking SessionManagementFilter (12/14)
2026-05-14T00:30:22.155Z TRACE 62076 --- [biblioteca-pessoal] [o-auto-1-exec-3] w.c.HttpSessionSecurityContextRepository : No HttpSession currently exists
2026-05-14T00:30:22.155Z TRACE 62076 --- [biblioteca-pessoal] [o-auto-1-exec-3] .s.s.w.c.SupplierDeferredSecurityContext : Created SecurityContextImpl [Null authentication]
2026-05-14T00:30:22.155Z TRACE 62076 --- [biblioteca-pessoal] [o-auto-1-exec-3] .s.s.w.c.SupplierDeferredSecurityContext : Created SecurityContextImpl [Null authentication]
2026-05-14T00:30:22.155Z TRACE 62076 --- [biblioteca-pessoal] [o-auto-1-exec-3] o.s.s.w.a.AnonymousAuthenticationFilter  : Set SecurityContextHolder to AnonymousAuthenticationToken [Principal=anonymousUser, Credentials=[PROTECTED], Authenticated=true, Details=WebAuthenticationDetails [RemoteIpAddress=127.0.0.1, SessionId=null], Granted Authorities=[ROLE_ANONYMOUS]]
2026-05-14T00:30:22.155Z TRACE 62076 --- [biblioteca-pessoal] [o-auto-1-exec-3] o.s.security.web.FilterChainProxy        : Invoking ExceptionTranslationFilter (13/14)
2026-05-14T00:30:22.155Z TRACE 62076 --- [biblioteca-pessoal] [o-auto-1-exec-3] o.s.security.web.FilterChainProxy        : Invoking AuthorizationFilter (14/14)
2026-05-14T00:30:22.156Z TRACE 62076 --- [biblioteca-pessoal] [o-auto-1-exec-3] estMatcherDelegatingAuthorizationManager : Authorizing POST /register
2026-05-14T00:30:22.156Z TRACE 62076 --- [biblioteca-pessoal] [o-auto-1-exec-3] estMatcherDelegatingAuthorizationManager : Checking authorization on POST /register using org.springframework.security.authorization.SingleResultAuthorizationManager@41a4df78
2026-05-14T00:30:22.156Z DEBUG 62076 --- [biblioteca-pessoal] [o-auto-1-exec-3] o.s.security.web.FilterChainProxy        : Secured POST /register
2026-05-14T00:30:22.689Z TRACE 62076 --- [biblioteca-pessoal] [o-auto-1-exec-3] o.s.s.w.header.writers.HstsHeaderWriter  : Not injecting HSTS header since it did not match request to [Is Secure]
2026-05-14T00:30:22.707Z TRACE 62076 --- [biblioteca-pessoal] [o-auto-1-exec-2] o.s.security.web.FilterChainProxy        : Trying to match request against DefaultSecurityFilterChain defined as 'securityFilterChain' in [class path resource [br/edu/qualidade/biblioteca/security/SecurityConfig.class]] matching [any request] and having filters [DisableEncodeUrl, WebAsyncManagerIntegration, SecurityContextHolder, HeaderWriter, Csrf, Logout, UsernamePasswordAuthentication, ConcurrentSession, RequestCacheAware, SecurityContextHolderAwareRequest, AnonymousAuthentication, SessionManagement, ExceptionTranslation, Authorization] (1/1)
2026-05-14T00:30:22.707Z DEBUG 62076 --- [biblioteca-pessoal] [o-auto-1-exec-2] o.s.security.web.FilterChainProxy        : Securing GET /login
2026-05-14T00:30:22.707Z TRACE 62076 --- [biblioteca-pessoal] [o-auto-1-exec-2] o.s.security.web.FilterChainProxy        : Invoking DisableEncodeUrlFilter (1/14)
2026-05-14T00:30:22.707Z TRACE 62076 --- [biblioteca-pessoal] [o-auto-1-exec-2] o.s.security.web.FilterChainProxy        : Invoking WebAsyncManagerIntegrationFilter (2/14)
2026-05-14T00:30:22.707Z TRACE 62076 --- [biblioteca-pessoal] [o-auto-1-exec-2] o.s.security.web.FilterChainProxy        : Invoking SecurityContextHolderFilter (3/14)
2026-05-14T00:30:22.707Z TRACE 62076 --- [biblioteca-pessoal] [o-auto-1-exec-2] o.s.security.web.FilterChainProxy        : Invoking HeaderWriterFilter (4/14)
2026-05-14T00:30:22.707Z TRACE 62076 --- [biblioteca-pessoal] [o-auto-1-exec-2] o.s.security.web.FilterChainProxy        : Invoking CsrfFilter (5/14)
2026-05-14T00:30:22.707Z TRACE 62076 --- [biblioteca-pessoal] [o-auto-1-exec-2] s.s.w.c.CsrfTokenRequestAttributeHandler : Wrote a CSRF token to the following request attributes: [_csrf, org.springframework.security.web.csrf.CsrfToken]
2026-05-14T00:30:22.707Z TRACE 62076 --- [biblioteca-pessoal] [o-auto-1-exec-2] o.s.security.web.csrf.CsrfFilter         : Did not protect against CSRF since request did not match CsrfNotRequired [TRACE, HEAD, GET, OPTIONS]
2026-05-14T00:30:22.707Z TRACE 62076 --- [biblioteca-pessoal] [o-auto-1-exec-2] o.s.security.web.FilterChainProxy        : Invoking LogoutFilter (6/14)
2026-05-14T00:30:22.708Z TRACE 62076 --- [biblioteca-pessoal] [o-auto-1-exec-2] o.s.s.w.a.logout.LogoutFilter            : Did not match request to Ant [pattern='/logout', POST]
2026-05-14T00:30:22.708Z TRACE 62076 --- [biblioteca-pessoal] [o-auto-1-exec-2] o.s.security.web.FilterChainProxy        : Invoking UsernamePasswordAuthenticationFilter (7/14)
2026-05-14T00:30:22.708Z TRACE 62076 --- [biblioteca-pessoal] [o-auto-1-exec-2] w.a.UsernamePasswordAuthenticationFilter : Did not match request to Ant [pattern='/login', POST]
2026-05-14T00:30:22.708Z TRACE 62076 --- [biblioteca-pessoal] [o-auto-1-exec-2] o.s.security.web.FilterChainProxy        : Invoking ConcurrentSessionFilter (8/14)
2026-05-14T00:30:22.708Z TRACE 62076 --- [biblioteca-pessoal] [o-auto-1-exec-2] o.s.security.web.FilterChainProxy        : Invoking RequestCacheAwareFilter (9/14)
2026-05-14T00:30:22.708Z TRACE 62076 --- [biblioteca-pessoal] [o-auto-1-exec-2] o.s.s.w.s.HttpSessionRequestCache        : matchingRequestParameterName is required for getMatchingRequest to lookup a value, but not provided
2026-05-14T00:30:22.708Z TRACE 62076 --- [biblioteca-pessoal] [o-auto-1-exec-2] o.s.security.web.FilterChainProxy        : Invoking SecurityContextHolderAwareRequestFilter (10/14)
2026-05-14T00:30:22.708Z TRACE 62076 --- [biblioteca-pessoal] [o-auto-1-exec-2] o.s.security.web.FilterChainProxy        : Invoking AnonymousAuthenticationFilter (11/14)
2026-05-14T00:30:22.709Z TRACE 62076 --- [biblioteca-pessoal] [o-auto-1-exec-2] o.s.security.web.FilterChainProxy        : Invoking SessionManagementFilter (12/14)
2026-05-14T00:30:22.710Z TRACE 62076 --- [biblioteca-pessoal] [o-auto-1-exec-2] w.c.HttpSessionSecurityContextRepository : Did not find SecurityContext in HttpSession B56E25DB5A945146416B4C5A03B88DFE using the SPRING_SECURITY_CONTEXT session attribute
2026-05-14T00:30:22.710Z TRACE 62076 --- [biblioteca-pessoal] [o-auto-1-exec-2] .s.s.w.c.SupplierDeferredSecurityContext : Created SecurityContextImpl [Null authentication]
2026-05-14T00:30:22.710Z TRACE 62076 --- [biblioteca-pessoal] [o-auto-1-exec-2] .s.s.w.c.SupplierDeferredSecurityContext : Created SecurityContextImpl [Null authentication]
2026-05-14T00:30:22.710Z TRACE 62076 --- [biblioteca-pessoal] [o-auto-1-exec-2] o.s.s.w.a.AnonymousAuthenticationFilter  : Set SecurityContextHolder to AnonymousAuthenticationToken [Principal=anonymousUser, Credentials=[PROTECTED], Authenticated=true, Details=WebAuthenticationDetails [RemoteIpAddress=127.0.0.1, SessionId=B56E25DB5A945146416B4C5A03B88DFE], Granted Authorities=[ROLE_ANONYMOUS]]
2026-05-14T00:30:22.710Z TRACE 62076 --- [biblioteca-pessoal] [o-auto-1-exec-2] o.s.security.web.FilterChainProxy        : Invoking ExceptionTranslationFilter (13/14)
2026-05-14T00:30:22.710Z TRACE 62076 --- [biblioteca-pessoal] [o-auto-1-exec-2] o.s.security.web.FilterChainProxy        : Invoking AuthorizationFilter (14/14)
2026-05-14T00:30:22.710Z TRACE 62076 --- [biblioteca-pessoal] [o-auto-1-exec-2] estMatcherDelegatingAuthorizationManager : Authorizing GET /login
2026-05-14T00:30:22.710Z TRACE 62076 --- [biblioteca-pessoal] [o-auto-1-exec-2] estMatcherDelegatingAuthorizationManager : Checking authorization on GET /login using org.springframework.security.authorization.SingleResultAuthorizationManager@41a4df78
2026-05-14T00:30:22.710Z DEBUG 62076 --- [biblioteca-pessoal] [o-auto-1-exec-2] o.s.security.web.FilterChainProxy        : Secured GET /login
2026-05-14T00:30:22.717Z TRACE 62076 --- [biblioteca-pessoal] [o-auto-1-exec-2] o.s.s.w.header.writers.HstsHeaderWriter  : Not injecting HSTS header since it did not match request to [Is Secure]
2026-05-14T00:30:22.746Z TRACE 62076 --- [biblioteca-pessoal] [o-auto-1-exec-4] o.s.security.web.FilterChainProxy        : Trying to match request against DefaultSecurityFilterChain defined as 'securityFilterChain' in [class path resource [br/edu/qualidade/biblioteca/security/SecurityConfig.class]] matching [any request] and having filters [DisableEncodeUrl, WebAsyncManagerIntegration, SecurityContextHolder, HeaderWriter, Csrf, Logout, UsernamePasswordAuthentication, ConcurrentSession, RequestCacheAware, SecurityContextHolderAwareRequest, AnonymousAuthentication, SessionManagement, ExceptionTranslation, Authorization] (1/1)
2026-05-14T00:30:22.746Z DEBUG 62076 --- [biblioteca-pessoal] [o-auto-1-exec-4] o.s.security.web.FilterChainProxy        : Securing POST /login
2026-05-14T00:30:22.746Z TRACE 62076 --- [biblioteca-pessoal] [o-auto-1-exec-4] o.s.security.web.FilterChainProxy        : Invoking DisableEncodeUrlFilter (1/14)
2026-05-14T00:30:22.746Z TRACE 62076 --- [biblioteca-pessoal] [o-auto-1-exec-4] o.s.security.web.FilterChainProxy        : Invoking WebAsyncManagerIntegrationFilter (2/14)
2026-05-14T00:30:22.746Z TRACE 62076 --- [biblioteca-pessoal] [o-auto-1-exec-4] o.s.security.web.FilterChainProxy        : Invoking SecurityContextHolderFilter (3/14)
2026-05-14T00:30:22.746Z TRACE 62076 --- [biblioteca-pessoal] [o-auto-1-exec-4] o.s.security.web.FilterChainProxy        : Invoking HeaderWriterFilter (4/14)
2026-05-14T00:30:22.746Z TRACE 62076 --- [biblioteca-pessoal] [o-auto-1-exec-4] o.s.security.web.FilterChainProxy        : Invoking CsrfFilter (5/14)
2026-05-14T00:30:22.746Z TRACE 62076 --- [biblioteca-pessoal] [o-auto-1-exec-4] s.s.w.c.CsrfTokenRequestAttributeHandler : Wrote a CSRF token to the following request attributes: [_csrf, org.springframework.security.web.csrf.CsrfToken]
2026-05-14T00:30:22.747Z TRACE 62076 --- [biblioteca-pessoal] [o-auto-1-exec-4] o.s.s.web.csrf.CsrfTokenRequestHandler   : Did not find a CSRF token in the [X-XSRF-TOKEN] request header
2026-05-14T00:30:22.747Z TRACE 62076 --- [biblioteca-pessoal] [o-auto-1-exec-4] o.s.security.web.csrf.CsrfFilter         : Found a CSRF token in the request
2026-05-14T00:30:22.747Z TRACE 62076 --- [biblioteca-pessoal] [o-auto-1-exec-4] o.s.security.web.FilterChainProxy        : Invoking LogoutFilter (6/14)
2026-05-14T00:30:22.747Z TRACE 62076 --- [biblioteca-pessoal] [o-auto-1-exec-4] o.s.s.w.a.logout.LogoutFilter            : Did not match request to Ant [pattern='/logout', POST]
2026-05-14T00:30:22.747Z TRACE 62076 --- [biblioteca-pessoal] [o-auto-1-exec-4] o.s.security.web.FilterChainProxy        : Invoking UsernamePasswordAuthenticationFilter (7/14)
2026-05-14T00:30:22.747Z TRACE 62076 --- [biblioteca-pessoal] [o-auto-1-exec-4] o.s.s.authentication.ProviderManager     : Authenticating request with DaoAuthenticationProvider (1/2)
2026-05-14T00:30:22.747Z DEBUG 62076 --- [biblioteca-pessoal] [o-auto-1-exec-4] b.e.q.b.s.MongoLibraryUserDetailsService : Tentando autenticar usuário. emailNormalizado='user-fefce3dc-3cc2-4227-bb0d-8eac0f8b2165@example.com'
2026-05-14T00:30:22.753Z DEBUG 62076 --- [biblioteca-pessoal] [o-auto-1-exec-4] b.e.q.b.s.MongoLibraryUserDetailsService : Usuário encontrado. id=6a05179e1753e00383716059, email=user-fefce3dc-3cc2-4227-bb0d-8eac0f8b2165@example.com, enabled=true, roles=[ROLE_USER], passwordHashLength=60, passwordHashPrefix=$2a$12$
2026-05-14T00:30:23.209Z DEBUG 62076 --- [biblioteca-pessoal] [o-auto-1-exec-4] o.s.s.a.dao.DaoAuthenticationProvider    : Authenticated user
2026-05-14T00:30:23.210Z TRACE 62076 --- [biblioteca-pessoal] [o-auto-1-exec-4] s.CompositeSessionAuthenticationStrategy : Preparing session with ConcurrentSessionControlAuthenticationStrategy (1/4)
2026-05-14T00:30:23.210Z TRACE 62076 --- [biblioteca-pessoal] [o-auto-1-exec-4] s.CompositeSessionAuthenticationStrategy : Preparing session with SessionFixationProtectionStrategy (2/4)
2026-05-14T00:30:23.210Z DEBUG 62076 --- [biblioteca-pessoal] [o-auto-1-exec-4] .w.a.s.SessionFixationProtectionStrategy : Invalidating session with Id 'B56E25DB5A945146416B4C5A03B88DFE' and migrating attributes.
2026-05-14T00:30:23.210Z DEBUG 62076 --- [biblioteca-pessoal] [o-auto-1-exec-4] .w.a.s.SessionFixationProtectionStrategy : Started new session: 4E0EAE69A0502236330E27564E2B077A
2026-05-14T00:30:23.210Z DEBUG 62076 --- [biblioteca-pessoal] [o-auto-1-exec-4] .w.a.s.SessionFixationProtectionStrategy : Changed session id from B56E25DB5A945146416B4C5A03B88DFE
2026-05-14T00:30:23.210Z TRACE 62076 --- [biblioteca-pessoal] [o-auto-1-exec-4] s.CompositeSessionAuthenticationStrategy : Preparing session with RegisterSessionAuthenticationStrategy (3/4)
2026-05-14T00:30:23.210Z DEBUG 62076 --- [biblioteca-pessoal] [o-auto-1-exec-4] o.s.s.core.session.SessionRegistryImpl   : Registering session 4E0EAE69A0502236330E27564E2B077A, for principal org.springframework.security.core.userdetails.User [Username=user-fefce3dc-3cc2-4227-bb0d-8eac0f8b2165@example.com, Password=[PROTECTED], Enabled=true, AccountNonExpired=true, CredentialsNonExpired=true, AccountNonLocked=true, Granted Authorities=[ROLE_USER]]
2026-05-14T00:30:23.210Z TRACE 62076 --- [biblioteca-pessoal] [o-auto-1-exec-4] o.s.s.core.session.SessionRegistryImpl   : Sessions used by 'org.springframework.security.core.userdetails.User [Username=user-fefce3dc-3cc2-4227-bb0d-8eac0f8b2165@example.com, Password=[PROTECTED], Enabled=true, AccountNonExpired=true, CredentialsNonExpired=true, AccountNonLocked=true, Granted Authorities=[ROLE_USER]]' : [4E0EAE69A0502236330E27564E2B077A]
2026-05-14T00:30:23.210Z TRACE 62076 --- [biblioteca-pessoal] [o-auto-1-exec-4] s.CompositeSessionAuthenticationStrategy : Preparing session with CsrfAuthenticationStrategy (4/4)
2026-05-14T00:30:23.211Z TRACE 62076 --- [biblioteca-pessoal] [o-auto-1-exec-4] s.s.w.c.CsrfTokenRequestAttributeHandler : Wrote a CSRF token to the following request attributes: [_csrf, org.springframework.security.web.csrf.CsrfToken]
2026-05-14T00:30:23.211Z DEBUG 62076 --- [biblioteca-pessoal] [o-auto-1-exec-4] o.s.s.w.csrf.CsrfAuthenticationStrategy  : Replaced CSRF Token
2026-05-14T00:30:23.211Z DEBUG 62076 --- [biblioteca-pessoal] [o-auto-1-exec-4] w.c.HttpSessionSecurityContextRepository : Stored SecurityContextImpl [Authentication=UsernamePasswordAuthenticationToken [Principal=org.springframework.security.core.userdetails.User [Username=user-fefce3dc-3cc2-4227-bb0d-8eac0f8b2165@example.com, Password=[PROTECTED], Enabled=true, AccountNonExpired=true, CredentialsNonExpired=true, AccountNonLocked=true, Granted Authorities=[ROLE_USER]], Credentials=[PROTECTED], Authenticated=true, Details=WebAuthenticationDetails [RemoteIpAddress=127.0.0.1, SessionId=B56E25DB5A945146416B4C5A03B88DFE], Granted Authorities=[ROLE_USER]]] to HttpSession [org.apache.catalina.session.StandardSessionFacade@6834038a]
2026-05-14T00:30:23.211Z DEBUG 62076 --- [biblioteca-pessoal] [o-auto-1-exec-4] w.a.UsernamePasswordAuthenticationFilter : Set SecurityContextHolder to UsernamePasswordAuthenticationToken [Principal=org.springframework.security.core.userdetails.User [Username=user-fefce3dc-3cc2-4227-bb0d-8eac0f8b2165@example.com, Password=[PROTECTED], Enabled=true, AccountNonExpired=true, CredentialsNonExpired=true, AccountNonLocked=true, Granted Authorities=[ROLE_USER]], Credentials=[PROTECTED], Authenticated=true, Details=WebAuthenticationDetails [RemoteIpAddress=127.0.0.1, SessionId=B56E25DB5A945146416B4C5A03B88DFE], Granted Authorities=[ROLE_USER]]
2026-05-14T00:30:23.211Z  INFO 62076 --- [biblioteca-pessoal] [o-auto-1-exec-4] b.e.q.b.security.SecurityConfig          : Login realizado com sucesso para username=user-fefce3dc-3cc2-4227-bb0d-8eac0f8b2165@example.com
2026-05-14T00:30:23.211Z TRACE 62076 --- [biblioteca-pessoal] [o-auto-1-exec-4] o.s.s.w.header.writers.HstsHeaderWriter  : Not injecting HSTS header since it did not match request to [Is Secure]
2026-05-14T00:30:23.225Z TRACE 62076 --- [biblioteca-pessoal] [o-auto-1-exec-5] o.s.security.web.FilterChainProxy        : Trying to match request against DefaultSecurityFilterChain defined as 'securityFilterChain' in [class path resource [br/edu/qualidade/biblioteca/security/SecurityConfig.class]] matching [any request] and having filters [DisableEncodeUrl, WebAsyncManagerIntegration, SecurityContextHolder, HeaderWriter, Csrf, Logout, UsernamePasswordAuthentication, ConcurrentSession, RequestCacheAware, SecurityContextHolderAwareRequest, AnonymousAuthentication, SessionManagement, ExceptionTranslation, Authorization] (1/1)
2026-05-14T00:30:23.225Z DEBUG 62076 --- [biblioteca-pessoal] [o-auto-1-exec-5] o.s.security.web.FilterChainProxy        : Securing GET /books/new
2026-05-14T00:30:23.225Z TRACE 62076 --- [biblioteca-pessoal] [o-auto-1-exec-5] o.s.security.web.FilterChainProxy        : Invoking DisableEncodeUrlFilter (1/14)
2026-05-14T00:30:23.225Z TRACE 62076 --- [biblioteca-pessoal] [o-auto-1-exec-5] o.s.security.web.FilterChainProxy        : Invoking WebAsyncManagerIntegrationFilter (2/14)
2026-05-14T00:30:23.225Z TRACE 62076 --- [biblioteca-pessoal] [o-auto-1-exec-5] o.s.security.web.FilterChainProxy        : Invoking SecurityContextHolderFilter (3/14)
2026-05-14T00:30:23.225Z TRACE 62076 --- [biblioteca-pessoal] [o-auto-1-exec-5] o.s.security.web.FilterChainProxy        : Invoking HeaderWriterFilter (4/14)
2026-05-14T00:30:23.226Z TRACE 62076 --- [biblioteca-pessoal] [o-auto-1-exec-5] o.s.security.web.FilterChainProxy        : Invoking CsrfFilter (5/14)
2026-05-14T00:30:23.226Z TRACE 62076 --- [biblioteca-pessoal] [o-auto-1-exec-5] s.s.w.c.CsrfTokenRequestAttributeHandler : Wrote a CSRF token to the following request attributes: [_csrf, org.springframework.security.web.csrf.CsrfToken]
2026-05-14T00:30:23.226Z TRACE 62076 --- [biblioteca-pessoal] [o-auto-1-exec-5] o.s.security.web.csrf.CsrfFilter         : Did not protect against CSRF since request did not match CsrfNotRequired [TRACE, HEAD, GET, OPTIONS]
2026-05-14T00:30:23.226Z TRACE 62076 --- [biblioteca-pessoal] [o-auto-1-exec-5] o.s.security.web.FilterChainProxy        : Invoking LogoutFilter (6/14)
2026-05-14T00:30:23.226Z TRACE 62076 --- [biblioteca-pessoal] [o-auto-1-exec-5] o.s.s.w.a.logout.LogoutFilter            : Did not match request to Ant [pattern='/logout', POST]
2026-05-14T00:30:23.226Z TRACE 62076 --- [biblioteca-pessoal] [o-auto-1-exec-5] o.s.security.web.FilterChainProxy        : Invoking UsernamePasswordAuthenticationFilter (7/14)
2026-05-14T00:30:23.226Z TRACE 62076 --- [biblioteca-pessoal] [o-auto-1-exec-5] w.a.UsernamePasswordAuthenticationFilter : Did not match request to Ant [pattern='/login', POST]
2026-05-14T00:30:23.226Z TRACE 62076 --- [biblioteca-pessoal] [o-auto-1-exec-5] o.s.security.web.FilterChainProxy        : Invoking ConcurrentSessionFilter (8/14)
2026-05-14T00:30:23.226Z TRACE 62076 --- [biblioteca-pessoal] [o-auto-1-exec-5] o.s.security.web.FilterChainProxy        : Invoking RequestCacheAwareFilter (9/14)
2026-05-14T00:30:23.226Z TRACE 62076 --- [biblioteca-pessoal] [o-auto-1-exec-5] o.s.s.w.s.HttpSessionRequestCache        : matchingRequestParameterName is required for getMatchingRequest to lookup a value, but not provided
2026-05-14T00:30:23.226Z TRACE 62076 --- [biblioteca-pessoal] [o-auto-1-exec-5] o.s.security.web.FilterChainProxy        : Invoking SecurityContextHolderAwareRequestFilter (10/14)
2026-05-14T00:30:23.226Z TRACE 62076 --- [biblioteca-pessoal] [o-auto-1-exec-5] o.s.security.web.FilterChainProxy        : Invoking AnonymousAuthenticationFilter (11/14)
2026-05-14T00:30:23.226Z TRACE 62076 --- [biblioteca-pessoal] [o-auto-1-exec-5] o.s.security.web.FilterChainProxy        : Invoking SessionManagementFilter (12/14)
2026-05-14T00:30:23.226Z TRACE 62076 --- [biblioteca-pessoal] [o-auto-1-exec-5] o.s.security.web.FilterChainProxy        : Invoking ExceptionTranslationFilter (13/14)
2026-05-14T00:30:23.226Z TRACE 62076 --- [biblioteca-pessoal] [o-auto-1-exec-5] o.s.security.web.FilterChainProxy        : Invoking AuthorizationFilter (14/14)
2026-05-14T00:30:23.227Z TRACE 62076 --- [biblioteca-pessoal] [o-auto-1-exec-5] estMatcherDelegatingAuthorizationManager : Authorizing GET /books/new
2026-05-14T00:30:23.227Z TRACE 62076 --- [biblioteca-pessoal] [o-auto-1-exec-5] estMatcherDelegatingAuthorizationManager : Checking authorization on GET /books/new using AuthorityAuthorizationManager[authorities=[ROLE_USER]]
2026-05-14T00:30:23.227Z TRACE 62076 --- [biblioteca-pessoal] [o-auto-1-exec-5] w.c.HttpSessionSecurityContextRepository : Retrieved SecurityContextImpl [Authentication=UsernamePasswordAuthenticationToken [Principal=org.springframework.security.core.userdetails.User [Username=user-fefce3dc-3cc2-4227-bb0d-8eac0f8b2165@example.com, Password=[PROTECTED], Enabled=true, AccountNonExpired=true, CredentialsNonExpired=true, AccountNonLocked=true, Granted Authorities=[ROLE_USER]], Credentials=[PROTECTED], Authenticated=true, Details=WebAuthenticationDetails [RemoteIpAddress=127.0.0.1, SessionId=B56E25DB5A945146416B4C5A03B88DFE], Granted Authorities=[ROLE_USER]]] from SPRING_SECURITY_CONTEXT
2026-05-14T00:30:23.227Z TRACE 62076 --- [biblioteca-pessoal] [o-auto-1-exec-5] o.s.s.w.a.AnonymousAuthenticationFilter  : Did not set SecurityContextHolder since already authenticated UsernamePasswordAuthenticationToken [Principal=org.springframework.security.core.userdetails.User [Username=user-fefce3dc-3cc2-4227-bb0d-8eac0f8b2165@example.com, Password=[PROTECTED], Enabled=true, AccountNonExpired=true, CredentialsNonExpired=true, AccountNonLocked=true, Granted Authorities=[ROLE_USER]], Credentials=[PROTECTED], Authenticated=true, Details=WebAuthenticationDetails [RemoteIpAddress=127.0.0.1, SessionId=B56E25DB5A945146416B4C5A03B88DFE], Granted Authorities=[ROLE_USER]]
2026-05-14T00:30:23.227Z DEBUG 62076 --- [biblioteca-pessoal] [o-auto-1-exec-5] o.s.security.web.FilterChainProxy        : Secured GET /books/new
2026-05-14T00:30:23.246Z TRACE 62076 --- [biblioteca-pessoal] [o-auto-1-exec-5] o.s.s.w.header.writers.HstsHeaderWriter  : Not injecting HSTS header since it did not match request to [Is Secure]
2026-05-14T00:30:23.278Z TRACE 62076 --- [biblioteca-pessoal] [o-auto-1-exec-6] o.s.security.web.FilterChainProxy        : Trying to match request against DefaultSecurityFilterChain defined as 'securityFilterChain' in [class path resource [br/edu/qualidade/biblioteca/security/SecurityConfig.class]] matching [any request] and having filters [DisableEncodeUrl, WebAsyncManagerIntegration, SecurityContextHolder, HeaderWriter, Csrf, Logout, UsernamePasswordAuthentication, ConcurrentSession, RequestCacheAware, SecurityContextHolderAwareRequest, AnonymousAuthentication, SessionManagement, ExceptionTranslation, Authorization] (1/1)
2026-05-14T00:30:23.278Z DEBUG 62076 --- [biblioteca-pessoal] [o-auto-1-exec-6] o.s.security.web.FilterChainProxy        : Securing POST /books/new
2026-05-14T00:30:23.278Z TRACE 62076 --- [biblioteca-pessoal] [o-auto-1-exec-6] o.s.security.web.FilterChainProxy        : Invoking DisableEncodeUrlFilter (1/14)
2026-05-14T00:30:23.278Z TRACE 62076 --- [biblioteca-pessoal] [o-auto-1-exec-6] o.s.security.web.FilterChainProxy        : Invoking WebAsyncManagerIntegrationFilter (2/14)
2026-05-14T00:30:23.278Z TRACE 62076 --- [biblioteca-pessoal] [o-auto-1-exec-6] o.s.security.web.FilterChainProxy        : Invoking SecurityContextHolderFilter (3/14)
2026-05-14T00:30:23.278Z TRACE 62076 --- [biblioteca-pessoal] [o-auto-1-exec-6] o.s.security.web.FilterChainProxy        : Invoking HeaderWriterFilter (4/14)
2026-05-14T00:30:23.279Z TRACE 62076 --- [biblioteca-pessoal] [o-auto-1-exec-6] o.s.security.web.FilterChainProxy        : Invoking CsrfFilter (5/14)
2026-05-14T00:30:23.279Z TRACE 62076 --- [biblioteca-pessoal] [o-auto-1-exec-6] s.s.w.c.CsrfTokenRequestAttributeHandler : Wrote a CSRF token to the following request attributes: [_csrf, org.springframework.security.web.csrf.CsrfToken]
2026-05-14T00:30:23.279Z TRACE 62076 --- [biblioteca-pessoal] [o-auto-1-exec-6] o.s.s.web.csrf.CsrfTokenRequestHandler   : Did not find a CSRF token in the [X-XSRF-TOKEN] request header
2026-05-14T00:30:23.280Z TRACE 62076 --- [biblioteca-pessoal] [o-auto-1-exec-6] o.s.security.web.csrf.CsrfFilter         : Found a CSRF token in the request
2026-05-14T00:30:23.280Z TRACE 62076 --- [biblioteca-pessoal] [o-auto-1-exec-6] o.s.security.web.FilterChainProxy        : Invoking LogoutFilter (6/14)
2026-05-14T00:30:23.280Z TRACE 62076 --- [biblioteca-pessoal] [o-auto-1-exec-6] o.s.s.w.a.logout.LogoutFilter            : Did not match request to Ant [pattern='/logout', POST]
2026-05-14T00:30:23.280Z TRACE 62076 --- [biblioteca-pessoal] [o-auto-1-exec-6] o.s.security.web.FilterChainProxy        : Invoking UsernamePasswordAuthenticationFilter (7/14)
2026-05-14T00:30:23.280Z TRACE 62076 --- [biblioteca-pessoal] [o-auto-1-exec-6] w.a.UsernamePasswordAuthenticationFilter : Did not match request to Ant [pattern='/login', POST]
2026-05-14T00:30:23.280Z TRACE 62076 --- [biblioteca-pessoal] [o-auto-1-exec-6] o.s.security.web.FilterChainProxy        : Invoking ConcurrentSessionFilter (8/14)
2026-05-14T00:30:23.280Z TRACE 62076 --- [biblioteca-pessoal] [o-auto-1-exec-6] o.s.security.web.FilterChainProxy        : Invoking RequestCacheAwareFilter (9/14)
2026-05-14T00:30:23.284Z TRACE 62076 --- [biblioteca-pessoal] [o-auto-1-exec-6] o.s.s.w.s.HttpSessionRequestCache        : matchingRequestParameterName is required for getMatchingRequest to lookup a value, but not provided
2026-05-14T00:30:23.284Z TRACE 62076 --- [biblioteca-pessoal] [o-auto-1-exec-6] o.s.security.web.FilterChainProxy        : Invoking SecurityContextHolderAwareRequestFilter (10/14)
2026-05-14T00:30:23.284Z TRACE 62076 --- [biblioteca-pessoal] [o-auto-1-exec-6] o.s.security.web.FilterChainProxy        : Invoking AnonymousAuthenticationFilter (11/14)
2026-05-14T00:30:23.284Z TRACE 62076 --- [biblioteca-pessoal] [o-auto-1-exec-6] o.s.security.web.FilterChainProxy        : Invoking SessionManagementFilter (12/14)
2026-05-14T00:30:23.286Z TRACE 62076 --- [biblioteca-pessoal] [o-auto-1-exec-6] o.s.security.web.FilterChainProxy        : Invoking ExceptionTranslationFilter (13/14)
2026-05-14T00:30:23.287Z TRACE 62076 --- [biblioteca-pessoal] [o-auto-1-exec-6] o.s.security.web.FilterChainProxy        : Invoking AuthorizationFilter (14/14)
2026-05-14T00:30:23.287Z TRACE 62076 --- [biblioteca-pessoal] [o-auto-1-exec-6] estMatcherDelegatingAuthorizationManager : Authorizing POST /books/new
2026-05-14T00:30:23.288Z TRACE 62076 --- [biblioteca-pessoal] [o-auto-1-exec-6] estMatcherDelegatingAuthorizationManager : Checking authorization on POST /books/new using AuthorityAuthorizationManager[authorities=[ROLE_USER]]
2026-05-14T00:30:23.288Z TRACE 62076 --- [biblioteca-pessoal] [o-auto-1-exec-6] w.c.HttpSessionSecurityContextRepository : Retrieved SecurityContextImpl [Authentication=UsernamePasswordAuthenticationToken [Principal=org.springframework.security.core.userdetails.User [Username=user-fefce3dc-3cc2-4227-bb0d-8eac0f8b2165@example.com, Password=[PROTECTED], Enabled=true, AccountNonExpired=true, CredentialsNonExpired=true, AccountNonLocked=true, Granted Authorities=[ROLE_USER]], Credentials=[PROTECTED], Authenticated=true, Details=WebAuthenticationDetails [RemoteIpAddress=127.0.0.1, SessionId=B56E25DB5A945146416B4C5A03B88DFE], Granted Authorities=[ROLE_USER]]] from SPRING_SECURITY_CONTEXT
2026-05-14T00:30:23.288Z TRACE 62076 --- [biblioteca-pessoal] [o-auto-1-exec-6] o.s.s.w.a.AnonymousAuthenticationFilter  : Did not set SecurityContextHolder since already authenticated UsernamePasswordAuthenticationToken [Principal=org.springframework.security.core.userdetails.User [Username=user-fefce3dc-3cc2-4227-bb0d-8eac0f8b2165@example.com, Password=[PROTECTED], Enabled=true, AccountNonExpired=true, CredentialsNonExpired=true, AccountNonLocked=true, Granted Authorities=[ROLE_USER]], Credentials=[PROTECTED], Authenticated=true, Details=WebAuthenticationDetails [RemoteIpAddress=127.0.0.1, SessionId=B56E25DB5A945146416B4C5A03B88DFE], Granted Authorities=[ROLE_USER]]
2026-05-14T00:30:23.289Z DEBUG 62076 --- [biblioteca-pessoal] [o-auto-1-exec-6] o.s.security.web.FilterChainProxy        : Secured POST /books/new
2026-05-14T00:30:23.323Z TRACE 62076 --- [biblioteca-pessoal] [o-auto-1-exec-6] o.s.s.w.header.writers.HstsHeaderWriter  : Not injecting HSTS header since it did not match request to [Is Secure]
]]></system-out>
  </testcase>
  <testcase name="shouldRejectInvalidProgressThroughHttp" classname="br.edu.qualidade.biblioteca.web.controller.BookControllerIT" time="1.333">
    <system-out><![CDATA[2026-05-14T00:30:23.374Z TRACE 62076 --- [biblioteca-pessoal] [o-auto-1-exec-7] o.s.security.web.FilterChainProxy        : Trying to match request against DefaultSecurityFilterChain defined as 'securityFilterChain' in [class path resource [br/edu/qualidade/biblioteca/security/SecurityConfig.class]] matching [any request] and having filters [DisableEncodeUrl, WebAsyncManagerIntegration, SecurityContextHolder, HeaderWriter, Csrf, Logout, UsernamePasswordAuthentication, ConcurrentSession, RequestCacheAware, SecurityContextHolderAwareRequest, AnonymousAuthentication, SessionManagement, ExceptionTranslation, Authorization] (1/1)
2026-05-14T00:30:23.374Z DEBUG 62076 --- [biblioteca-pessoal] [o-auto-1-exec-7] o.s.security.web.FilterChainProxy        : Securing GET /register
2026-05-14T00:30:23.374Z TRACE 62076 --- [biblioteca-pessoal] [o-auto-1-exec-7] o.s.security.web.FilterChainProxy        : Invoking DisableEncodeUrlFilter (1/14)
2026-05-14T00:30:23.374Z TRACE 62076 --- [biblioteca-pessoal] [o-auto-1-exec-7] o.s.security.web.FilterChainProxy        : Invoking WebAsyncManagerIntegrationFilter (2/14)
2026-05-14T00:30:23.374Z TRACE 62076 --- [biblioteca-pessoal] [o-auto-1-exec-7] o.s.security.web.FilterChainProxy        : Invoking SecurityContextHolderFilter (3/14)
2026-05-14T00:30:23.374Z TRACE 62076 --- [biblioteca-pessoal] [o-auto-1-exec-7] o.s.security.web.FilterChainProxy        : Invoking HeaderWriterFilter (4/14)
2026-05-14T00:30:23.374Z TRACE 62076 --- [biblioteca-pessoal] [o-auto-1-exec-7] o.s.security.web.FilterChainProxy        : Invoking CsrfFilter (5/14)
2026-05-14T00:30:23.374Z TRACE 62076 --- [biblioteca-pessoal] [o-auto-1-exec-7] s.s.w.c.CsrfTokenRequestAttributeHandler : Wrote a CSRF token to the following request attributes: [_csrf, org.springframework.security.web.csrf.CsrfToken]
2026-05-14T00:30:23.374Z TRACE 62076 --- [biblioteca-pessoal] [o-auto-1-exec-7] o.s.security.web.csrf.CsrfFilter         : Did not protect against CSRF since request did not match CsrfNotRequired [TRACE, HEAD, GET, OPTIONS]
2026-05-14T00:30:23.375Z TRACE 62076 --- [biblioteca-pessoal] [o-auto-1-exec-7] o.s.security.web.FilterChainProxy        : Invoking LogoutFilter (6/14)
2026-05-14T00:30:23.375Z TRACE 62076 --- [biblioteca-pessoal] [o-auto-1-exec-7] o.s.s.w.a.logout.LogoutFilter            : Did not match request to Ant [pattern='/logout', POST]
2026-05-14T00:30:23.375Z TRACE 62076 --- [biblioteca-pessoal] [o-auto-1-exec-7] o.s.security.web.FilterChainProxy        : Invoking UsernamePasswordAuthenticationFilter (7/14)
2026-05-14T00:30:23.375Z TRACE 62076 --- [biblioteca-pessoal] [o-auto-1-exec-7] w.a.UsernamePasswordAuthenticationFilter : Did not match request to Ant [pattern='/login', POST]
2026-05-14T00:30:23.375Z TRACE 62076 --- [biblioteca-pessoal] [o-auto-1-exec-7] o.s.security.web.FilterChainProxy        : Invoking ConcurrentSessionFilter (8/14)
2026-05-14T00:30:23.375Z TRACE 62076 --- [biblioteca-pessoal] [o-auto-1-exec-7] o.s.security.web.FilterChainProxy        : Invoking RequestCacheAwareFilter (9/14)
2026-05-14T00:30:23.375Z TRACE 62076 --- [biblioteca-pessoal] [o-auto-1-exec-7] o.s.s.w.s.HttpSessionRequestCache        : matchingRequestParameterName is required for getMatchingRequest to lookup a value, but not provided
2026-05-14T00:30:23.375Z TRACE 62076 --- [biblioteca-pessoal] [o-auto-1-exec-7] o.s.security.web.FilterChainProxy        : Invoking SecurityContextHolderAwareRequestFilter (10/14)
2026-05-14T00:30:23.375Z TRACE 62076 --- [biblioteca-pessoal] [o-auto-1-exec-7] o.s.security.web.FilterChainProxy        : Invoking AnonymousAuthenticationFilter (11/14)
2026-05-14T00:30:23.375Z TRACE 62076 --- [biblioteca-pessoal] [o-auto-1-exec-7] o.s.security.web.FilterChainProxy        : Invoking SessionManagementFilter (12/14)
2026-05-14T00:30:23.376Z TRACE 62076 --- [biblioteca-pessoal] [o-auto-1-exec-7] w.c.HttpSessionSecurityContextRepository : No HttpSession currently exists
2026-05-14T00:30:23.376Z TRACE 62076 --- [biblioteca-pessoal] [o-auto-1-exec-7] .s.s.w.c.SupplierDeferredSecurityContext : Created SecurityContextImpl [Null authentication]
2026-05-14T00:30:23.376Z TRACE 62076 --- [biblioteca-pessoal] [o-auto-1-exec-7] .s.s.w.c.SupplierDeferredSecurityContext : Created SecurityContextImpl [Null authentication]
2026-05-14T00:30:23.376Z TRACE 62076 --- [biblioteca-pessoal] [o-auto-1-exec-7] o.s.s.w.a.AnonymousAuthenticationFilter  : Set SecurityContextHolder to AnonymousAuthenticationToken [Principal=anonymousUser, Credentials=[PROTECTED], Authenticated=true, Details=WebAuthenticationDetails [RemoteIpAddress=127.0.0.1, SessionId=null], Granted Authorities=[ROLE_ANONYMOUS]]
2026-05-14T00:30:23.376Z TRACE 62076 --- [biblioteca-pessoal] [o-auto-1-exec-7] o.s.security.web.FilterChainProxy        : Invoking ExceptionTranslationFilter (13/14)
2026-05-14T00:30:23.376Z TRACE 62076 --- [biblioteca-pessoal] [o-auto-1-exec-7] o.s.security.web.FilterChainProxy        : Invoking AuthorizationFilter (14/14)
2026-05-14T00:30:23.376Z TRACE 62076 --- [biblioteca-pessoal] [o-auto-1-exec-7] estMatcherDelegatingAuthorizationManager : Authorizing GET /register
2026-05-14T00:30:23.376Z TRACE 62076 --- [biblioteca-pessoal] [o-auto-1-exec-7] estMatcherDelegatingAuthorizationManager : Checking authorization on GET /register using org.springframework.security.authorization.SingleResultAuthorizationManager@41a4df78
2026-05-14T00:30:23.376Z DEBUG 62076 --- [biblioteca-pessoal] [o-auto-1-exec-7] o.s.security.web.FilterChainProxy        : Secured GET /register
2026-05-14T00:30:23.398Z TRACE 62076 --- [biblioteca-pessoal] [o-auto-1-exec-7] o.s.s.w.header.writers.HstsHeaderWriter  : Not injecting HSTS header since it did not match request to [Is Secure]
2026-05-14T00:30:23.428Z TRACE 62076 --- [biblioteca-pessoal] [o-auto-1-exec-8] o.s.security.web.FilterChainProxy        : Trying to match request against DefaultSecurityFilterChain defined as 'securityFilterChain' in [class path resource [br/edu/qualidade/biblioteca/security/SecurityConfig.class]] matching [any request] and having filters [DisableEncodeUrl, WebAsyncManagerIntegration, SecurityContextHolder, HeaderWriter, Csrf, Logout, UsernamePasswordAuthentication, ConcurrentSession, RequestCacheAware, SecurityContextHolderAwareRequest, AnonymousAuthentication, SessionManagement, ExceptionTranslation, Authorization] (1/1)
2026-05-14T00:30:23.428Z DEBUG 62076 --- [biblioteca-pessoal] [o-auto-1-exec-8] o.s.security.web.FilterChainProxy        : Securing POST /register
2026-05-14T00:30:23.428Z TRACE 62076 --- [biblioteca-pessoal] [o-auto-1-exec-8] o.s.security.web.FilterChainProxy        : Invoking DisableEncodeUrlFilter (1/14)
2026-05-14T00:30:23.428Z TRACE 62076 --- [biblioteca-pessoal] [o-auto-1-exec-8] o.s.security.web.FilterChainProxy        : Invoking WebAsyncManagerIntegrationFilter (2/14)
2026-05-14T00:30:23.428Z TRACE 62076 --- [biblioteca-pessoal] [o-auto-1-exec-8] o.s.security.web.FilterChainProxy        : Invoking SecurityContextHolderFilter (3/14)
2026-05-14T00:30:23.428Z TRACE 62076 --- [biblioteca-pessoal] [o-auto-1-exec-8] o.s.security.web.FilterChainProxy        : Invoking HeaderWriterFilter (4/14)
2026-05-14T00:30:23.428Z TRACE 62076 --- [biblioteca-pessoal] [o-auto-1-exec-8] o.s.security.web.FilterChainProxy        : Invoking CsrfFilter (5/14)
2026-05-14T00:30:23.428Z TRACE 62076 --- [biblioteca-pessoal] [o-auto-1-exec-8] s.s.w.c.CsrfTokenRequestAttributeHandler : Wrote a CSRF token to the following request attributes: [_csrf, org.springframework.security.web.csrf.CsrfToken]
2026-05-14T00:30:23.428Z TRACE 62076 --- [biblioteca-pessoal] [o-auto-1-exec-8] o.s.s.web.csrf.CsrfTokenRequestHandler   : Did not find a CSRF token in the [X-XSRF-TOKEN] request header
2026-05-14T00:30:23.429Z TRACE 62076 --- [biblioteca-pessoal] [o-auto-1-exec-8] o.s.security.web.csrf.CsrfFilter         : Found a CSRF token in the request
2026-05-14T00:30:23.429Z TRACE 62076 --- [biblioteca-pessoal] [o-auto-1-exec-8] o.s.security.web.FilterChainProxy        : Invoking LogoutFilter (6/14)
2026-05-14T00:30:23.429Z TRACE 62076 --- [biblioteca-pessoal] [o-auto-1-exec-8] o.s.s.w.a.logout.LogoutFilter            : Did not match request to Ant [pattern='/logout', POST]
2026-05-14T00:30:23.429Z TRACE 62076 --- [biblioteca-pessoal] [o-auto-1-exec-8] o.s.security.web.FilterChainProxy        : Invoking UsernamePasswordAuthenticationFilter (7/14)
2026-05-14T00:30:23.429Z TRACE 62076 --- [biblioteca-pessoal] [o-auto-1-exec-8] w.a.UsernamePasswordAuthenticationFilter : Did not match request to Ant [pattern='/login', POST]
2026-05-14T00:30:23.429Z TRACE 62076 --- [biblioteca-pessoal] [o-auto-1-exec-8] o.s.security.web.FilterChainProxy        : Invoking ConcurrentSessionFilter (8/14)
2026-05-14T00:30:23.429Z TRACE 62076 --- [biblioteca-pessoal] [o-auto-1-exec-8] o.s.security.web.FilterChainProxy        : Invoking RequestCacheAwareFilter (9/14)
2026-05-14T00:30:23.429Z TRACE 62076 --- [biblioteca-pessoal] [o-auto-1-exec-8] o.s.s.w.s.HttpSessionRequestCache        : matchingRequestParameterName is required for getMatchingRequest to lookup a value, but not provided
2026-05-14T00:30:23.429Z TRACE 62076 --- [biblioteca-pessoal] [o-auto-1-exec-8] o.s.security.web.FilterChainProxy        : Invoking SecurityContextHolderAwareRequestFilter (10/14)
2026-05-14T00:30:23.429Z TRACE 62076 --- [biblioteca-pessoal] [o-auto-1-exec-8] o.s.security.web.FilterChainProxy        : Invoking AnonymousAuthenticationFilter (11/14)
2026-05-14T00:30:23.429Z TRACE 62076 --- [biblioteca-pessoal] [o-auto-1-exec-8] o.s.security.web.FilterChainProxy        : Invoking SessionManagementFilter (12/14)
2026-05-14T00:30:23.429Z TRACE 62076 --- [biblioteca-pessoal] [o-auto-1-exec-8] w.c.HttpSessionSecurityContextRepository : No HttpSession currently exists
2026-05-14T00:30:23.429Z TRACE 62076 --- [biblioteca-pessoal] [o-auto-1-exec-8] .s.s.w.c.SupplierDeferredSecurityContext : Created SecurityContextImpl [Null authentication]
2026-05-14T00:30:23.429Z TRACE 62076 --- [biblioteca-pessoal] [o-auto-1-exec-8] .s.s.w.c.SupplierDeferredSecurityContext : Created SecurityContextImpl [Null authentication]
2026-05-14T00:30:23.429Z TRACE 62076 --- [biblioteca-pessoal] [o-auto-1-exec-8] o.s.s.w.a.AnonymousAuthenticationFilter  : Set SecurityContextHolder to AnonymousAuthenticationToken [Principal=anonymousUser, Credentials=[PROTECTED], Authenticated=true, Details=WebAuthenticationDetails [RemoteIpAddress=127.0.0.1, SessionId=null], Granted Authorities=[ROLE_ANONYMOUS]]
2026-05-14T00:30:23.429Z TRACE 62076 --- [biblioteca-pessoal] [o-auto-1-exec-8] o.s.security.web.FilterChainProxy        : Invoking ExceptionTranslationFilter (13/14)
2026-05-14T00:30:23.429Z TRACE 62076 --- [biblioteca-pessoal] [o-auto-1-exec-8] o.s.security.web.FilterChainProxy        : Invoking AuthorizationFilter (14/14)
2026-05-14T00:30:23.429Z TRACE 62076 --- [biblioteca-pessoal] [o-auto-1-exec-8] estMatcherDelegatingAuthorizationManager : Authorizing POST /register
2026-05-14T00:30:23.430Z TRACE 62076 --- [biblioteca-pessoal] [o-auto-1-exec-8] estMatcherDelegatingAuthorizationManager : Checking authorization on POST /register using org.springframework.security.authorization.SingleResultAuthorizationManager@41a4df78
2026-05-14T00:30:23.430Z DEBUG 62076 --- [biblioteca-pessoal] [o-auto-1-exec-8] o.s.security.web.FilterChainProxy        : Secured POST /register
2026-05-14T00:30:23.788Z TRACE 62076 --- [biblioteca-pessoal] [o-auto-1-exec-8] o.s.s.w.header.writers.HstsHeaderWriter  : Not injecting HSTS header since it did not match request to [Is Secure]
2026-05-14T00:30:23.802Z TRACE 62076 --- [biblioteca-pessoal] [o-auto-1-exec-9] o.s.security.web.FilterChainProxy        : Trying to match request against DefaultSecurityFilterChain defined as 'securityFilterChain' in [class path resource [br/edu/qualidade/biblioteca/security/SecurityConfig.class]] matching [any request] and having filters [DisableEncodeUrl, WebAsyncManagerIntegration, SecurityContextHolder, HeaderWriter, Csrf, Logout, UsernamePasswordAuthentication, ConcurrentSession, RequestCacheAware, SecurityContextHolderAwareRequest, AnonymousAuthentication, SessionManagement, ExceptionTranslation, Authorization] (1/1)
2026-05-14T00:30:23.803Z DEBUG 62076 --- [biblioteca-pessoal] [o-auto-1-exec-9] o.s.security.web.FilterChainProxy        : Securing GET /login
2026-05-14T00:30:23.803Z TRACE 62076 --- [biblioteca-pessoal] [o-auto-1-exec-9] o.s.security.web.FilterChainProxy        : Invoking DisableEncodeUrlFilter (1/14)
2026-05-14T00:30:23.803Z TRACE 62076 --- [biblioteca-pessoal] [o-auto-1-exec-9] o.s.security.web.FilterChainProxy        : Invoking WebAsyncManagerIntegrationFilter (2/14)
2026-05-14T00:30:23.803Z TRACE 62076 --- [biblioteca-pessoal] [o-auto-1-exec-9] o.s.security.web.FilterChainProxy        : Invoking SecurityContextHolderFilter (3/14)
2026-05-14T00:30:23.803Z TRACE 62076 --- [biblioteca-pessoal] [o-auto-1-exec-9] o.s.security.web.FilterChainProxy        : Invoking HeaderWriterFilter (4/14)
2026-05-14T00:30:23.803Z TRACE 62076 --- [biblioteca-pessoal] [o-auto-1-exec-9] o.s.security.web.FilterChainProxy        : Invoking CsrfFilter (5/14)
2026-05-14T00:30:23.803Z TRACE 62076 --- [biblioteca-pessoal] [o-auto-1-exec-9] s.s.w.c.CsrfTokenRequestAttributeHandler : Wrote a CSRF token to the following request attributes: [_csrf, org.springframework.security.web.csrf.CsrfToken]
2026-05-14T00:30:23.803Z TRACE 62076 --- [biblioteca-pessoal] [o-auto-1-exec-9] o.s.security.web.csrf.CsrfFilter         : Did not protect against CSRF since request did not match CsrfNotRequired [TRACE, HEAD, GET, OPTIONS]
2026-05-14T00:30:23.803Z TRACE 62076 --- [biblioteca-pessoal] [o-auto-1-exec-9] o.s.security.web.FilterChainProxy        : Invoking LogoutFilter (6/14)
2026-05-14T00:30:23.803Z TRACE 62076 --- [biblioteca-pessoal] [o-auto-1-exec-9] o.s.s.w.a.logout.LogoutFilter            : Did not match request to Ant [pattern='/logout', POST]
2026-05-14T00:30:23.803Z TRACE 62076 --- [biblioteca-pessoal] [o-auto-1-exec-9] o.s.security.web.FilterChainProxy        : Invoking UsernamePasswordAuthenticationFilter (7/14)
2026-05-14T00:30:23.803Z TRACE 62076 --- [biblioteca-pessoal] [o-auto-1-exec-9] w.a.UsernamePasswordAuthenticationFilter : Did not match request to Ant [pattern='/login', POST]
2026-05-14T00:30:23.803Z TRACE 62076 --- [biblioteca-pessoal] [o-auto-1-exec-9] o.s.security.web.FilterChainProxy        : Invoking ConcurrentSessionFilter (8/14)
2026-05-14T00:30:23.804Z TRACE 62076 --- [biblioteca-pessoal] [o-auto-1-exec-9] o.s.security.web.FilterChainProxy        : Invoking RequestCacheAwareFilter (9/14)
2026-05-14T00:30:23.804Z TRACE 62076 --- [biblioteca-pessoal] [o-auto-1-exec-9] o.s.s.w.s.HttpSessionRequestCache        : matchingRequestParameterName is required for getMatchingRequest to lookup a value, but not provided
2026-05-14T00:30:23.804Z TRACE 62076 --- [biblioteca-pessoal] [o-auto-1-exec-9] o.s.security.web.FilterChainProxy        : Invoking SecurityContextHolderAwareRequestFilter (10/14)
2026-05-14T00:30:23.804Z TRACE 62076 --- [biblioteca-pessoal] [o-auto-1-exec-9] o.s.security.web.FilterChainProxy        : Invoking AnonymousAuthenticationFilter (11/14)
2026-05-14T00:30:23.804Z TRACE 62076 --- [biblioteca-pessoal] [o-auto-1-exec-9] o.s.security.web.FilterChainProxy        : Invoking SessionManagementFilter (12/14)
2026-05-14T00:30:23.804Z TRACE 62076 --- [biblioteca-pessoal] [o-auto-1-exec-9] w.c.HttpSessionSecurityContextRepository : Did not find SecurityContext in HttpSession 4ED45DEAB4D342D5CF98721928A236C2 using the SPRING_SECURITY_CONTEXT session attribute
2026-05-14T00:30:23.804Z TRACE 62076 --- [biblioteca-pessoal] [o-auto-1-exec-9] .s.s.w.c.SupplierDeferredSecurityContext : Created SecurityContextImpl [Null authentication]
2026-05-14T00:30:23.804Z TRACE 62076 --- [biblioteca-pessoal] [o-auto-1-exec-9] .s.s.w.c.SupplierDeferredSecurityContext : Created SecurityContextImpl [Null authentication]
2026-05-14T00:30:23.804Z TRACE 62076 --- [biblioteca-pessoal] [o-auto-1-exec-9] o.s.s.w.a.AnonymousAuthenticationFilter  : Set SecurityContextHolder to AnonymousAuthenticationToken [Principal=anonymousUser, Credentials=[PROTECTED], Authenticated=true, Details=WebAuthenticationDetails [RemoteIpAddress=127.0.0.1, SessionId=4ED45DEAB4D342D5CF98721928A236C2], Granted Authorities=[ROLE_ANONYMOUS]]
2026-05-14T00:30:23.804Z TRACE 62076 --- [biblioteca-pessoal] [o-auto-1-exec-9] o.s.security.web.FilterChainProxy        : Invoking ExceptionTranslationFilter (13/14)
2026-05-14T00:30:23.804Z TRACE 62076 --- [biblioteca-pessoal] [o-auto-1-exec-9] o.s.security.web.FilterChainProxy        : Invoking AuthorizationFilter (14/14)
2026-05-14T00:30:23.805Z TRACE 62076 --- [biblioteca-pessoal] [o-auto-1-exec-9] estMatcherDelegatingAuthorizationManager : Authorizing GET /login
2026-05-14T00:30:23.805Z TRACE 62076 --- [biblioteca-pessoal] [o-auto-1-exec-9] estMatcherDelegatingAuthorizationManager : Checking authorization on GET /login using org.springframework.security.authorization.SingleResultAuthorizationManager@41a4df78
2026-05-14T00:30:23.805Z DEBUG 62076 --- [biblioteca-pessoal] [o-auto-1-exec-9] o.s.security.web.FilterChainProxy        : Secured GET /login
2026-05-14T00:30:23.811Z TRACE 62076 --- [biblioteca-pessoal] [o-auto-1-exec-9] o.s.s.w.header.writers.HstsHeaderWriter  : Not injecting HSTS header since it did not match request to [Is Secure]
2026-05-14T00:30:23.840Z TRACE 62076 --- [biblioteca-pessoal] [-auto-1-exec-10] o.s.security.web.FilterChainProxy        : Trying to match request against DefaultSecurityFilterChain defined as 'securityFilterChain' in [class path resource [br/edu/qualidade/biblioteca/security/SecurityConfig.class]] matching [any request] and having filters [DisableEncodeUrl, WebAsyncManagerIntegration, SecurityContextHolder, HeaderWriter, Csrf, Logout, UsernamePasswordAuthentication, ConcurrentSession, RequestCacheAware, SecurityContextHolderAwareRequest, AnonymousAuthentication, SessionManagement, ExceptionTranslation, Authorization] (1/1)
2026-05-14T00:30:23.840Z DEBUG 62076 --- [biblioteca-pessoal] [-auto-1-exec-10] o.s.security.web.FilterChainProxy        : Securing POST /login
2026-05-14T00:30:23.840Z TRACE 62076 --- [biblioteca-pessoal] [-auto-1-exec-10] o.s.security.web.FilterChainProxy        : Invoking DisableEncodeUrlFilter (1/14)
2026-05-14T00:30:23.840Z TRACE 62076 --- [biblioteca-pessoal] [-auto-1-exec-10] o.s.security.web.FilterChainProxy        : Invoking WebAsyncManagerIntegrationFilter (2/14)
2026-05-14T00:30:23.840Z TRACE 62076 --- [biblioteca-pessoal] [-auto-1-exec-10] o.s.security.web.FilterChainProxy        : Invoking SecurityContextHolderFilter (3/14)
2026-05-14T00:30:23.840Z TRACE 62076 --- [biblioteca-pessoal] [-auto-1-exec-10] o.s.security.web.FilterChainProxy        : Invoking HeaderWriterFilter (4/14)
2026-05-14T00:30:23.840Z TRACE 62076 --- [biblioteca-pessoal] [-auto-1-exec-10] o.s.security.web.FilterChainProxy        : Invoking CsrfFilter (5/14)
2026-05-14T00:30:23.841Z TRACE 62076 --- [biblioteca-pessoal] [-auto-1-exec-10] s.s.w.c.CsrfTokenRequestAttributeHandler : Wrote a CSRF token to the following request attributes: [_csrf, org.springframework.security.web.csrf.CsrfToken]
2026-05-14T00:30:23.841Z TRACE 62076 --- [biblioteca-pessoal] [-auto-1-exec-10] o.s.s.web.csrf.CsrfTokenRequestHandler   : Did not find a CSRF token in the [X-XSRF-TOKEN] request header
2026-05-14T00:30:23.841Z TRACE 62076 --- [biblioteca-pessoal] [-auto-1-exec-10] o.s.security.web.csrf.CsrfFilter         : Found a CSRF token in the request
2026-05-14T00:30:23.841Z TRACE 62076 --- [biblioteca-pessoal] [-auto-1-exec-10] o.s.security.web.FilterChainProxy        : Invoking LogoutFilter (6/14)
2026-05-14T00:30:23.841Z TRACE 62076 --- [biblioteca-pessoal] [-auto-1-exec-10] o.s.s.w.a.logout.LogoutFilter            : Did not match request to Ant [pattern='/logout', POST]
2026-05-14T00:30:23.841Z TRACE 62076 --- [biblioteca-pessoal] [-auto-1-exec-10] o.s.security.web.FilterChainProxy        : Invoking UsernamePasswordAuthenticationFilter (7/14)
2026-05-14T00:30:23.841Z TRACE 62076 --- [biblioteca-pessoal] [-auto-1-exec-10] o.s.s.authentication.ProviderManager     : Authenticating request with DaoAuthenticationProvider (1/2)
2026-05-14T00:30:23.841Z DEBUG 62076 --- [biblioteca-pessoal] [-auto-1-exec-10] b.e.q.b.s.MongoLibraryUserDetailsService : Tentando autenticar usuário. emailNormalizado='user-2ac3fdb0-b4d5-4d99-945c-0018025ee178@example.com'
2026-05-14T00:30:23.846Z DEBUG 62076 --- [biblioteca-pessoal] [-auto-1-exec-10] b.e.q.b.s.MongoLibraryUserDetailsService : Usuário encontrado. id=6a05179f1753e0038371605a, email=user-2ac3fdb0-b4d5-4d99-945c-0018025ee178@example.com, enabled=true, roles=[ROLE_USER], passwordHashLength=60, passwordHashPrefix=$2a$12$
2026-05-14T00:30:24.222Z DEBUG 62076 --- [biblioteca-pessoal] [-auto-1-exec-10] o.s.s.a.dao.DaoAuthenticationProvider    : Authenticated user
2026-05-14T00:30:24.223Z TRACE 62076 --- [biblioteca-pessoal] [-auto-1-exec-10] s.CompositeSessionAuthenticationStrategy : Preparing session with ConcurrentSessionControlAuthenticationStrategy (1/4)
2026-05-14T00:30:24.223Z TRACE 62076 --- [biblioteca-pessoal] [-auto-1-exec-10] s.CompositeSessionAuthenticationStrategy : Preparing session with SessionFixationProtectionStrategy (2/4)
2026-05-14T00:30:24.223Z DEBUG 62076 --- [biblioteca-pessoal] [-auto-1-exec-10] .w.a.s.SessionFixationProtectionStrategy : Invalidating session with Id '4ED45DEAB4D342D5CF98721928A236C2' and migrating attributes.
2026-05-14T00:30:24.223Z DEBUG 62076 --- [biblioteca-pessoal] [-auto-1-exec-10] .w.a.s.SessionFixationProtectionStrategy : Started new session: EF1135D80C7CA73D45F3453BDDFE3BC8
2026-05-14T00:30:24.223Z DEBUG 62076 --- [biblioteca-pessoal] [-auto-1-exec-10] .w.a.s.SessionFixationProtectionStrategy : Changed session id from 4ED45DEAB4D342D5CF98721928A236C2
2026-05-14T00:30:24.223Z TRACE 62076 --- [biblioteca-pessoal] [-auto-1-exec-10] s.CompositeSessionAuthenticationStrategy : Preparing session with RegisterSessionAuthenticationStrategy (3/4)
2026-05-14T00:30:24.223Z DEBUG 62076 --- [biblioteca-pessoal] [-auto-1-exec-10] o.s.s.core.session.SessionRegistryImpl   : Registering session EF1135D80C7CA73D45F3453BDDFE3BC8, for principal org.springframework.security.core.userdetails.User [Username=user-2ac3fdb0-b4d5-4d99-945c-0018025ee178@example.com, Password=[PROTECTED], Enabled=true, AccountNonExpired=true, CredentialsNonExpired=true, AccountNonLocked=true, Granted Authorities=[ROLE_USER]]
2026-05-14T00:30:24.223Z TRACE 62076 --- [biblioteca-pessoal] [-auto-1-exec-10] o.s.s.core.session.SessionRegistryImpl   : Sessions used by 'org.springframework.security.core.userdetails.User [Username=user-2ac3fdb0-b4d5-4d99-945c-0018025ee178@example.com, Password=[PROTECTED], Enabled=true, AccountNonExpired=true, CredentialsNonExpired=true, AccountNonLocked=true, Granted Authorities=[ROLE_USER]]' : [EF1135D80C7CA73D45F3453BDDFE3BC8]
2026-05-14T00:30:24.223Z TRACE 62076 --- [biblioteca-pessoal] [-auto-1-exec-10] s.CompositeSessionAuthenticationStrategy : Preparing session with CsrfAuthenticationStrategy (4/4)
2026-05-14T00:30:24.224Z TRACE 62076 --- [biblioteca-pessoal] [-auto-1-exec-10] s.s.w.c.CsrfTokenRequestAttributeHandler : Wrote a CSRF token to the following request attributes: [_csrf, org.springframework.security.web.csrf.CsrfToken]
2026-05-14T00:30:24.224Z DEBUG 62076 --- [biblioteca-pessoal] [-auto-1-exec-10] o.s.s.w.csrf.CsrfAuthenticationStrategy  : Replaced CSRF Token
2026-05-14T00:30:24.224Z DEBUG 62076 --- [biblioteca-pessoal] [-auto-1-exec-10] w.c.HttpSessionSecurityContextRepository : Stored SecurityContextImpl [Authentication=UsernamePasswordAuthenticationToken [Principal=org.springframework.security.core.userdetails.User [Username=user-2ac3fdb0-b4d5-4d99-945c-0018025ee178@example.com, Password=[PROTECTED], Enabled=true, AccountNonExpired=true, CredentialsNonExpired=true, AccountNonLocked=true, Granted Authorities=[ROLE_USER]], Credentials=[PROTECTED], Authenticated=true, Details=WebAuthenticationDetails [RemoteIpAddress=127.0.0.1, SessionId=4ED45DEAB4D342D5CF98721928A236C2], Granted Authorities=[ROLE_USER]]] to HttpSession [org.apache.catalina.session.StandardSessionFacade@6163ff33]
2026-05-14T00:30:24.226Z DEBUG 62076 --- [biblioteca-pessoal] [-auto-1-exec-10] w.a.UsernamePasswordAuthenticationFilter : Set SecurityContextHolder to UsernamePasswordAuthenticationToken [Principal=org.springframework.security.core.userdetails.User [Username=user-2ac3fdb0-b4d5-4d99-945c-0018025ee178@example.com, Password=[PROTECTED], Enabled=true, AccountNonExpired=true, CredentialsNonExpired=true, AccountNonLocked=true, Granted Authorities=[ROLE_USER]], Credentials=[PROTECTED], Authenticated=true, Details=WebAuthenticationDetails [RemoteIpAddress=127.0.0.1, SessionId=4ED45DEAB4D342D5CF98721928A236C2], Granted Authorities=[ROLE_USER]]
2026-05-14T00:30:24.226Z  INFO 62076 --- [biblioteca-pessoal] [-auto-1-exec-10] b.e.q.b.security.SecurityConfig          : Login realizado com sucesso para username=user-2ac3fdb0-b4d5-4d99-945c-0018025ee178@example.com
2026-05-14T00:30:24.226Z TRACE 62076 --- [biblioteca-pessoal] [-auto-1-exec-10] o.s.s.w.header.writers.HstsHeaderWriter  : Not injecting HSTS header since it did not match request to [Is Secure]
2026-05-14T00:30:24.263Z TRACE 62076 --- [biblioteca-pessoal] [o-auto-1-exec-1] o.s.security.web.FilterChainProxy        : Trying to match request against DefaultSecurityFilterChain defined as 'securityFilterChain' in [class path resource [br/edu/qualidade/biblioteca/security/SecurityConfig.class]] matching [any request] and having filters [DisableEncodeUrl, WebAsyncManagerIntegration, SecurityContextHolder, HeaderWriter, Csrf, Logout, UsernamePasswordAuthentication, ConcurrentSession, RequestCacheAware, SecurityContextHolderAwareRequest, AnonymousAuthentication, SessionManagement, ExceptionTranslation, Authorization] (1/1)
2026-05-14T00:30:24.264Z DEBUG 62076 --- [biblioteca-pessoal] [o-auto-1-exec-1] o.s.security.web.FilterChainProxy        : Securing GET /books/new
2026-05-14T00:30:24.264Z TRACE 62076 --- [biblioteca-pessoal] [o-auto-1-exec-1] o.s.security.web.FilterChainProxy        : Invoking DisableEncodeUrlFilter (1/14)
2026-05-14T00:30:24.265Z TRACE 62076 --- [biblioteca-pessoal] [o-auto-1-exec-1] o.s.security.web.FilterChainProxy        : Invoking WebAsyncManagerIntegrationFilter (2/14)
2026-05-14T00:30:24.265Z TRACE 62076 --- [biblioteca-pessoal] [o-auto-1-exec-1] o.s.security.web.FilterChainProxy        : Invoking SecurityContextHolderFilter (3/14)
2026-05-14T00:30:24.265Z TRACE 62076 --- [biblioteca-pessoal] [o-auto-1-exec-1] o.s.security.web.FilterChainProxy        : Invoking HeaderWriterFilter (4/14)
2026-05-14T00:30:24.265Z TRACE 62076 --- [biblioteca-pessoal] [o-auto-1-exec-1] o.s.security.web.FilterChainProxy        : Invoking CsrfFilter (5/14)
2026-05-14T00:30:24.265Z TRACE 62076 --- [biblioteca-pessoal] [o-auto-1-exec-1] s.s.w.c.CsrfTokenRequestAttributeHandler : Wrote a CSRF token to the following request attributes: [_csrf, org.springframework.security.web.csrf.CsrfToken]
2026-05-14T00:30:24.265Z TRACE 62076 --- [biblioteca-pessoal] [o-auto-1-exec-1] o.s.security.web.csrf.CsrfFilter         : Did not protect against CSRF since request did not match CsrfNotRequired [TRACE, HEAD, GET, OPTIONS]
2026-05-14T00:30:24.265Z TRACE 62076 --- [biblioteca-pessoal] [o-auto-1-exec-1] o.s.security.web.FilterChainProxy        : Invoking LogoutFilter (6/14)
2026-05-14T00:30:24.265Z TRACE 62076 --- [biblioteca-pessoal] [o-auto-1-exec-1] o.s.s.w.a.logout.LogoutFilter            : Did not match request to Ant [pattern='/logout', POST]
2026-05-14T00:30:24.265Z TRACE 62076 --- [biblioteca-pessoal] [o-auto-1-exec-1] o.s.security.web.FilterChainProxy        : Invoking UsernamePasswordAuthenticationFilter (7/14)
2026-05-14T00:30:24.265Z TRACE 62076 --- [biblioteca-pessoal] [o-auto-1-exec-1] w.a.UsernamePasswordAuthenticationFilter : Did not match request to Ant [pattern='/login', POST]
2026-05-14T00:30:24.265Z TRACE 62076 --- [biblioteca-pessoal] [o-auto-1-exec-1] o.s.security.web.FilterChainProxy        : Invoking ConcurrentSessionFilter (8/14)
2026-05-14T00:30:24.265Z TRACE 62076 --- [biblioteca-pessoal] [o-auto-1-exec-1] o.s.security.web.FilterChainProxy        : Invoking RequestCacheAwareFilter (9/14)
2026-05-14T00:30:24.265Z TRACE 62076 --- [biblioteca-pessoal] [o-auto-1-exec-1] o.s.s.w.s.HttpSessionRequestCache        : matchingRequestParameterName is required for getMatchingRequest to lookup a value, but not provided
2026-05-14T00:30:24.265Z TRACE 62076 --- [biblioteca-pessoal] [o-auto-1-exec-1] o.s.security.web.FilterChainProxy        : Invoking SecurityContextHolderAwareRequestFilter (10/14)
2026-05-14T00:30:24.265Z TRACE 62076 --- [biblioteca-pessoal] [o-auto-1-exec-1] o.s.security.web.FilterChainProxy        : Invoking AnonymousAuthenticationFilter (11/14)
2026-05-14T00:30:24.265Z TRACE 62076 --- [biblioteca-pessoal] [o-auto-1-exec-1] o.s.security.web.FilterChainProxy        : Invoking SessionManagementFilter (12/14)
2026-05-14T00:30:24.265Z TRACE 62076 --- [biblioteca-pessoal] [o-auto-1-exec-1] o.s.security.web.FilterChainProxy        : Invoking ExceptionTranslationFilter (13/14)
2026-05-14T00:30:24.265Z TRACE 62076 --- [biblioteca-pessoal] [o-auto-1-exec-1] o.s.security.web.FilterChainProxy        : Invoking AuthorizationFilter (14/14)
2026-05-14T00:30:24.266Z TRACE 62076 --- [biblioteca-pessoal] [o-auto-1-exec-1] estMatcherDelegatingAuthorizationManager : Authorizing GET /books/new
2026-05-14T00:30:24.269Z TRACE 62076 --- [biblioteca-pessoal] [o-auto-1-exec-1] estMatcherDelegatingAuthorizationManager : Checking authorization on GET /books/new using AuthorityAuthorizationManager[authorities=[ROLE_USER]]
2026-05-14T00:30:24.269Z TRACE 62076 --- [biblioteca-pessoal] [o-auto-1-exec-1] w.c.HttpSessionSecurityContextRepository : Retrieved SecurityContextImpl [Authentication=UsernamePasswordAuthenticationToken [Principal=org.springframework.security.core.userdetails.User [Username=user-2ac3fdb0-b4d5-4d99-945c-0018025ee178@example.com, Password=[PROTECTED], Enabled=true, AccountNonExpired=true, CredentialsNonExpired=true, AccountNonLocked=true, Granted Authorities=[ROLE_USER]], Credentials=[PROTECTED], Authenticated=true, Details=WebAuthenticationDetails [RemoteIpAddress=127.0.0.1, SessionId=4ED45DEAB4D342D5CF98721928A236C2], Granted Authorities=[ROLE_USER]]] from SPRING_SECURITY_CONTEXT
2026-05-14T00:30:24.269Z TRACE 62076 --- [biblioteca-pessoal] [o-auto-1-exec-1] o.s.s.w.a.AnonymousAuthenticationFilter  : Did not set SecurityContextHolder since already authenticated UsernamePasswordAuthenticationToken [Principal=org.springframework.security.core.userdetails.User [Username=user-2ac3fdb0-b4d5-4d99-945c-0018025ee178@example.com, Password=[PROTECTED], Enabled=true, AccountNonExpired=true, CredentialsNonExpired=true, AccountNonLocked=true, Granted Authorities=[ROLE_USER]], Credentials=[PROTECTED], Authenticated=true, Details=WebAuthenticationDetails [RemoteIpAddress=127.0.0.1, SessionId=4ED45DEAB4D342D5CF98721928A236C2], Granted Authorities=[ROLE_USER]]
2026-05-14T00:30:24.269Z DEBUG 62076 --- [biblioteca-pessoal] [o-auto-1-exec-1] o.s.security.web.FilterChainProxy        : Secured GET /books/new
2026-05-14T00:30:24.312Z TRACE 62076 --- [biblioteca-pessoal] [o-auto-1-exec-1] o.s.s.w.header.writers.HstsHeaderWriter  : Not injecting HSTS header since it did not match request to [Is Secure]
2026-05-14T00:30:24.366Z TRACE 62076 --- [biblioteca-pessoal] [o-auto-1-exec-3] o.s.security.web.FilterChainProxy        : Trying to match request against DefaultSecurityFilterChain defined as 'securityFilterChain' in [class path resource [br/edu/qualidade/biblioteca/security/SecurityConfig.class]] matching [any request] and having filters [DisableEncodeUrl, WebAsyncManagerIntegration, SecurityContextHolder, HeaderWriter, Csrf, Logout, UsernamePasswordAuthentication, ConcurrentSession, RequestCacheAware, SecurityContextHolderAwareRequest, AnonymousAuthentication, SessionManagement, ExceptionTranslation, Authorization] (1/1)
2026-05-14T00:30:24.367Z DEBUG 62076 --- [biblioteca-pessoal] [o-auto-1-exec-3] o.s.security.web.FilterChainProxy        : Securing POST /books/new
2026-05-14T00:30:24.367Z TRACE 62076 --- [biblioteca-pessoal] [o-auto-1-exec-3] o.s.security.web.FilterChainProxy        : Invoking DisableEncodeUrlFilter (1/14)
2026-05-14T00:30:24.369Z TRACE 62076 --- [biblioteca-pessoal] [o-auto-1-exec-3] o.s.security.web.FilterChainProxy        : Invoking WebAsyncManagerIntegrationFilter (2/14)
2026-05-14T00:30:24.369Z TRACE 62076 --- [biblioteca-pessoal] [o-auto-1-exec-3] o.s.security.web.FilterChainProxy        : Invoking SecurityContextHolderFilter (3/14)
2026-05-14T00:30:24.369Z TRACE 62076 --- [biblioteca-pessoal] [o-auto-1-exec-3] o.s.security.web.FilterChainProxy        : Invoking HeaderWriterFilter (4/14)
2026-05-14T00:30:24.369Z TRACE 62076 --- [biblioteca-pessoal] [o-auto-1-exec-3] o.s.security.web.FilterChainProxy        : Invoking CsrfFilter (5/14)
2026-05-14T00:30:24.369Z TRACE 62076 --- [biblioteca-pessoal] [o-auto-1-exec-3] s.s.w.c.CsrfTokenRequestAttributeHandler : Wrote a CSRF token to the following request attributes: [_csrf, org.springframework.security.web.csrf.CsrfToken]
2026-05-14T00:30:24.369Z TRACE 62076 --- [biblioteca-pessoal] [o-auto-1-exec-3] o.s.s.web.csrf.CsrfTokenRequestHandler   : Did not find a CSRF token in the [X-XSRF-TOKEN] request header
2026-05-14T00:30:24.370Z TRACE 62076 --- [biblioteca-pessoal] [o-auto-1-exec-3] o.s.security.web.csrf.CsrfFilter         : Found a CSRF token in the request
2026-05-14T00:30:24.370Z TRACE 62076 --- [biblioteca-pessoal] [o-auto-1-exec-3] o.s.security.web.FilterChainProxy        : Invoking LogoutFilter (6/14)
2026-05-14T00:30:24.370Z TRACE 62076 --- [biblioteca-pessoal] [o-auto-1-exec-3] o.s.s.w.a.logout.LogoutFilter            : Did not match request to Ant [pattern='/logout', POST]
2026-05-14T00:30:24.370Z TRACE 62076 --- [biblioteca-pessoal] [o-auto-1-exec-3] o.s.security.web.FilterChainProxy        : Invoking UsernamePasswordAuthenticationFilter (7/14)
2026-05-14T00:30:24.370Z TRACE 62076 --- [biblioteca-pessoal] [o-auto-1-exec-3] w.a.UsernamePasswordAuthenticationFilter : Did not match request to Ant [pattern='/login', POST]
2026-05-14T00:30:24.370Z TRACE 62076 --- [biblioteca-pessoal] [o-auto-1-exec-3] o.s.security.web.FilterChainProxy        : Invoking ConcurrentSessionFilter (8/14)
2026-05-14T00:30:24.370Z TRACE 62076 --- [biblioteca-pessoal] [o-auto-1-exec-3] o.s.security.web.FilterChainProxy        : Invoking RequestCacheAwareFilter (9/14)
2026-05-14T00:30:24.370Z TRACE 62076 --- [biblioteca-pessoal] [o-auto-1-exec-3] o.s.s.w.s.HttpSessionRequestCache        : matchingRequestParameterName is required for getMatchingRequest to lookup a value, but not provided
2026-05-14T00:30:24.370Z TRACE 62076 --- [biblioteca-pessoal] [o-auto-1-exec-3] o.s.security.web.FilterChainProxy        : Invoking SecurityContextHolderAwareRequestFilter (10/14)
2026-05-14T00:30:24.370Z TRACE 62076 --- [biblioteca-pessoal] [o-auto-1-exec-3] o.s.security.web.FilterChainProxy        : Invoking AnonymousAuthenticationFilter (11/14)
2026-05-14T00:30:24.370Z TRACE 62076 --- [biblioteca-pessoal] [o-auto-1-exec-3] o.s.security.web.FilterChainProxy        : Invoking SessionManagementFilter (12/14)
2026-05-14T00:30:24.370Z TRACE 62076 --- [biblioteca-pessoal] [o-auto-1-exec-3] o.s.security.web.FilterChainProxy        : Invoking ExceptionTranslationFilter (13/14)
2026-05-14T00:30:24.370Z TRACE 62076 --- [biblioteca-pessoal] [o-auto-1-exec-3] o.s.security.web.FilterChainProxy        : Invoking AuthorizationFilter (14/14)
2026-05-14T00:30:24.370Z TRACE 62076 --- [biblioteca-pessoal] [o-auto-1-exec-3] estMatcherDelegatingAuthorizationManager : Authorizing POST /books/new
2026-05-14T00:30:24.370Z TRACE 62076 --- [biblioteca-pessoal] [o-auto-1-exec-3] estMatcherDelegatingAuthorizationManager : Checking authorization on POST /books/new using AuthorityAuthorizationManager[authorities=[ROLE_USER]]
2026-05-14T00:30:24.370Z TRACE 62076 --- [biblioteca-pessoal] [o-auto-1-exec-3] w.c.HttpSessionSecurityContextRepository : Retrieved SecurityContextImpl [Authentication=UsernamePasswordAuthenticationToken [Principal=org.springframework.security.core.userdetails.User [Username=user-2ac3fdb0-b4d5-4d99-945c-0018025ee178@example.com, Password=[PROTECTED], Enabled=true, AccountNonExpired=true, CredentialsNonExpired=true, AccountNonLocked=true, Granted Authorities=[ROLE_USER]], Credentials=[PROTECTED], Authenticated=true, Details=WebAuthenticationDetails [RemoteIpAddress=127.0.0.1, SessionId=4ED45DEAB4D342D5CF98721928A236C2], Granted Authorities=[ROLE_USER]]] from SPRING_SECURITY_CONTEXT
2026-05-14T00:30:24.370Z TRACE 62076 --- [biblioteca-pessoal] [o-auto-1-exec-3] o.s.s.w.a.AnonymousAuthenticationFilter  : Did not set SecurityContextHolder since already authenticated UsernamePasswordAuthenticationToken [Principal=org.springframework.security.core.userdetails.User [Username=user-2ac3fdb0-b4d5-4d99-945c-0018025ee178@example.com, Password=[PROTECTED], Enabled=true, AccountNonExpired=true, CredentialsNonExpired=true, AccountNonLocked=true, Granted Authorities=[ROLE_USER]], Credentials=[PROTECTED], Authenticated=true, Details=WebAuthenticationDetails [RemoteIpAddress=127.0.0.1, SessionId=4ED45DEAB4D342D5CF98721928A236C2], Granted Authorities=[ROLE_USER]]
2026-05-14T00:30:24.371Z DEBUG 62076 --- [biblioteca-pessoal] [o-auto-1-exec-3] o.s.security.web.FilterChainProxy        : Secured POST /books/new
2026-05-14T00:30:24.445Z TRACE 62076 --- [biblioteca-pessoal] [o-auto-1-exec-3] o.s.s.w.header.writers.HstsHeaderWriter  : Not injecting HSTS header since it did not match request to [Is Secure]
2026-05-14T00:30:24.493Z TRACE 62076 --- [biblioteca-pessoal] [o-auto-1-exec-2] o.s.security.web.FilterChainProxy        : Trying to match request against DefaultSecurityFilterChain defined as 'securityFilterChain' in [class path resource [br/edu/qualidade/biblioteca/security/SecurityConfig.class]] matching [any request] and having filters [DisableEncodeUrl, WebAsyncManagerIntegration, SecurityContextHolder, HeaderWriter, Csrf, Logout, UsernamePasswordAuthentication, ConcurrentSession, RequestCacheAware, SecurityContextHolderAwareRequest, AnonymousAuthentication, SessionManagement, ExceptionTranslation, Authorization] (1/1)
2026-05-14T00:30:24.493Z DEBUG 62076 --- [biblioteca-pessoal] [o-auto-1-exec-2] o.s.security.web.FilterChainProxy        : Securing GET /books/6a0517a01753e0038371605b
2026-05-14T00:30:24.493Z TRACE 62076 --- [biblioteca-pessoal] [o-auto-1-exec-2] o.s.security.web.FilterChainProxy        : Invoking DisableEncodeUrlFilter (1/14)
2026-05-14T00:30:24.493Z TRACE 62076 --- [biblioteca-pessoal] [o-auto-1-exec-2] o.s.security.web.FilterChainProxy        : Invoking WebAsyncManagerIntegrationFilter (2/14)
2026-05-14T00:30:24.493Z TRACE 62076 --- [biblioteca-pessoal] [o-auto-1-exec-2] o.s.security.web.FilterChainProxy        : Invoking SecurityContextHolderFilter (3/14)
2026-05-14T00:30:24.493Z TRACE 62076 --- [biblioteca-pessoal] [o-auto-1-exec-2] o.s.security.web.FilterChainProxy        : Invoking HeaderWriterFilter (4/14)
2026-05-14T00:30:24.493Z TRACE 62076 --- [biblioteca-pessoal] [o-auto-1-exec-2] o.s.security.web.FilterChainProxy        : Invoking CsrfFilter (5/14)
2026-05-14T00:30:24.493Z TRACE 62076 --- [biblioteca-pessoal] [o-auto-1-exec-2] s.s.w.c.CsrfTokenRequestAttributeHandler : Wrote a CSRF token to the following request attributes: [_csrf, org.springframework.security.web.csrf.CsrfToken]
2026-05-14T00:30:24.493Z TRACE 62076 --- [biblioteca-pessoal] [o-auto-1-exec-2] o.s.security.web.csrf.CsrfFilter         : Did not protect against CSRF since request did not match CsrfNotRequired [TRACE, HEAD, GET, OPTIONS]
2026-05-14T00:30:24.493Z TRACE 62076 --- [biblioteca-pessoal] [o-auto-1-exec-2] o.s.security.web.FilterChainProxy        : Invoking LogoutFilter (6/14)
2026-05-14T00:30:24.494Z TRACE 62076 --- [biblioteca-pessoal] [o-auto-1-exec-2] o.s.s.w.a.logout.LogoutFilter            : Did not match request to Ant [pattern='/logout', POST]
2026-05-14T00:30:24.494Z TRACE 62076 --- [biblioteca-pessoal] [o-auto-1-exec-2] o.s.security.web.FilterChainProxy        : Invoking UsernamePasswordAuthenticationFilter (7/14)
2026-05-14T00:30:24.494Z TRACE 62076 --- [biblioteca-pessoal] [o-auto-1-exec-2] w.a.UsernamePasswordAuthenticationFilter : Did not match request to Ant [pattern='/login', POST]
[...]
2026-05-14T00:30:31.470Z DEBUG 62076 --- [biblioteca-pessoal] [o-auto-1-exec-1] o.s.security.web.FilterChainProxy        : Secured POST /books/new
2026-05-14T00:30:31.503Z TRACE 62076 --- [biblioteca-pessoal] [o-auto-1-exec-1] o.s.s.w.header.writers.HstsHeaderWriter  : Not injecting HSTS header since it did not match request to [Is Secure]
2026-05-14T00:30:31.523Z TRACE 62076 --- [biblioteca-pessoal] [o-auto-1-exec-3] o.s.security.web.FilterChainProxy        : Trying to match request against DefaultSecurityFilterChain defined as 'securityFilterChain' in [class path resource [br/edu/qualidade/biblioteca/security/SecurityConfig.class]] matching [any request] and having filters [DisableEncodeUrl, WebAsyncManagerIntegration, SecurityContextHolder, HeaderWriter, Csrf, Logout, UsernamePasswordAuthentication, ConcurrentSession, RequestCacheAware, SecurityContextHolderAwareRequest, AnonymousAuthentication, SessionManagement, ExceptionTranslation, Authorization] (1/1)
2026-05-14T00:30:31.523Z DEBUG 62076 --- [biblioteca-pessoal] [o-auto-1-exec-3] o.s.security.web.FilterChainProxy        : Securing GET /books/6a0517a71753e00383716068
2026-05-14T00:30:31.523Z TRACE 62076 --- [biblioteca-pessoal] [o-auto-1-exec-3] o.s.security.web.FilterChainProxy        : Invoking DisableEncodeUrlFilter (1/14)
2026-05-14T00:30:31.523Z TRACE 62076 --- [biblioteca-pessoal] [o-auto-1-exec-3] o.s.security.web.FilterChainProxy        : Invoking WebAsyncManagerIntegrationFilter (2/14)
2026-05-14T00:30:31.523Z TRACE 62076 --- [biblioteca-pessoal] [o-auto-1-exec-3] o.s.security.web.FilterChainProxy        : Invoking SecurityContextHolderFilter (3/14)
2026-05-14T00:30:31.523Z TRACE 62076 --- [biblioteca-pessoal] [o-auto-1-exec-3] o.s.security.web.FilterChainProxy        : Invoking HeaderWriterFilter (4/14)
2026-05-14T00:30:31.523Z TRACE 62076 --- [biblioteca-pessoal] [o-auto-1-exec-3] o.s.security.web.FilterChainProxy        : Invoking CsrfFilter (5/14)
2026-05-14T00:30:31.523Z TRACE 62076 --- [biblioteca-pessoal] [o-auto-1-exec-3] s.s.w.c.CsrfTokenRequestAttributeHandler : Wrote a CSRF token to the following request attributes: [_csrf, org.springframework.security.web.csrf.CsrfToken]
2026-05-14T00:30:31.523Z TRACE 62076 --- [biblioteca-pessoal] [o-auto-1-exec-3] o.s.security.web.csrf.CsrfFilter         : Did not protect against CSRF since request did not match CsrfNotRequired [TRACE, HEAD, GET, OPTIONS]
2026-05-14T00:30:31.523Z TRACE 62076 --- [biblioteca-pessoal] [o-auto-1-exec-3] o.s.security.web.FilterChainProxy        : Invoking LogoutFilter (6/14)
2026-05-14T00:30:31.524Z TRACE 62076 --- [biblioteca-pessoal] [o-auto-1-exec-3] o.s.s.w.a.logout.LogoutFilter            : Did not match request to Ant [pattern='/logout', POST]
2026-05-14T00:30:31.524Z TRACE 62076 --- [biblioteca-pessoal] [o-auto-1-exec-3] o.s.security.web.FilterChainProxy        : Invoking UsernamePasswordAuthenticationFilter (7/14)
2026-05-14T00:30:31.524Z TRACE 62076 --- [biblioteca-pessoal] [o-auto-1-exec-3] w.a.UsernamePasswordAuthenticationFilter : Did not match request to Ant [pattern='/login', POST]
2026-05-14T00:30:31.524Z TRACE 62076 --- [biblioteca-pessoal] [o-auto-1-exec-3] o.s.security.web.FilterChainProxy        : Invoking ConcurrentSessionFilter (8/14)
2026-05-14T00:30:31.524Z TRACE 62076 --- [biblioteca-pessoal] [o-auto-1-exec-3] o.s.security.web.FilterChainProxy        : Invoking RequestCacheAwareFilter (9/14)
2026-05-14T00:30:31.524Z TRACE 62076 --- [biblioteca-pessoal] [o-auto-1-exec-3] o.s.s.w.s.HttpSessionRequestCache        : matchingRequestParameterName is required for getMatchingRequest to lookup a value, but not provided
2026-05-14T00:30:31.524Z TRACE 62076 --- [biblioteca-pessoal] [o-auto-1-exec-3] o.s.security.web.FilterChainProxy        : Invoking SecurityContextHolderAwareRequestFilter (10/14)
2026-05-14T00:30:31.524Z TRACE 62076 --- [biblioteca-pessoal] [o-auto-1-exec-3] o.s.security.web.FilterChainProxy        : Invoking AnonymousAuthenticationFilter (11/14)
2026-05-14T00:30:31.524Z TRACE 62076 --- [biblioteca-pessoal] [o-auto-1-exec-3] o.s.security.web.FilterChainProxy        : Invoking SessionManagementFilter (12/14)
2026-05-14T00:30:31.524Z TRACE 62076 --- [biblioteca-pessoal] [o-auto-1-exec-3] o.s.security.web.FilterChainProxy        : Invoking ExceptionTranslationFilter (13/14)
2026-05-14T00:30:31.524Z TRACE 62076 --- [biblioteca-pessoal] [o-auto-1-exec-3] o.s.security.web.FilterChainProxy        : Invoking AuthorizationFilter (14/14)
2026-05-14T00:30:31.524Z TRACE 62076 --- [biblioteca-pessoal] [o-auto-1-exec-3] estMatcherDelegatingAuthorizationManager : Authorizing GET /books/6a0517a71753e00383716068
2026-05-14T00:30:31.524Z TRACE 62076 --- [biblioteca-pessoal] [o-auto-1-exec-3] estMatcherDelegatingAuthorizationManager : Checking authorization on GET /books/6a0517a71753e00383716068 using AuthorityAuthorizationManager[authorities=[ROLE_USER]]
2026-05-14T00:30:31.524Z TRACE 62076 --- [biblioteca-pessoal] [o-auto-1-exec-3] w.c.HttpSessionSecurityContextRepository : Retrieved SecurityContextImpl [Authentication=UsernamePasswordAuthenticationToken [Principal=org.springframework.security.core.userdetails.User [Username=user-d713d927-8b45-4120-bc14-9cd2691de623@example.com, Password=[PROTECTED], Enabled=true, AccountNonExpired=true, CredentialsNonExpired=true, AccountNonLocked=true, Granted Authorities=[ROLE_USER]], Credentials=[PROTECTED], Authenticated=true, Details=WebAuthenticationDetails [RemoteIpAddress=127.0.0.1, SessionId=FD1588409CC200F7BE845365591ABFC6], Granted Authorities=[ROLE_USER]]] from SPRING_SECURITY_CONTEXT
2026-05-14T00:30:31.524Z TRACE 62076 --- [biblioteca-pessoal] [o-auto-1-exec-3] o.s.s.w.a.AnonymousAuthenticationFilter  : Did not set SecurityContextHolder since already authenticated UsernamePasswordAuthenticationToken [Principal=org.springframework.security.core.userdetails.User [Username=user-d713d927-8b45-4120-bc14-9cd2691de623@example.com, Password=[PROTECTED], Enabled=true, AccountNonExpired=true, CredentialsNonExpired=true, AccountNonLocked=true, Granted Authorities=[ROLE_USER]], Credentials=[PROTECTED], Authenticated=true, Details=WebAuthenticationDetails [RemoteIpAddress=127.0.0.1, SessionId=FD1588409CC200F7BE845365591ABFC6], Granted Authorities=[ROLE_USER]]
2026-05-14T00:30:31.525Z DEBUG 62076 --- [biblioteca-pessoal] [o-auto-1-exec-3] o.s.security.web.FilterChainProxy        : Secured GET /books/6a0517a71753e00383716068
2026-05-14T00:30:31.563Z TRACE 62076 --- [biblioteca-pessoal] [o-auto-1-exec-3] o.s.s.w.header.writers.HstsHeaderWriter  : Not injecting HSTS header since it did not match request to [Is Secure]
2026-05-14T00:30:31.581Z TRACE 62076 --- [biblioteca-pessoal] [o-auto-1-exec-2] o.s.security.web.FilterChainProxy        : Trying to match request against DefaultSecurityFilterChain defined as 'securityFilterChain' in [class path resource [br/edu/qualidade/biblioteca/security/SecurityConfig.class]] matching [any request] and having filters [DisableEncodeUrl, WebAsyncManagerIntegration, SecurityContextHolder, HeaderWriter, Csrf, Logout, UsernamePasswordAuthentication, ConcurrentSession, RequestCacheAware, SecurityContextHolderAwareRequest, AnonymousAuthentication, SessionManagement, ExceptionTranslation, Authorization] (1/1)
2026-05-14T00:30:31.581Z DEBUG 62076 --- [biblioteca-pessoal] [o-auto-1-exec-2] o.s.security.web.FilterChainProxy        : Securing POST /books/6a0517a71753e00383716068/progress
2026-05-14T00:30:31.581Z TRACE 62076 --- [biblioteca-pessoal] [o-auto-1-exec-2] o.s.security.web.FilterChainProxy        : Invoking DisableEncodeUrlFilter (1/14)
2026-05-14T00:30:31.581Z TRACE 62076 --- [biblioteca-pessoal] [o-auto-1-exec-2] o.s.security.web.FilterChainProxy        : Invoking WebAsyncManagerIntegrationFilter (2/14)
2026-05-14T00:30:31.581Z TRACE 62076 --- [biblioteca-pessoal] [o-auto-1-exec-2] o.s.security.web.FilterChainProxy        : Invoking SecurityContextHolderFilter (3/14)
2026-05-14T00:30:31.581Z TRACE 62076 --- [biblioteca-pessoal] [o-auto-1-exec-2] o.s.security.web.FilterChainProxy        : Invoking HeaderWriterFilter (4/14)
2026-05-14T00:30:31.581Z TRACE 62076 --- [biblioteca-pessoal] [o-auto-1-exec-2] o.s.security.web.FilterChainProxy        : Invoking CsrfFilter (5/14)
2026-05-14T00:30:31.581Z TRACE 62076 --- [biblioteca-pessoal] [o-auto-1-exec-2] s.s.w.c.CsrfTokenRequestAttributeHandler : Wrote a CSRF token to the following request attributes: [_csrf, org.springframework.security.web.csrf.CsrfToken]
2026-05-14T00:30:31.581Z TRACE 62076 --- [biblioteca-pessoal] [o-auto-1-exec-2] o.s.s.web.csrf.CsrfTokenRequestHandler   : Did not find a CSRF token in the [X-XSRF-TOKEN] request header
2026-05-14T00:30:31.581Z TRACE 62076 --- [biblioteca-pessoal] [o-auto-1-exec-2] o.s.security.web.csrf.CsrfFilter         : Found a CSRF token in the request
2026-05-14T00:30:31.581Z TRACE 62076 --- [biblioteca-pessoal] [o-auto-1-exec-2] o.s.security.web.FilterChainProxy        : Invoking LogoutFilter (6/14)
2026-05-14T00:30:31.581Z TRACE 62076 --- [biblioteca-pessoal] [o-auto-1-exec-2] o.s.s.w.a.logout.LogoutFilter            : Did not match request to Ant [pattern='/logout', POST]
2026-05-14T00:30:31.581Z TRACE 62076 --- [biblioteca-pessoal] [o-auto-1-exec-2] o.s.security.web.FilterChainProxy        : Invoking UsernamePasswordAuthenticationFilter (7/14)
2026-05-14T00:30:31.581Z TRACE 62076 --- [biblioteca-pessoal] [o-auto-1-exec-2] w.a.UsernamePasswordAuthenticationFilter : Did not match request to Ant [pattern='/login', POST]
2026-05-14T00:30:31.581Z TRACE 62076 --- [biblioteca-pessoal] [o-auto-1-exec-2] o.s.security.web.FilterChainProxy        : Invoking ConcurrentSessionFilter (8/14)
2026-05-14T00:30:31.582Z TRACE 62076 --- [biblioteca-pessoal] [o-auto-1-exec-2] o.s.security.web.FilterChainProxy        : Invoking RequestCacheAwareFilter (9/14)
2026-05-14T00:30:31.582Z TRACE 62076 --- [biblioteca-pessoal] [o-auto-1-exec-2] o.s.s.w.s.HttpSessionRequestCache        : matchingRequestParameterName is required for getMatchingRequest to lookup a value, but not provided
2026-05-14T00:30:31.582Z TRACE 62076 --- [biblioteca-pessoal] [o-auto-1-exec-2] o.s.security.web.FilterChainProxy        : Invoking SecurityContextHolderAwareRequestFilter (10/14)
2026-05-14T00:30:31.582Z TRACE 62076 --- [biblioteca-pessoal] [o-auto-1-exec-2] o.s.security.web.FilterChainProxy        : Invoking AnonymousAuthenticationFilter (11/14)
2026-05-14T00:30:31.582Z TRACE 62076 --- [biblioteca-pessoal] [o-auto-1-exec-2] o.s.security.web.FilterChainProxy        : Invoking SessionManagementFilter (12/14)
2026-05-14T00:30:31.582Z TRACE 62076 --- [biblioteca-pessoal] [o-auto-1-exec-2] o.s.security.web.FilterChainProxy        : Invoking ExceptionTranslationFilter (13/14)
2026-05-14T00:30:31.582Z TRACE 62076 --- [biblioteca-pessoal] [o-auto-1-exec-2] o.s.security.web.FilterChainProxy        : Invoking AuthorizationFilter (14/14)
2026-05-14T00:30:31.582Z TRACE 62076 --- [biblioteca-pessoal] [o-auto-1-exec-2] estMatcherDelegatingAuthorizationManager : Authorizing POST /books/6a0517a71753e00383716068/progress
2026-05-14T00:30:31.582Z TRACE 62076 --- [biblioteca-pessoal] [o-auto-1-exec-2] estMatcherDelegatingAuthorizationManager : Checking authorization on POST /books/6a0517a71753e00383716068/progress using AuthorityAuthorizationManager[authorities=[ROLE_USER]]
2026-05-14T00:30:31.582Z TRACE 62076 --- [biblioteca-pessoal] [o-auto-1-exec-2] w.c.HttpSessionSecurityContextRepository : Retrieved SecurityContextImpl [Authentication=UsernamePasswordAuthenticationToken [Principal=org.springframework.security.core.userdetails.User [Username=user-d713d927-8b45-4120-bc14-9cd2691de623@example.com, Password=[PROTECTED], Enabled=true, AccountNonExpired=true, CredentialsNonExpired=true, AccountNonLocked=true, Granted Authorities=[ROLE_USER]], Credentials=[PROTECTED], Authenticated=true, Details=WebAuthenticationDetails [RemoteIpAddress=127.0.0.1, SessionId=FD1588409CC200F7BE845365591ABFC6], Granted Authorities=[ROLE_USER]]] from SPRING_SECURITY_CONTEXT
2026-05-14T00:30:31.582Z TRACE 62076 --- [biblioteca-pessoal] [o-auto-1-exec-2] o.s.s.w.a.AnonymousAuthenticationFilter  : Did not set SecurityContextHolder since already authenticated UsernamePasswordAuthenticationToken [Principal=org.springframework.security.core.userdetails.User [Username=user-d713d927-8b45-4120-bc14-9cd2691de623@example.com, Password=[PROTECTED], Enabled=true, AccountNonExpired=true, CredentialsNonExpired=true, AccountNonLocked=true, Granted Authorities=[ROLE_USER]], Credentials=[PROTECTED], Authenticated=true, Details=WebAuthenticationDetails [RemoteIpAddress=127.0.0.1, SessionId=FD1588409CC200F7BE845365591ABFC6], Granted Authorities=[ROLE_USER]]
2026-05-14T00:30:31.583Z DEBUG 62076 --- [biblioteca-pessoal] [o-auto-1-exec-2] o.s.security.web.FilterChainProxy        : Secured POST /books/6a0517a71753e00383716068/progress
2026-05-14T00:30:31.604Z TRACE 62076 --- [biblioteca-pessoal] [o-auto-1-exec-2] o.s.s.w.header.writers.HstsHeaderWriter  : Not injecting HSTS header since it did not match request to [Is Secure]
2026-05-14T00:30:31.618Z TRACE 62076 --- [biblioteca-pessoal] [o-auto-1-exec-4] o.s.security.web.FilterChainProxy        : Trying to match request against DefaultSecurityFilterChain defined as 'securityFilterChain' in [class path resource [br/edu/qualidade/biblioteca/security/SecurityConfig.class]] matching [any request] and having filters [DisableEncodeUrl, WebAsyncManagerIntegration, SecurityContextHolder, HeaderWriter, Csrf, Logout, UsernamePasswordAuthentication, ConcurrentSession, RequestCacheAware, SecurityContextHolderAwareRequest, AnonymousAuthentication, SessionManagement, ExceptionTranslation, Authorization] (1/1)
2026-05-14T00:30:31.618Z DEBUG 62076 --- [biblioteca-pessoal] [o-auto-1-exec-4] o.s.security.web.FilterChainProxy        : Securing GET /books/6a0517a71753e00383716068
2026-05-14T00:30:31.619Z TRACE 62076 --- [biblioteca-pessoal] [o-auto-1-exec-4] o.s.security.web.FilterChainProxy        : Invoking DisableEncodeUrlFilter (1/14)
2026-05-14T00:30:31.619Z TRACE 62076 --- [biblioteca-pessoal] [o-auto-1-exec-4] o.s.security.web.FilterChainProxy        : Invoking WebAsyncManagerIntegrationFilter (2/14)
2026-05-14T00:30:31.619Z TRACE 62076 --- [biblioteca-pessoal] [o-auto-1-exec-4] o.s.security.web.FilterChainProxy        : Invoking SecurityContextHolderFilter (3/14)
2026-05-14T00:30:31.619Z TRACE 62076 --- [biblioteca-pessoal] [o-auto-1-exec-4] o.s.security.web.FilterChainProxy        : Invoking HeaderWriterFilter (4/14)
2026-05-14T00:30:31.619Z TRACE 62076 --- [biblioteca-pessoal] [o-auto-1-exec-4] o.s.security.web.FilterChainProxy        : Invoking CsrfFilter (5/14)
2026-05-14T00:30:31.619Z TRACE 62076 --- [biblioteca-pessoal] [o-auto-1-exec-4] s.s.w.c.CsrfTokenRequestAttributeHandler : Wrote a CSRF token to the following request attributes: [_csrf, org.springframework.security.web.csrf.CsrfToken]
2026-05-14T00:30:31.619Z TRACE 62076 --- [biblioteca-pessoal] [o-auto-1-exec-4] o.s.security.web.csrf.CsrfFilter         : Did not protect against CSRF since request did not match CsrfNotRequired [TRACE, HEAD, GET, OPTIONS]
2026-05-14T00:30:31.619Z TRACE 62076 --- [biblioteca-pessoal] [o-auto-1-exec-4] o.s.security.web.FilterChainProxy        : Invoking LogoutFilter (6/14)
2026-05-14T00:30:31.619Z TRACE 62076 --- [biblioteca-pessoal] [o-auto-1-exec-4] o.s.s.w.a.logout.LogoutFilter            : Did not match request to Ant [pattern='/logout', POST]
2026-05-14T00:30:31.619Z TRACE 62076 --- [biblioteca-pessoal] [o-auto-1-exec-4] o.s.security.web.FilterChainProxy        : Invoking UsernamePasswordAuthenticationFilter (7/14)
2026-05-14T00:30:31.619Z TRACE 62076 --- [biblioteca-pessoal] [o-auto-1-exec-4] w.a.UsernamePasswordAuthenticationFilter : Did not match request to Ant [pattern='/login', POST]
2026-05-14T00:30:31.619Z TRACE 62076 --- [biblioteca-pessoal] [o-auto-1-exec-4] o.s.security.web.FilterChainProxy        : Invoking ConcurrentSessionFilter (8/14)
2026-05-14T00:30:31.619Z TRACE 62076 --- [biblioteca-pessoal] [o-auto-1-exec-4] o.s.security.web.FilterChainProxy        : Invoking RequestCacheAwareFilter (9/14)
2026-05-14T00:30:31.619Z TRACE 62076 --- [biblioteca-pessoal] [o-auto-1-exec-4] o.s.s.w.s.HttpSessionRequestCache        : matchingRequestParameterName is required for getMatchingRequest to lookup a value, but not provided
2026-05-14T00:30:31.619Z TRACE 62076 --- [biblioteca-pessoal] [o-auto-1-exec-4] o.s.security.web.FilterChainProxy        : Invoking SecurityContextHolderAwareRequestFilter (10/14)
2026-05-14T00:30:31.619Z TRACE 62076 --- [biblioteca-pessoal] [o-auto-1-exec-4] o.s.security.web.FilterChainProxy        : Invoking AnonymousAuthenticationFilter (11/14)
2026-05-14T00:30:31.619Z TRACE 62076 --- [biblioteca-pessoal] [o-auto-1-exec-4] o.s.security.web.FilterChainProxy        : Invoking SessionManagementFilter (12/14)
2026-05-14T00:30:31.619Z TRACE 62076 --- [biblioteca-pessoal] [o-auto-1-exec-4] o.s.security.web.FilterChainProxy        : Invoking ExceptionTranslationFilter (13/14)
2026-05-14T00:30:31.619Z TRACE 62076 --- [biblioteca-pessoal] [o-auto-1-exec-4] o.s.security.web.FilterChainProxy        : Invoking AuthorizationFilter (14/14)
2026-05-14T00:30:31.619Z TRACE 62076 --- [biblioteca-pessoal] [o-auto-1-exec-4] estMatcherDelegatingAuthorizationManager : Authorizing GET /books/6a0517a71753e00383716068
2026-05-14T00:30:31.619Z TRACE 62076 --- [biblioteca-pessoal] [o-auto-1-exec-4] estMatcherDelegatingAuthorizationManager : Checking authorization on GET /books/6a0517a71753e00383716068 using AuthorityAuthorizationManager[authorities=[ROLE_USER]]
2026-05-14T00:30:31.619Z TRACE 62076 --- [biblioteca-pessoal] [o-auto-1-exec-4] w.c.HttpSessionSecurityContextRepository : Retrieved SecurityContextImpl [Authentication=UsernamePasswordAuthenticationToken [Principal=org.springframework.security.core.userdetails.User [Username=user-d713d927-8b45-4120-bc14-9cd2691de623@example.com, Password=[PROTECTED], Enabled=true, AccountNonExpired=true, CredentialsNonExpired=true, AccountNonLocked=true, Granted Authorities=[ROLE_USER]], Credentials=[PROTECTED], Authenticated=true, Details=WebAuthenticationDetails [RemoteIpAddress=127.0.0.1, SessionId=FD1588409CC200F7BE845365591ABFC6], Granted Authorities=[ROLE_USER]]] from SPRING_SECURITY_CONTEXT
2026-05-14T00:30:31.619Z TRACE 62076 --- [biblioteca-pessoal] [o-auto-1-exec-4] o.s.s.w.a.AnonymousAuthenticationFilter  : Did not set SecurityContextHolder since already authenticated UsernamePasswordAuthenticationToken [Principal=org.springframework.security.core.userdetails.User [Username=user-d713d927-8b45-4120-bc14-9cd2691de623@example.com, Password=[PROTECTED], Enabled=true, AccountNonExpired=true, CredentialsNonExpired=true, AccountNonLocked=true, Granted Authorities=[ROLE_USER]], Credentials=[PROTECTED], Authenticated=true, Details=WebAuthenticationDetails [RemoteIpAddress=127.0.0.1, SessionId=FD1588409CC200F7BE845365591ABFC6], Granted Authorities=[ROLE_USER]]
2026-05-14T00:30:31.620Z DEBUG 62076 --- [biblioteca-pessoal] [o-auto-1-exec-4] o.s.security.web.FilterChainProxy        : Secured GET /books/6a0517a71753e00383716068
2026-05-14T00:30:31.636Z TRACE 62076 --- [biblioteca-pessoal] [o-auto-1-exec-4] o.s.s.w.header.writers.HstsHeaderWriter  : Not injecting HSTS header since it did not match request to [Is Secure]
]]></system-out>
  </testcase>
</testsuite>