<?xml version="1.0" encoding="UTF-8"?>
<testsuite xmlns:xsi="http://www.w3.org/2001/XMLSchema-instance" xsi:noNamespaceSchemaLocation="https://maven.apache.org/surefire/maven-failsafe-plugin/xsd/failsafe-test-report.xsd" version="3.0.2" name="br.edu.qualidade.biblioteca.web.controller.HomeControllerIT" time="1.16" tests="2" errors="0" skipped="0" failures="0" flakes="0">
  <properties>
[...]
</properties>
  <testcase name="shouldRedirectAnonymousUserToLogin" classname="br.edu.qualidade.biblioteca.web.controller.HomeControllerIT" time="0.078">
    <system-out><![CDATA[2026-05-14T00:30:20.877Z  INFO 62076 --- [biblioteca-pessoal] [           main] t.c.s.AnnotationConfigContextLoaderUtils : Could not detect default configuration classes for test class [br.edu.qualidade.biblioteca.web.controller.HomeControllerIT]: HomeControllerIT does not declare any static, non-private, non-final, nested classes annotated with @Configuration.
2026-05-14T00:30:20.924Z  INFO 62076 --- [biblioteca-pessoal] [           main] .b.t.c.SpringBootTestContextBootstrapper : Found @SpringBootConfiguration br.edu.qualidade.biblioteca.BibliotecaPessoalApplication for test class br.edu.qualidade.biblioteca.web.controller.HomeControllerIT
2026-05-14T00:30:20.993Z TRACE 62076 --- [biblioteca-pessoal] [o-auto-1-exec-5] o.s.security.web.FilterChainProxy        : Trying to match request against DefaultSecurityFilterChain defined as 'securityFilterChain' in [class path resource [br/edu/qualidade/biblioteca/security/SecurityConfig.class]] matching [any request] and having filters [DisableEncodeUrl, WebAsyncManagerIntegration, SecurityContextHolder, HeaderWriter, Csrf, Logout, UsernamePasswordAuthentication, ConcurrentSession, RequestCacheAware, SecurityContextHolderAwareRequest, AnonymousAuthentication, SessionManagement, ExceptionTranslation, Authorization] (1/1)
2026-05-14T00:30:20.993Z DEBUG 62076 --- [biblioteca-pessoal] [o-auto-1-exec-5] o.s.security.web.FilterChainProxy        : Securing GET /
2026-05-14T00:30:20.994Z TRACE 62076 --- [biblioteca-pessoal] [o-auto-1-exec-5] o.s.security.web.FilterChainProxy        : Invoking DisableEncodeUrlFilter (1/14)
2026-05-14T00:30:20.994Z TRACE 62076 --- [biblioteca-pessoal] [o-auto-1-exec-5] o.s.security.web.FilterChainProxy        : Invoking WebAsyncManagerIntegrationFilter (2/14)
2026-05-14T00:30:20.994Z TRACE 62076 --- [biblioteca-pessoal] [o-auto-1-exec-5] o.s.security.web.FilterChainProxy        : Invoking SecurityContextHolderFilter (3/14)
2026-05-14T00:30:20.994Z TRACE 62076 --- [biblioteca-pessoal] [o-auto-1-exec-5] o.s.security.web.FilterChainProxy        : Invoking HeaderWriterFilter (4/14)
2026-05-14T00:30:20.994Z TRACE 62076 --- [biblioteca-pessoal] [o-auto-1-exec-5] o.s.security.web.FilterChainProxy        : Invoking CsrfFilter (5/14)
2026-05-14T00:30:20.995Z TRACE 62076 --- [biblioteca-pessoal] [o-auto-1-exec-5] s.s.w.c.CsrfTokenRequestAttributeHandler : Wrote a CSRF token to the following request attributes: [_csrf, org.springframework.security.web.csrf.CsrfToken]
2026-05-14T00:30:20.995Z TRACE 62076 --- [biblioteca-pessoal] [o-auto-1-exec-5] o.s.security.web.csrf.CsrfFilter         : Did not protect against CSRF since request did not match CsrfNotRequired [TRACE, HEAD, GET, OPTIONS]
2026-05-14T00:30:20.995Z TRACE 62076 --- [biblioteca-pessoal] [o-auto-1-exec-5] o.s.security.web.FilterChainProxy        : Invoking LogoutFilter (6/14)
2026-05-14T00:30:20.995Z TRACE 62076 --- [biblioteca-pessoal] [o-auto-1-exec-5] o.s.s.w.a.logout.LogoutFilter            : Did not match request to Ant [pattern='/logout', POST]
2026-05-14T00:30:20.995Z TRACE 62076 --- [biblioteca-pessoal] [o-auto-1-exec-5] o.s.security.web.FilterChainProxy        : Invoking UsernamePasswordAuthenticationFilter (7/14)
2026-05-14T00:30:20.995Z TRACE 62076 --- [biblioteca-pessoal] [o-auto-1-exec-5] w.a.UsernamePasswordAuthenticationFilter : Did not match request to Ant [pattern='/login', POST]
2026-05-14T00:30:20.995Z TRACE 62076 --- [biblioteca-pessoal] [o-auto-1-exec-5] o.s.security.web.FilterChainProxy        : Invoking ConcurrentSessionFilter (8/14)
2026-05-14T00:30:20.996Z TRACE 62076 --- [biblioteca-pessoal] [o-auto-1-exec-5] o.s.security.web.FilterChainProxy        : Invoking RequestCacheAwareFilter (9/14)
2026-05-14T00:30:20.996Z TRACE 62076 --- [biblioteca-pessoal] [o-auto-1-exec-5] o.s.s.w.s.HttpSessionRequestCache        : matchingRequestParameterName is required for getMatchingRequest to lookup a value, but not provided
2026-05-14T00:30:20.996Z TRACE 62076 --- [biblioteca-pessoal] [o-auto-1-exec-5] o.s.security.web.FilterChainProxy        : Invoking SecurityContextHolderAwareRequestFilter (10/14)
2026-05-14T00:30:20.996Z TRACE 62076 --- [biblioteca-pessoal] [o-auto-1-exec-5] o.s.security.web.FilterChainProxy        : Invoking AnonymousAuthenticationFilter (11/14)
2026-05-14T00:30:20.996Z TRACE 62076 --- [biblioteca-pessoal] [o-auto-1-exec-5] o.s.security.web.FilterChainProxy        : Invoking SessionManagementFilter (12/14)
2026-05-14T00:30:20.996Z TRACE 62076 --- [biblioteca-pessoal] [o-auto-1-exec-5] w.c.HttpSessionSecurityContextRepository : No HttpSession currently exists
2026-05-14T00:30:20.996Z TRACE 62076 --- [biblioteca-pessoal] [o-auto-1-exec-5] .s.s.w.c.SupplierDeferredSecurityContext : Created SecurityContextImpl [Null authentication]
2026-05-14T00:30:20.996Z TRACE 62076 --- [biblioteca-pessoal] [o-auto-1-exec-5] .s.s.w.c.SupplierDeferredSecurityContext : Created SecurityContextImpl [Null authentication]
2026-05-14T00:30:20.996Z TRACE 62076 --- [biblioteca-pessoal] [o-auto-1-exec-5] o.s.s.w.a.AnonymousAuthenticationFilter  : Set SecurityContextHolder to AnonymousAuthenticationToken [Principal=anonymousUser, Credentials=[PROTECTED], Authenticated=true, Details=WebAuthenticationDetails [RemoteIpAddress=127.0.0.1, SessionId=null], Granted Authorities=[ROLE_ANONYMOUS]]
2026-05-14T00:30:20.996Z TRACE 62076 --- [biblioteca-pessoal] [o-auto-1-exec-5] o.s.security.web.FilterChainProxy        : Invoking ExceptionTranslationFilter (13/14)
2026-05-14T00:30:20.996Z TRACE 62076 --- [biblioteca-pessoal] [o-auto-1-exec-5] o.s.security.web.FilterChainProxy        : Invoking AuthorizationFilter (14/14)
2026-05-14T00:30:20.996Z TRACE 62076 --- [biblioteca-pessoal] [o-auto-1-exec-5] estMatcherDelegatingAuthorizationManager : Authorizing GET /
2026-05-14T00:30:20.996Z TRACE 62076 --- [biblioteca-pessoal] [o-auto-1-exec-5] estMatcherDelegatingAuthorizationManager : Checking authorization on GET / using org.springframework.security.authorization.SingleResultAuthorizationManager@41a4df78
2026-05-14T00:30:20.997Z DEBUG 62076 --- [biblioteca-pessoal] [o-auto-1-exec-5] o.s.security.web.FilterChainProxy        : Secured GET /
2026-05-14T00:30:21.000Z TRACE 62076 --- [biblioteca-pessoal] [o-auto-1-exec-5] o.s.s.w.header.writers.HstsHeaderWriter  : Not injecting HSTS header since it did not match request to [Is Secure]
]]></system-out>
  </testcase>
  <testcase name="shouldRedirectAuthenticatedUserToBooks" classname="br.edu.qualidade.biblioteca.web.controller.HomeControllerIT" time="1.004">
    <system-out><![CDATA[2026-05-14T00:30:21.077Z TRACE 62076 --- [biblioteca-pessoal] [o-auto-1-exec-6] o.s.security.web.FilterChainProxy        : Trying to match request against DefaultSecurityFilterChain defined as 'securityFilterChain' in [class path resource [br/edu/qualidade/biblioteca/security/SecurityConfig.class]] matching [any request] and having filters [DisableEncodeUrl, WebAsyncManagerIntegration, SecurityContextHolder, HeaderWriter, Csrf, Logout, UsernamePasswordAuthentication, ConcurrentSession, RequestCacheAware, SecurityContextHolderAwareRequest, AnonymousAuthentication, SessionManagement, ExceptionTranslation, Authorization] (1/1)
2026-05-14T00:30:21.078Z DEBUG 62076 --- [biblioteca-pessoal] [o-auto-1-exec-6] o.s.security.web.FilterChainProxy        : Securing GET /register
2026-05-14T00:30:21.089Z TRACE 62076 --- [biblioteca-pessoal] [o-auto-1-exec-6] o.s.security.web.FilterChainProxy        : Invoking DisableEncodeUrlFilter (1/14)
2026-05-14T00:30:21.090Z TRACE 62076 --- [biblioteca-pessoal] [o-auto-1-exec-6] o.s.security.web.FilterChainProxy        : Invoking WebAsyncManagerIntegrationFilter (2/14)
2026-05-14T00:30:21.090Z TRACE 62076 --- [biblioteca-pessoal] [o-auto-1-exec-6] o.s.security.web.FilterChainProxy        : Invoking SecurityContextHolderFilter (3/14)
2026-05-14T00:30:21.090Z TRACE 62076 --- [biblioteca-pessoal] [o-auto-1-exec-6] o.s.security.web.FilterChainProxy        : Invoking HeaderWriterFilter (4/14)
2026-05-14T00:30:21.090Z TRACE 62076 --- [biblioteca-pessoal] [o-auto-1-exec-6] o.s.security.web.FilterChainProxy        : Invoking CsrfFilter (5/14)
2026-05-14T00:30:21.090Z TRACE 62076 --- [biblioteca-pessoal] [o-auto-1-exec-6] s.s.w.c.CsrfTokenRequestAttributeHandler : Wrote a CSRF token to the following request attributes: [_csrf, org.springframework.security.web.csrf.CsrfToken]
2026-05-14T00:30:21.090Z TRACE 62076 --- [biblioteca-pessoal] [o-auto-1-exec-6] o.s.security.web.csrf.CsrfFilter         : Did not protect against CSRF since request did not match CsrfNotRequired [TRACE, HEAD, GET, OPTIONS]
2026-05-14T00:30:21.090Z TRACE 62076 --- [biblioteca-pessoal] [o-auto-1-exec-6] o.s.security.web.FilterChainProxy        : Invoking LogoutFilter (6/14)
2026-05-14T00:30:21.090Z TRACE 62076 --- [biblioteca-pessoal] [o-auto-1-exec-6] o.s.s.w.a.logout.LogoutFilter            : Did not match request to Ant [pattern='/logout', POST]
2026-05-14T00:30:21.090Z TRACE 62076 --- [biblioteca-pessoal] [o-auto-1-exec-6] o.s.security.web.FilterChainProxy        : Invoking UsernamePasswordAuthenticationFilter (7/14)
2026-05-14T00:30:21.091Z TRACE 62076 --- [biblioteca-pessoal] [o-auto-1-exec-6] w.a.UsernamePasswordAuthenticationFilter : Did not match request to Ant [pattern='/login', POST]
2026-05-14T00:30:21.091Z TRACE 62076 --- [biblioteca-pessoal] [o-auto-1-exec-6] o.s.security.web.FilterChainProxy        : Invoking ConcurrentSessionFilter (8/14)
2026-05-14T00:30:21.091Z TRACE 62076 --- [biblioteca-pessoal] [o-auto-1-exec-6] o.s.security.web.FilterChainProxy        : Invoking RequestCacheAwareFilter (9/14)
2026-05-14T00:30:21.091Z TRACE 62076 --- [biblioteca-pessoal] [o-auto-1-exec-6] o.s.s.w.s.HttpSessionRequestCache        : matchingRequestParameterName is required for getMatchingRequest to lookup a value, but not provided
2026-05-14T00:30:21.091Z TRACE 62076 --- [biblioteca-pessoal] [o-auto-1-exec-6] o.s.security.web.FilterChainProxy        : Invoking SecurityContextHolderAwareRequestFilter (10/14)
2026-05-14T00:30:21.091Z TRACE 62076 --- [biblioteca-pessoal] [o-auto-1-exec-6] o.s.security.web.FilterChainProxy        : Invoking AnonymousAuthenticationFilter (11/14)
2026-05-14T00:30:21.091Z TRACE 62076 --- [biblioteca-pessoal] [o-auto-1-exec-6] o.s.security.web.FilterChainProxy        : Invoking SessionManagementFilter (12/14)
2026-05-14T00:30:21.091Z TRACE 62076 --- [biblioteca-pessoal] [o-auto-1-exec-6] w.c.HttpSessionSecurityContextRepository : No HttpSession currently exists
2026-05-14T00:30:21.091Z TRACE 62076 --- [biblioteca-pessoal] [o-auto-1-exec-6] .s.s.w.c.SupplierDeferredSecurityContext : Created SecurityContextImpl [Null authentication]
2026-05-14T00:30:21.091Z TRACE 62076 --- [biblioteca-pessoal] [o-auto-1-exec-6] .s.s.w.c.SupplierDeferredSecurityContext : Created SecurityContextImpl [Null authentication]
2026-05-14T00:30:21.091Z TRACE 62076 --- [biblioteca-pessoal] [o-auto-1-exec-6] o.s.s.w.a.AnonymousAuthenticationFilter  : Set SecurityContextHolder to AnonymousAuthenticationToken [Principal=anonymousUser, Credentials=[PROTECTED], Authenticated=true, Details=WebAuthenticationDetails [RemoteIpAddress=127.0.0.1, SessionId=null], Granted Authorities=[ROLE_ANONYMOUS]]
2026-05-14T00:30:21.091Z TRACE 62076 --- [biblioteca-pessoal] [o-auto-1-exec-6] o.s.security.web.FilterChainProxy        : Invoking ExceptionTranslationFilter (13/14)
2026-05-14T00:30:21.091Z TRACE 62076 --- [biblioteca-pessoal] [o-auto-1-exec-6] o.s.security.web.FilterChainProxy        : Invoking AuthorizationFilter (14/14)
2026-05-14T00:30:21.092Z TRACE 62076 --- [biblioteca-pessoal] [o-auto-1-exec-6] estMatcherDelegatingAuthorizationManager : Authorizing GET /register
2026-05-14T00:30:21.092Z TRACE 62076 --- [biblioteca-pessoal] [o-auto-1-exec-6] estMatcherDelegatingAuthorizationManager : Checking authorization on GET /register using org.springframework.security.authorization.SingleResultAuthorizationManager@41a4df78
2026-05-14T00:30:21.104Z DEBUG 62076 --- [biblioteca-pessoal] [o-auto-1-exec-6] o.s.security.web.FilterChainProxy        : Secured GET /register
2026-05-14T00:30:21.139Z TRACE 62076 --- [biblioteca-pessoal] [o-auto-1-exec-6] o.s.s.w.header.writers.HstsHeaderWriter  : Not injecting HSTS header since it did not match request to [Is Secure]
2026-05-14T00:30:21.191Z TRACE 62076 --- [biblioteca-pessoal] [o-auto-1-exec-7] o.s.security.web.FilterChainProxy        : Trying to match request against DefaultSecurityFilterChain defined as 'securityFilterChain' in [class path resource [br/edu/qualidade/biblioteca/security/SecurityConfig.class]] matching [any request] and having filters [DisableEncodeUrl, WebAsyncManagerIntegration, SecurityContextHolder, HeaderWriter, Csrf, Logout, UsernamePasswordAuthentication, ConcurrentSession, RequestCacheAware, SecurityContextHolderAwareRequest, AnonymousAuthentication, SessionManagement, ExceptionTranslation, Authorization] (1/1)
2026-05-14T00:30:21.191Z DEBUG 62076 --- [biblioteca-pessoal] [o-auto-1-exec-7] o.s.security.web.FilterChainProxy        : Securing POST /register
2026-05-14T00:30:21.192Z TRACE 62076 --- [biblioteca-pessoal] [o-auto-1-exec-7] o.s.security.web.FilterChainProxy        : Invoking DisableEncodeUrlFilter (1/14)
2026-05-14T00:30:21.192Z TRACE 62076 --- [biblioteca-pessoal] [o-auto-1-exec-7] o.s.security.web.FilterChainProxy        : Invoking WebAsyncManagerIntegrationFilter (2/14)
2026-05-14T00:30:21.192Z TRACE 62076 --- [biblioteca-pessoal] [o-auto-1-exec-7] o.s.security.web.FilterChainProxy        : Invoking SecurityContextHolderFilter (3/14)
2026-05-14T00:30:21.192Z TRACE 62076 --- [biblioteca-pessoal] [o-auto-1-exec-7] o.s.security.web.FilterChainProxy        : Invoking HeaderWriterFilter (4/14)
2026-05-14T00:30:21.192Z TRACE 62076 --- [biblioteca-pessoal] [o-auto-1-exec-7] o.s.security.web.FilterChainProxy        : Invoking CsrfFilter (5/14)
2026-05-14T00:30:21.192Z TRACE 62076 --- [biblioteca-pessoal] [o-auto-1-exec-7] s.s.w.c.CsrfTokenRequestAttributeHandler : Wrote a CSRF token to the following request attributes: [_csrf, org.springframework.security.web.csrf.CsrfToken]
2026-05-14T00:30:21.192Z TRACE 62076 --- [biblioteca-pessoal] [o-auto-1-exec-7] o.s.s.web.csrf.CsrfTokenRequestHandler   : Did not find a CSRF token in the [X-XSRF-TOKEN] request header
2026-05-14T00:30:21.193Z TRACE 62076 --- [biblioteca-pessoal] [o-auto-1-exec-7] o.s.security.web.csrf.CsrfFilter         : Found a CSRF token in the request
2026-05-14T00:30:21.193Z TRACE 62076 --- [biblioteca-pessoal] [o-auto-1-exec-7] o.s.security.web.FilterChainProxy        : Invoking LogoutFilter (6/14)
2026-05-14T00:30:21.193Z TRACE 62076 --- [biblioteca-pessoal] [o-auto-1-exec-7] o.s.s.w.a.logout.LogoutFilter            : Did not match request to Ant [pattern='/logout', POST]
2026-05-14T00:30:21.193Z TRACE 62076 --- [biblioteca-pessoal] [o-auto-1-exec-7] o.s.security.web.FilterChainProxy        : Invoking UsernamePasswordAuthenticationFilter (7/14)
2026-05-14T00:30:21.193Z TRACE 62076 --- [biblioteca-pessoal] [o-auto-1-exec-7] w.a.UsernamePasswordAuthenticationFilter : Did not match request to Ant [pattern='/login', POST]
2026-05-14T00:30:21.197Z TRACE 62076 --- [biblioteca-pessoal] [o-auto-1-exec-7] o.s.security.web.FilterChainProxy        : Invoking ConcurrentSessionFilter (8/14)
2026-05-14T00:30:21.197Z TRACE 62076 --- [biblioteca-pessoal] [o-auto-1-exec-7] o.s.security.web.FilterChainProxy        : Invoking RequestCacheAwareFilter (9/14)
2026-05-14T00:30:21.197Z TRACE 62076 --- [biblioteca-pessoal] [o-auto-1-exec-7] o.s.s.w.s.HttpSessionRequestCache        : matchingRequestParameterName is required for getMatchingRequest to lookup a value, but not provided
2026-05-14T00:30:21.197Z TRACE 62076 --- [biblioteca-pessoal] [o-auto-1-exec-7] o.s.security.web.FilterChainProxy        : Invoking SecurityContextHolderAwareRequestFilter (10/14)
2026-05-14T00:30:21.197Z TRACE 62076 --- [biblioteca-pessoal] [o-auto-1-exec-7] o.s.security.web.FilterChainProxy        : Invoking AnonymousAuthenticationFilter (11/14)
2026-05-14T00:30:21.197Z TRACE 62076 --- [biblioteca-pessoal] [o-auto-1-exec-7] o.s.security.web.FilterChainProxy        : Invoking SessionManagementFilter (12/14)
2026-05-14T00:30:21.197Z TRACE 62076 --- [biblioteca-pessoal] [o-auto-1-exec-7] w.c.HttpSessionSecurityContextRepository : No HttpSession currently exists
2026-05-14T00:30:21.197Z TRACE 62076 --- [biblioteca-pessoal] [o-auto-1-exec-7] .s.s.w.c.SupplierDeferredSecurityContext : Created SecurityContextImpl [Null authentication]
2026-05-14T00:30:21.198Z TRACE 62076 --- [biblioteca-pessoal] [o-auto-1-exec-7] .s.s.w.c.SupplierDeferredSecurityContext : Created SecurityContextImpl [Null authentication]
2026-05-14T00:30:21.198Z TRACE 62076 --- [biblioteca-pessoal] [o-auto-1-exec-7] o.s.s.w.a.AnonymousAuthenticationFilter  : Set SecurityContextHolder to AnonymousAuthenticationToken [Principal=anonymousUser, Credentials=[PROTECTED], Authenticated=true, Details=WebAuthenticationDetails [RemoteIpAddress=127.0.0.1, SessionId=null], Granted Authorities=[ROLE_ANONYMOUS]]
2026-05-14T00:30:21.198Z TRACE 62076 --- [biblioteca-pessoal] [o-auto-1-exec-7] o.s.security.web.FilterChainProxy        : Invoking ExceptionTranslationFilter (13/14)
2026-05-14T00:30:21.198Z TRACE 62076 --- [biblioteca-pessoal] [o-auto-1-exec-7] o.s.security.web.FilterChainProxy        : Invoking AuthorizationFilter (14/14)
2026-05-14T00:30:21.199Z TRACE 62076 --- [biblioteca-pessoal] [o-auto-1-exec-7] estMatcherDelegatingAuthorizationManager : Authorizing POST /register
2026-05-14T00:30:21.199Z TRACE 62076 --- [biblioteca-pessoal] [o-auto-1-exec-7] estMatcherDelegatingAuthorizationManager : Checking authorization on POST /register using org.springframework.security.authorization.SingleResultAuthorizationManager@41a4df78
2026-05-14T00:30:21.200Z DEBUG 62076 --- [biblioteca-pessoal] [o-auto-1-exec-7] o.s.security.web.FilterChainProxy        : Secured POST /register
2026-05-14T00:30:21.574Z TRACE 62076 --- [biblioteca-pessoal] [o-auto-1-exec-7] o.s.s.w.header.writers.HstsHeaderWriter  : Not injecting HSTS header since it did not match request to [Is Secure]
2026-05-14T00:30:21.598Z TRACE 62076 --- [biblioteca-pessoal] [o-auto-1-exec-8] o.s.security.web.FilterChainProxy        : Trying to match request against DefaultSecurityFilterChain defined as 'securityFilterChain' in [class path resource [br/edu/qualidade/biblioteca/security/SecurityConfig.class]] matching [any request] and having filters [DisableEncodeUrl, WebAsyncManagerIntegration, SecurityContextHolder, HeaderWriter, Csrf, Logout, UsernamePasswordAuthentication, ConcurrentSession, RequestCacheAware, SecurityContextHolderAwareRequest, AnonymousAuthentication, SessionManagement, ExceptionTranslation, Authorization] (1/1)
2026-05-14T00:30:21.599Z DEBUG 62076 --- [biblioteca-pessoal] [o-auto-1-exec-8] o.s.security.web.FilterChainProxy        : Securing GET /login
2026-05-14T00:30:21.599Z TRACE 62076 --- [biblioteca-pessoal] [o-auto-1-exec-8] o.s.security.web.FilterChainProxy        : Invoking DisableEncodeUrlFilter (1/14)
2026-05-14T00:30:21.599Z TRACE 62076 --- [biblioteca-pessoal] [o-auto-1-exec-8] o.s.security.web.FilterChainProxy        : Invoking WebAsyncManagerIntegrationFilter (2/14)
2026-05-14T00:30:21.599Z TRACE 62076 --- [biblioteca-pessoal] [o-auto-1-exec-8] o.s.security.web.FilterChainProxy        : Invoking SecurityContextHolderFilter (3/14)
2026-05-14T00:30:21.599Z TRACE 62076 --- [biblioteca-pessoal] [o-auto-1-exec-8] o.s.security.web.FilterChainProxy        : Invoking HeaderWriterFilter (4/14)
2026-05-14T00:30:21.599Z TRACE 62076 --- [biblioteca-pessoal] [o-auto-1-exec-8] o.s.security.web.FilterChainProxy        : Invoking CsrfFilter (5/14)
2026-05-14T00:30:21.599Z TRACE 62076 --- [biblioteca-pessoal] [o-auto-1-exec-8] s.s.w.c.CsrfTokenRequestAttributeHandler : Wrote a CSRF token to the following request attributes: [_csrf, org.springframework.security.web.csrf.CsrfToken]
2026-05-14T00:30:21.599Z TRACE 62076 --- [biblioteca-pessoal] [o-auto-1-exec-8] o.s.security.web.csrf.CsrfFilter         : Did not protect against CSRF since request did not match CsrfNotRequired [TRACE, HEAD, GET, OPTIONS]
2026-05-14T00:30:21.599Z TRACE 62076 --- [biblioteca-pessoal] [o-auto-1-exec-8] o.s.security.web.FilterChainProxy        : Invoking LogoutFilter (6/14)
2026-05-14T00:30:21.599Z TRACE 62076 --- [biblioteca-pessoal] [o-auto-1-exec-8] o.s.s.w.a.logout.LogoutFilter            : Did not match request to Ant [pattern='/logout', POST]
2026-05-14T00:30:21.602Z TRACE 62076 --- [biblioteca-pessoal] [o-auto-1-exec-8] o.s.security.web.FilterChainProxy        : Invoking UsernamePasswordAuthenticationFilter (7/14)
2026-05-14T00:30:21.602Z TRACE 62076 --- [biblioteca-pessoal] [o-auto-1-exec-8] w.a.UsernamePasswordAuthenticationFilter : Did not match request to Ant [pattern='/login', POST]
2026-05-14T00:30:21.602Z TRACE 62076 --- [biblioteca-pessoal] [o-auto-1-exec-8] o.s.security.web.FilterChainProxy        : Invoking ConcurrentSessionFilter (8/14)
2026-05-14T00:30:21.602Z TRACE 62076 --- [biblioteca-pessoal] [o-auto-1-exec-8] o.s.security.web.FilterChainProxy        : Invoking RequestCacheAwareFilter (9/14)
2026-05-14T00:30:21.602Z TRACE 62076 --- [biblioteca-pessoal] [o-auto-1-exec-8] o.s.s.w.s.HttpSessionRequestCache        : matchingRequestParameterName is required for getMatchingRequest to lookup a value, but not provided
2026-05-14T00:30:21.602Z TRACE 62076 --- [biblioteca-pessoal] [o-auto-1-exec-8] o.s.security.web.FilterChainProxy        : Invoking SecurityContextHolderAwareRequestFilter (10/14)
2026-05-14T00:30:21.602Z TRACE 62076 --- [biblioteca-pessoal] [o-auto-1-exec-8] o.s.security.web.FilterChainProxy        : Invoking AnonymousAuthenticationFilter (11/14)
2026-05-14T00:30:21.602Z TRACE 62076 --- [biblioteca-pessoal] [o-auto-1-exec-8] o.s.security.web.FilterChainProxy        : Invoking SessionManagementFilter (12/14)
2026-05-14T00:30:21.602Z TRACE 62076 --- [biblioteca-pessoal] [o-auto-1-exec-8] w.c.HttpSessionSecurityContextRepository : Did not find SecurityContext in HttpSession 58B1FAE2AB9D8B478204073936FBFD70 using the SPRING_SECURITY_CONTEXT session attribute
2026-05-14T00:30:21.602Z TRACE 62076 --- [biblioteca-pessoal] [o-auto-1-exec-8] .s.s.w.c.SupplierDeferredSecurityContext : Created SecurityContextImpl [Null authentication]
2026-05-14T00:30:21.602Z TRACE 62076 --- [biblioteca-pessoal] [o-auto-1-exec-8] .s.s.w.c.SupplierDeferredSecurityContext : Created SecurityContextImpl [Null authentication]
2026-05-14T00:30:21.602Z TRACE 62076 --- [biblioteca-pessoal] [o-auto-1-exec-8] o.s.s.w.a.AnonymousAuthenticationFilter  : Set SecurityContextHolder to AnonymousAuthenticationToken [Principal=anonymousUser, Credentials=[PROTECTED], Authenticated=true, Details=WebAuthenticationDetails [RemoteIpAddress=127.0.0.1, SessionId=58B1FAE2AB9D8B478204073936FBFD70], Granted Authorities=[ROLE_ANONYMOUS]]
2026-05-14T00:30:21.603Z TRACE 62076 --- [biblioteca-pessoal] [o-auto-1-exec-8] o.s.security.web.FilterChainProxy        : Invoking ExceptionTranslationFilter (13/14)
2026-05-14T00:30:21.603Z TRACE 62076 --- [biblioteca-pessoal] [o-auto-1-exec-8] o.s.security.web.FilterChainProxy        : Invoking AuthorizationFilter (14/14)
2026-05-14T00:30:21.603Z TRACE 62076 --- [biblioteca-pessoal] [o-auto-1-exec-8] estMatcherDelegatingAuthorizationManager : Authorizing GET /login
2026-05-14T00:30:21.603Z TRACE 62076 --- [biblioteca-pessoal] [o-auto-1-exec-8] estMatcherDelegatingAuthorizationManager : Checking authorization on GET /login using org.springframework.security.authorization.SingleResultAuthorizationManager@41a4df78
2026-05-14T00:30:21.603Z DEBUG 62076 --- [biblioteca-pessoal] [o-auto-1-exec-8] o.s.security.web.FilterChainProxy        : Secured GET /login
2026-05-14T00:30:21.615Z TRACE 62076 --- [biblioteca-pessoal] [o-auto-1-exec-8] o.s.s.w.header.writers.HstsHeaderWriter  : Not injecting HSTS header since it did not match request to [Is Secure]
2026-05-14T00:30:21.635Z TRACE 62076 --- [biblioteca-pessoal] [o-auto-1-exec-9] o.s.security.web.FilterChainProxy        : Trying to match request against DefaultSecurityFilterChain defined as 'securityFilterChain' in [class path resource [br/edu/qualidade/biblioteca/security/SecurityConfig.class]] matching [any request] and having filters [DisableEncodeUrl, WebAsyncManagerIntegration, SecurityContextHolder, HeaderWriter, Csrf, Logout, UsernamePasswordAuthentication, ConcurrentSession, RequestCacheAware, SecurityContextHolderAwareRequest, AnonymousAuthentication, SessionManagement, ExceptionTranslation, Authorization] (1/1)
2026-05-14T00:30:21.636Z DEBUG 62076 --- [biblioteca-pessoal] [o-auto-1-exec-9] o.s.security.web.FilterChainProxy        : Securing POST /login
2026-05-14T00:30:21.636Z TRACE 62076 --- [biblioteca-pessoal] [o-auto-1-exec-9] o.s.security.web.FilterChainProxy        : Invoking DisableEncodeUrlFilter (1/14)
2026-05-14T00:30:21.637Z TRACE 62076 --- [biblioteca-pessoal] [o-auto-1-exec-9] o.s.security.web.FilterChainProxy        : Invoking WebAsyncManagerIntegrationFilter (2/14)
2026-05-14T00:30:21.637Z TRACE 62076 --- [biblioteca-pessoal] [o-auto-1-exec-9] o.s.security.web.FilterChainProxy        : Invoking SecurityContextHolderFilter (3/14)
2026-05-14T00:30:21.637Z TRACE 62076 --- [biblioteca-pessoal] [o-auto-1-exec-9] o.s.security.web.FilterChainProxy        : Invoking HeaderWriterFilter (4/14)
2026-05-14T00:30:21.637Z TRACE 62076 --- [biblioteca-pessoal] [o-auto-1-exec-9] o.s.security.web.FilterChainProxy        : Invoking CsrfFilter (5/14)
2026-05-14T00:30:21.637Z TRACE 62076 --- [biblioteca-pessoal] [o-auto-1-exec-9] s.s.w.c.CsrfTokenRequestAttributeHandler : Wrote a CSRF token to the following request attributes: [_csrf, org.springframework.security.web.csrf.CsrfToken]
2026-05-14T00:30:21.637Z TRACE 62076 --- [biblioteca-pessoal] [o-auto-1-exec-9] o.s.s.web.csrf.CsrfTokenRequestHandler   : Did not find a CSRF token in the [X-XSRF-TOKEN] request header
2026-05-14T00:30:21.637Z TRACE 62076 --- [biblioteca-pessoal] [o-auto-1-exec-9] o.s.security.web.csrf.CsrfFilter         : Found a CSRF token in the request
2026-05-14T00:30:21.637Z TRACE 62076 --- [biblioteca-pessoal] [o-auto-1-exec-9] o.s.security.web.FilterChainProxy        : Invoking LogoutFilter (6/14)
2026-05-14T00:30:21.637Z TRACE 62076 --- [biblioteca-pessoal] [o-auto-1-exec-9] o.s.s.w.a.logout.LogoutFilter            : Did not match request to Ant [pattern='/logout', POST]
2026-05-14T00:30:21.637Z TRACE 62076 --- [biblioteca-pessoal] [o-auto-1-exec-9] o.s.security.web.FilterChainProxy        : Invoking UsernamePasswordAuthenticationFilter (7/14)
2026-05-14T00:30:21.638Z TRACE 62076 --- [biblioteca-pessoal] [o-auto-1-exec-9] o.s.s.authentication.ProviderManager     : Authenticating request with DaoAuthenticationProvider (1/2)
2026-05-14T00:30:21.638Z DEBUG 62076 --- [biblioteca-pessoal] [o-auto-1-exec-9] b.e.q.b.s.MongoLibraryUserDetailsService : Tentando autenticar usuário. emailNormalizado='user-bb7033c7-4368-40d5-8aef-ae3723eeeed4@example.com'
2026-05-14T00:30:21.642Z DEBUG 62076 --- [biblioteca-pessoal] [o-auto-1-exec-9] b.e.q.b.s.MongoLibraryUserDetailsService : Usuário encontrado. id=6a05179d1753e00383716058, email=user-bb7033c7-4368-40d5-8aef-ae3723eeeed4@example.com, enabled=true, roles=[ROLE_USER], passwordHashLength=60, passwordHashPrefix=$2a$12$
2026-05-14T00:30:21.980Z DEBUG 62076 --- [biblioteca-pessoal] [o-auto-1-exec-9] o.s.s.a.dao.DaoAuthenticationProvider    : Authenticated user
2026-05-14T00:30:21.981Z TRACE 62076 --- [biblioteca-pessoal] [o-auto-1-exec-9] s.CompositeSessionAuthenticationStrategy : Preparing session with ConcurrentSessionControlAuthenticationStrategy (1/4)
2026-05-14T00:30:21.981Z TRACE 62076 --- [biblioteca-pessoal] [o-auto-1-exec-9] s.CompositeSessionAuthenticationStrategy : Preparing session with SessionFixationProtectionStrategy (2/4)
2026-05-14T00:30:21.981Z DEBUG 62076 --- [biblioteca-pessoal] [o-auto-1-exec-9] .w.a.s.SessionFixationProtectionStrategy : Invalidating session with Id '58B1FAE2AB9D8B478204073936FBFD70' and migrating attributes.
2026-05-14T00:30:21.981Z DEBUG 62076 --- [biblioteca-pessoal] [o-auto-1-exec-9] .w.a.s.SessionFixationProtectionStrategy : Started new session: DE1790859801D4E34F101767013E5C79
2026-05-14T00:30:21.981Z DEBUG 62076 --- [biblioteca-pessoal] [o-auto-1-exec-9] .w.a.s.SessionFixationProtectionStrategy : Changed session id from 58B1FAE2AB9D8B478204073936FBFD70
2026-05-14T00:30:21.981Z TRACE 62076 --- [biblioteca-pessoal] [o-auto-1-exec-9] s.CompositeSessionAuthenticationStrategy : Preparing session with RegisterSessionAuthenticationStrategy (3/4)
2026-05-14T00:30:21.981Z DEBUG 62076 --- [biblioteca-pessoal] [o-auto-1-exec-9] o.s.s.core.session.SessionRegistryImpl   : Registering session DE1790859801D4E34F101767013E5C79, for principal org.springframework.security.core.userdetails.User [Username=user-bb7033c7-4368-40d5-8aef-ae3723eeeed4@example.com, Password=[PROTECTED], Enabled=true, AccountNonExpired=true, CredentialsNonExpired=true, AccountNonLocked=true, Granted Authorities=[ROLE_USER]]
2026-05-14T00:30:21.981Z TRACE 62076 --- [biblioteca-pessoal] [o-auto-1-exec-9] o.s.s.core.session.SessionRegistryImpl   : Sessions used by 'org.springframework.security.core.userdetails.User [Username=user-bb7033c7-4368-40d5-8aef-ae3723eeeed4@example.com, Password=[PROTECTED], Enabled=true, AccountNonExpired=true, CredentialsNonExpired=true, AccountNonLocked=true, Granted Authorities=[ROLE_USER]]' : [DE1790859801D4E34F101767013E5C79]
2026-05-14T00:30:21.981Z TRACE 62076 --- [biblioteca-pessoal] [o-auto-1-exec-9] s.CompositeSessionAuthenticationStrategy : Preparing session with CsrfAuthenticationStrategy (4/4)
2026-05-14T00:30:21.982Z TRACE 62076 --- [biblioteca-pessoal] [o-auto-1-exec-9] s.s.w.c.CsrfTokenRequestAttributeHandler : Wrote a CSRF token to the following request attributes: [_csrf, org.springframework.security.web.csrf.CsrfToken]
2026-05-14T00:30:21.982Z DEBUG 62076 --- [biblioteca-pessoal] [o-auto-1-exec-9] o.s.s.w.csrf.CsrfAuthenticationStrategy  : Replaced CSRF Token
2026-05-14T00:30:21.982Z DEBUG 62076 --- [biblioteca-pessoal] [o-auto-1-exec-9] w.c.HttpSessionSecurityContextRepository : Stored SecurityContextImpl [Authentication=UsernamePasswordAuthenticationToken [Principal=org.springframework.security.core.userdetails.User [Username=user-bb7033c7-4368-40d5-8aef-ae3723eeeed4@example.com, Password=[PROTECTED], Enabled=true, AccountNonExpired=true, CredentialsNonExpired=true, AccountNonLocked=true, Granted Authorities=[ROLE_USER]], Credentials=[PROTECTED], Authenticated=true, Details=WebAuthenticationDetails [RemoteIpAddress=127.0.0.1, SessionId=58B1FAE2AB9D8B478204073936FBFD70], Granted Authorities=[ROLE_USER]]] to HttpSession [org.apache.catalina.session.StandardSessionFacade@4c00981b]
2026-05-14T00:30:21.982Z DEBUG 62076 --- [biblioteca-pessoal] [o-auto-1-exec-9] w.a.UsernamePasswordAuthenticationFilter : Set SecurityContextHolder to UsernamePasswordAuthenticationToken [Principal=org.springframework.security.core.userdetails.User [Username=user-bb7033c7-4368-40d5-8aef-ae3723eeeed4@example.com, Password=[PROTECTED], Enabled=true, AccountNonExpired=true, CredentialsNonExpired=true, AccountNonLocked=true, Granted Authorities=[ROLE_USER]], Credentials=[PROTECTED], Authenticated=true, Details=WebAuthenticationDetails [RemoteIpAddress=127.0.0.1, SessionId=58B1FAE2AB9D8B478204073936FBFD70], Granted Authorities=[ROLE_USER]]
2026-05-14T00:30:21.982Z  INFO 62076 --- [biblioteca-pessoal] [o-auto-1-exec-9] b.e.q.b.security.SecurityConfig          : Login realizado com sucesso para username=user-bb7033c7-4368-40d5-8aef-ae3723eeeed4@example.com
2026-05-14T00:30:21.982Z TRACE 62076 --- [biblioteca-pessoal] [o-auto-1-exec-9] o.s.s.w.header.writers.HstsHeaderWriter  : Not injecting HSTS header since it did not match request to [Is Secure]
2026-05-14T00:30:22.004Z TRACE 62076 --- [biblioteca-pessoal] [-auto-1-exec-10] o.s.security.web.FilterChainProxy        : Trying to match request against DefaultSecurityFilterChain defined as 'securityFilterChain' in [class path resource [br/edu/qualidade/biblioteca/security/SecurityConfig.class]] matching [any request] and having filters [DisableEncodeUrl, WebAsyncManagerIntegration, SecurityContextHolder, HeaderWriter, Csrf, Logout, UsernamePasswordAuthentication, ConcurrentSession, RequestCacheAware, SecurityContextHolderAwareRequest, AnonymousAuthentication, SessionManagement, ExceptionTranslation, Authorization] (1/1)
2026-05-14T00:30:22.004Z DEBUG 62076 --- [biblioteca-pessoal] [-auto-1-exec-10] o.s.security.web.FilterChainProxy        : Securing GET /
2026-05-14T00:30:22.004Z TRACE 62076 --- [biblioteca-pessoal] [-auto-1-exec-10] o.s.security.web.FilterChainProxy        : Invoking DisableEncodeUrlFilter (1/14)
2026-05-14T00:30:22.006Z TRACE 62076 --- [biblioteca-pessoal] [-auto-1-exec-10] o.s.security.web.FilterChainProxy        : Invoking WebAsyncManagerIntegrationFilter (2/14)
2026-05-14T00:30:22.006Z TRACE 62076 --- [biblioteca-pessoal] [-auto-1-exec-10] o.s.security.web.FilterChainProxy        : Invoking SecurityContextHolderFilter (3/14)
2026-05-14T00:30:22.006Z TRACE 62076 --- [biblioteca-pessoal] [-auto-1-exec-10] o.s.security.web.FilterChainProxy        : Invoking HeaderWriterFilter (4/14)
2026-05-14T00:30:22.006Z TRACE 62076 --- [biblioteca-pessoal] [-auto-1-exec-10] o.s.security.web.FilterChainProxy        : Invoking CsrfFilter (5/14)
2026-05-14T00:30:22.006Z TRACE 62076 --- [biblioteca-pessoal] [-auto-1-exec-10] s.s.w.c.CsrfTokenRequestAttributeHandler : Wrote a CSRF token to the following request attributes: [_csrf, org.springframework.security.web.csrf.CsrfToken]
2026-05-14T00:30:22.006Z TRACE 62076 --- [biblioteca-pessoal] [-auto-1-exec-10] o.s.security.web.csrf.CsrfFilter         : Did not protect against CSRF since request did not match CsrfNotRequired [TRACE, HEAD, GET, OPTIONS]
2026-05-14T00:30:22.006Z TRACE 62076 --- [biblioteca-pessoal] [-auto-1-exec-10] o.s.security.web.FilterChainProxy        : Invoking LogoutFilter (6/14)
2026-05-14T00:30:22.006Z TRACE 62076 --- [biblioteca-pessoal] [-auto-1-exec-10] o.s.s.w.a.logout.LogoutFilter            : Did not match request to Ant [pattern='/logout', POST]
2026-05-14T00:30:22.007Z TRACE 62076 --- [biblioteca-pessoal] [-auto-1-exec-10] o.s.security.web.FilterChainProxy        : Invoking UsernamePasswordAuthenticationFilter (7/14)
2026-05-14T00:30:22.007Z TRACE 62076 --- [biblioteca-pessoal] [-auto-1-exec-10] w.a.UsernamePasswordAuthenticationFilter : Did not match request to Ant [pattern='/login', POST]
2026-05-14T00:30:22.007Z TRACE 62076 --- [biblioteca-pessoal] [-auto-1-exec-10] o.s.security.web.FilterChainProxy        : Invoking ConcurrentSessionFilter (8/14)
2026-05-14T00:30:22.007Z TRACE 62076 --- [biblioteca-pessoal] [-auto-1-exec-10] o.s.security.web.FilterChainProxy        : Invoking RequestCacheAwareFilter (9/14)
2026-05-14T00:30:22.007Z TRACE 62076 --- [biblioteca-pessoal] [-auto-1-exec-10] o.s.s.w.s.HttpSessionRequestCache        : matchingRequestParameterName is required for getMatchingRequest to lookup a value, but not provided
2026-05-14T00:30:22.007Z TRACE 62076 --- [biblioteca-pessoal] [-auto-1-exec-10] o.s.security.web.FilterChainProxy        : Invoking SecurityContextHolderAwareRequestFilter (10/14)
2026-05-14T00:30:22.007Z TRACE 62076 --- [biblioteca-pessoal] [-auto-1-exec-10] o.s.security.web.FilterChainProxy        : Invoking AnonymousAuthenticationFilter (11/14)
2026-05-14T00:30:22.007Z TRACE 62076 --- [biblioteca-pessoal] [-auto-1-exec-10] o.s.security.web.FilterChainProxy        : Invoking SessionManagementFilter (12/14)
2026-05-14T00:30:22.007Z TRACE 62076 --- [biblioteca-pessoal] [-auto-1-exec-10] o.s.security.web.FilterChainProxy        : Invoking ExceptionTranslationFilter (13/14)
2026-05-14T00:30:22.007Z TRACE 62076 --- [biblioteca-pessoal] [-auto-1-exec-10] o.s.security.web.FilterChainProxy        : Invoking AuthorizationFilter (14/14)
2026-05-14T00:30:22.007Z TRACE 62076 --- [biblioteca-pessoal] [-auto-1-exec-10] estMatcherDelegatingAuthorizationManager : Authorizing GET /
2026-05-14T00:30:22.007Z TRACE 62076 --- [biblioteca-pessoal] [-auto-1-exec-10] estMatcherDelegatingAuthorizationManager : Checking authorization on GET / using org.springframework.security.authorization.SingleResultAuthorizationManager@41a4df78
2026-05-14T00:30:22.008Z DEBUG 62076 --- [biblioteca-pessoal] [-auto-1-exec-10] o.s.security.web.FilterChainProxy        : Secured GET /
2026-05-14T00:30:22.010Z TRACE 62076 --- [biblioteca-pessoal] [-auto-1-exec-10] w.c.HttpSessionSecurityContextRepository : Retrieved SecurityContextImpl [Authentication=UsernamePasswordAuthenticationToken [Principal=org.springframework.security.core.userdetails.User [Username=user-bb7033c7-4368-40d5-8aef-ae3723eeeed4@example.com, Password=[PROTECTED], Enabled=true, AccountNonExpired=true, CredentialsNonExpired=true, AccountNonLocked=true, Granted Authorities=[ROLE_USER]], Credentials=[PROTECTED], Authenticated=true, Details=WebAuthenticationDetails [RemoteIpAddress=127.0.0.1, SessionId=58B1FAE2AB9D8B478204073936FBFD70], Granted Authorities=[ROLE_USER]]] from SPRING_SECURITY_CONTEXT
2026-05-14T00:30:22.011Z TRACE 62076 --- [biblioteca-pessoal] [-auto-1-exec-10] o.s.s.w.a.AnonymousAuthenticationFilter  : Did not set SecurityContextHolder since already authenticated UsernamePasswordAuthenticationToken [Principal=org.springframework.security.core.userdetails.User [Username=user-bb7033c7-4368-40d5-8aef-ae3723eeeed4@example.com, Password=[PROTECTED], Enabled=true, AccountNonExpired=true, CredentialsNonExpired=true, AccountNonLocked=true, Granted Authorities=[ROLE_USER]], Credentials=[PROTECTED], Authenticated=true, Details=WebAuthenticationDetails [RemoteIpAddress=127.0.0.1, SessionId=58B1FAE2AB9D8B478204073936FBFD70], Granted Authorities=[ROLE_USER]]
2026-05-14T00:30:22.019Z TRACE 62076 --- [biblioteca-pessoal] [-auto-1-exec-10] o.s.s.w.header.writers.HstsHeaderWriter  : Not injecting HSTS header since it did not match request to [Is Secure]
]]></system-out>
  </testcase>
</testsuite>