<?xml version="1.0" encoding="UTF-8"?>
<testsuite xmlns:xsi="http://www.w3.org/2001/XMLSchema-instance" xsi:noNamespaceSchemaLocation="https://maven.apache.org/surefire/maven-failsafe-plugin/xsd/failsafe-test-report.xsd" version="3.0.2" name="br.edu.qualidade.biblioteca.web.controller.HomeControllerIT" time="1.079" tests="2" errors="0" skipped="0" failures="0" flakes="0">
  <properties>
[...]
</properties>
  <testcase name="shouldRedirectAnonymousUserToLogin" classname="br.edu.qualidade.biblioteca.web.controller.HomeControllerIT" time="0.095">
    <system-out><![CDATA[2026-05-20T02:03:22.975Z  INFO 37483 --- [biblioteca-pessoal] [           main] t.c.s.AnnotationConfigContextLoaderUtils : Could not detect default configuration classes for test class [br.edu.qualidade.biblioteca.web.controller.HomeControllerIT]: HomeControllerIT does not declare any static, non-private, non-final, nested classes annotated with @Configuration.
2026-05-20T02:03:22.981Z  INFO 37483 --- [biblioteca-pessoal] [           main] .b.t.c.SpringBootTestContextBootstrapper : Found @SpringBootConfiguration br.edu.qualidade.biblioteca.BibliotecaPessoalApplication for test class br.edu.qualidade.biblioteca.web.controller.HomeControllerIT
2026-05-20T02:03:23.056Z TRACE 37483 --- [biblioteca-pessoal] [o-auto-1-exec-4] o.s.security.web.FilterChainProxy        : Trying to match request against DefaultSecurityFilterChain defined as 'securityFilterChain' in [class path resource [br/edu/qualidade/biblioteca/security/SecurityConfig.class]] matching [any request] and having filters [DisableEncodeUrl, WebAsyncManagerIntegration, SecurityContextHolder, HeaderWriter, Csrf, Logout, UsernamePasswordAuthentication, ConcurrentSession, RequestCacheAware, SecurityContextHolderAwareRequest, AnonymousAuthentication, SessionManagement, ExceptionTranslation, Authorization] (1/1)
2026-05-20T02:03:23.056Z DEBUG 37483 --- [biblioteca-pessoal] [o-auto-1-exec-4] o.s.security.web.FilterChainProxy        : Securing GET /
2026-05-20T02:03:23.056Z TRACE 37483 --- [biblioteca-pessoal] [o-auto-1-exec-4] o.s.security.web.FilterChainProxy        : Invoking DisableEncodeUrlFilter (1/14)
2026-05-20T02:03:23.063Z TRACE 37483 --- [biblioteca-pessoal] [o-auto-1-exec-4] o.s.security.web.FilterChainProxy        : Invoking WebAsyncManagerIntegrationFilter (2/14)
2026-05-20T02:03:23.063Z TRACE 37483 --- [biblioteca-pessoal] [o-auto-1-exec-4] o.s.security.web.FilterChainProxy        : Invoking SecurityContextHolderFilter (3/14)
2026-05-20T02:03:23.063Z TRACE 37483 --- [biblioteca-pessoal] [o-auto-1-exec-4] o.s.security.web.FilterChainProxy        : Invoking HeaderWriterFilter (4/14)
2026-05-20T02:03:23.063Z TRACE 37483 --- [biblioteca-pessoal] [o-auto-1-exec-4] o.s.security.web.FilterChainProxy        : Invoking CsrfFilter (5/14)
2026-05-20T02:03:23.063Z TRACE 37483 --- [biblioteca-pessoal] [o-auto-1-exec-4] s.s.w.c.CsrfTokenRequestAttributeHandler : Wrote a CSRF token to the following request attributes: [_csrf, org.springframework.security.web.csrf.CsrfToken]
2026-05-20T02:03:23.063Z TRACE 37483 --- [biblioteca-pessoal] [o-auto-1-exec-4] o.s.security.web.csrf.CsrfFilter         : Did not protect against CSRF since request did not match CsrfNotRequired [TRACE, HEAD, GET, OPTIONS]
2026-05-20T02:03:23.063Z TRACE 37483 --- [biblioteca-pessoal] [o-auto-1-exec-4] o.s.security.web.FilterChainProxy        : Invoking LogoutFilter (6/14)
2026-05-20T02:03:23.064Z TRACE 37483 --- [biblioteca-pessoal] [o-auto-1-exec-4] o.s.s.w.a.logout.LogoutFilter            : Did not match request to Ant [pattern='/logout', POST]
2026-05-20T02:03:23.065Z TRACE 37483 --- [biblioteca-pessoal] [o-auto-1-exec-4] o.s.security.web.FilterChainProxy        : Invoking UsernamePasswordAuthenticationFilter (7/14)
2026-05-20T02:03:23.065Z TRACE 37483 --- [biblioteca-pessoal] [o-auto-1-exec-4] w.a.UsernamePasswordAuthenticationFilter : Did not match request to Ant [pattern='/login', POST]
2026-05-20T02:03:23.065Z TRACE 37483 --- [biblioteca-pessoal] [o-auto-1-exec-4] o.s.security.web.FilterChainProxy        : Invoking ConcurrentSessionFilter (8/14)
2026-05-20T02:03:23.065Z TRACE 37483 --- [biblioteca-pessoal] [o-auto-1-exec-4] o.s.security.web.FilterChainProxy        : Invoking RequestCacheAwareFilter (9/14)
2026-05-20T02:03:23.065Z TRACE 37483 --- [biblioteca-pessoal] [o-auto-1-exec-4] o.s.s.w.s.HttpSessionRequestCache        : matchingRequestParameterName is required for getMatchingRequest to lookup a value, but not provided
2026-05-20T02:03:23.065Z TRACE 37483 --- [biblioteca-pessoal] [o-auto-1-exec-4] o.s.security.web.FilterChainProxy        : Invoking SecurityContextHolderAwareRequestFilter (10/14)
2026-05-20T02:03:23.065Z TRACE 37483 --- [biblioteca-pessoal] [o-auto-1-exec-4] o.s.security.web.FilterChainProxy        : Invoking AnonymousAuthenticationFilter (11/14)
2026-05-20T02:03:23.065Z TRACE 37483 --- [biblioteca-pessoal] [o-auto-1-exec-4] o.s.security.web.FilterChainProxy        : Invoking SessionManagementFilter (12/14)
2026-05-20T02:03:23.065Z TRACE 37483 --- [biblioteca-pessoal] [o-auto-1-exec-4] w.c.HttpSessionSecurityContextRepository : No HttpSession currently exists
2026-05-20T02:03:23.065Z TRACE 37483 --- [biblioteca-pessoal] [o-auto-1-exec-4] .s.s.w.c.SupplierDeferredSecurityContext : Created SecurityContextImpl [Null authentication]
2026-05-20T02:03:23.065Z TRACE 37483 --- [biblioteca-pessoal] [o-auto-1-exec-4] .s.s.w.c.SupplierDeferredSecurityContext : Created SecurityContextImpl [Null authentication]
2026-05-20T02:03:23.065Z TRACE 37483 --- [biblioteca-pessoal] [o-auto-1-exec-4] o.s.s.w.a.AnonymousAuthenticationFilter  : Set SecurityContextHolder to AnonymousAuthenticationToken [Principal=anonymousUser, Credentials=[PROTECTED], Authenticated=true, Details=WebAuthenticationDetails [RemoteIpAddress=127.0.0.1, SessionId=null], Granted Authorities=[ROLE_ANONYMOUS]]
2026-05-20T02:03:23.066Z TRACE 37483 --- [biblioteca-pessoal] [o-auto-1-exec-4] o.s.security.web.FilterChainProxy        : Invoking ExceptionTranslationFilter (13/14)
2026-05-20T02:03:23.067Z TRACE 37483 --- [biblioteca-pessoal] [o-auto-1-exec-4] o.s.security.web.FilterChainProxy        : Invoking AuthorizationFilter (14/14)
2026-05-20T02:03:23.067Z TRACE 37483 --- [biblioteca-pessoal] [o-auto-1-exec-4] estMatcherDelegatingAuthorizationManager : Authorizing GET /
2026-05-20T02:03:23.067Z TRACE 37483 --- [biblioteca-pessoal] [o-auto-1-exec-4] estMatcherDelegatingAuthorizationManager : Checking authorization on GET / using org.springframework.security.authorization.SingleResultAuthorizationManager@51a8321c
2026-05-20T02:03:23.070Z DEBUG 37483 --- [biblioteca-pessoal] [o-auto-1-exec-4] o.s.security.web.FilterChainProxy        : Secured GET /
2026-05-20T02:03:23.076Z TRACE 37483 --- [biblioteca-pessoal] [o-auto-1-exec-4] o.s.s.w.header.writers.HstsHeaderWriter  : Not injecting HSTS header since it did not match request to [Is Secure]
]]></system-out>
  </testcase>
  <testcase name="shouldRedirectAuthenticatedUserToBooks" classname="br.edu.qualidade.biblioteca.web.controller.HomeControllerIT" time="0.948">
    <system-out><![CDATA[2026-05-20T02:03:23.132Z TRACE 37483 --- [biblioteca-pessoal] [o-auto-1-exec-5] o.s.security.web.FilterChainProxy        : Trying to match request against DefaultSecurityFilterChain defined as 'securityFilterChain' in [class path resource [br/edu/qualidade/biblioteca/security/SecurityConfig.class]] matching [any request] and having filters [DisableEncodeUrl, WebAsyncManagerIntegration, SecurityContextHolder, HeaderWriter, Csrf, Logout, UsernamePasswordAuthentication, ConcurrentSession, RequestCacheAware, SecurityContextHolderAwareRequest, AnonymousAuthentication, SessionManagement, ExceptionTranslation, Authorization] (1/1)
2026-05-20T02:03:23.132Z DEBUG 37483 --- [biblioteca-pessoal] [o-auto-1-exec-5] o.s.security.web.FilterChainProxy        : Securing GET /register
2026-05-20T02:03:23.132Z TRACE 37483 --- [biblioteca-pessoal] [o-auto-1-exec-5] o.s.security.web.FilterChainProxy        : Invoking DisableEncodeUrlFilter (1/14)
2026-05-20T02:03:23.132Z TRACE 37483 --- [biblioteca-pessoal] [o-auto-1-exec-5] o.s.security.web.FilterChainProxy        : Invoking WebAsyncManagerIntegrationFilter (2/14)
2026-05-20T02:03:23.133Z TRACE 37483 --- [biblioteca-pessoal] [o-auto-1-exec-5] o.s.security.web.FilterChainProxy        : Invoking SecurityContextHolderFilter (3/14)
2026-05-20T02:03:23.133Z TRACE 37483 --- [biblioteca-pessoal] [o-auto-1-exec-5] o.s.security.web.FilterChainProxy        : Invoking HeaderWriterFilter (4/14)
2026-05-20T02:03:23.133Z TRACE 37483 --- [biblioteca-pessoal] [o-auto-1-exec-5] o.s.security.web.FilterChainProxy        : Invoking CsrfFilter (5/14)
2026-05-20T02:03:23.133Z TRACE 37483 --- [biblioteca-pessoal] [o-auto-1-exec-5] s.s.w.c.CsrfTokenRequestAttributeHandler : Wrote a CSRF token to the following request attributes: [_csrf, org.springframework.security.web.csrf.CsrfToken]
2026-05-20T02:03:23.133Z TRACE 37483 --- [biblioteca-pessoal] [o-auto-1-exec-5] o.s.security.web.csrf.CsrfFilter         : Did not protect against CSRF since request did not match CsrfNotRequired [TRACE, HEAD, GET, OPTIONS]
2026-05-20T02:03:23.133Z TRACE 37483 --- [biblioteca-pessoal] [o-auto-1-exec-5] o.s.security.web.FilterChainProxy        : Invoking LogoutFilter (6/14)
2026-05-20T02:03:23.133Z TRACE 37483 --- [biblioteca-pessoal] [o-auto-1-exec-5] o.s.s.w.a.logout.LogoutFilter            : Did not match request to Ant [pattern='/logout', POST]
2026-05-20T02:03:23.133Z TRACE 37483 --- [biblioteca-pessoal] [o-auto-1-exec-5] o.s.security.web.FilterChainProxy        : Invoking UsernamePasswordAuthenticationFilter (7/14)
2026-05-20T02:03:23.133Z TRACE 37483 --- [biblioteca-pessoal] [o-auto-1-exec-5] w.a.UsernamePasswordAuthenticationFilter : Did not match request to Ant [pattern='/login', POST]
2026-05-20T02:03:23.133Z TRACE 37483 --- [biblioteca-pessoal] [o-auto-1-exec-5] o.s.security.web.FilterChainProxy        : Invoking ConcurrentSessionFilter (8/14)
2026-05-20T02:03:23.133Z TRACE 37483 --- [biblioteca-pessoal] [o-auto-1-exec-5] o.s.security.web.FilterChainProxy        : Invoking RequestCacheAwareFilter (9/14)
2026-05-20T02:03:23.133Z TRACE 37483 --- [biblioteca-pessoal] [o-auto-1-exec-5] o.s.s.w.s.HttpSessionRequestCache        : matchingRequestParameterName is required for getMatchingRequest to lookup a value, but not provided
2026-05-20T02:03:23.134Z TRACE 37483 --- [biblioteca-pessoal] [o-auto-1-exec-5] o.s.security.web.FilterChainProxy        : Invoking SecurityContextHolderAwareRequestFilter (10/14)
2026-05-20T02:03:23.136Z TRACE 37483 --- [biblioteca-pessoal] [o-auto-1-exec-5] o.s.security.web.FilterChainProxy        : Invoking AnonymousAuthenticationFilter (11/14)
2026-05-20T02:03:23.136Z TRACE 37483 --- [biblioteca-pessoal] [o-auto-1-exec-5] o.s.security.web.FilterChainProxy        : Invoking SessionManagementFilter (12/14)
2026-05-20T02:03:23.136Z TRACE 37483 --- [biblioteca-pessoal] [o-auto-1-exec-5] w.c.HttpSessionSecurityContextRepository : No HttpSession currently exists
2026-05-20T02:03:23.136Z TRACE 37483 --- [biblioteca-pessoal] [o-auto-1-exec-5] .s.s.w.c.SupplierDeferredSecurityContext : Created SecurityContextImpl [Null authentication]
2026-05-20T02:03:23.136Z TRACE 37483 --- [biblioteca-pessoal] [o-auto-1-exec-5] .s.s.w.c.SupplierDeferredSecurityContext : Created SecurityContextImpl [Null authentication]
2026-05-20T02:03:23.136Z TRACE 37483 --- [biblioteca-pessoal] [o-auto-1-exec-5] o.s.s.w.a.AnonymousAuthenticationFilter  : Set SecurityContextHolder to AnonymousAuthenticationToken [Principal=anonymousUser, Credentials=[PROTECTED], Authenticated=true, Details=WebAuthenticationDetails [RemoteIpAddress=127.0.0.1, SessionId=null], Granted Authorities=[ROLE_ANONYMOUS]]
2026-05-20T02:03:23.136Z TRACE 37483 --- [biblioteca-pessoal] [o-auto-1-exec-5] o.s.security.web.FilterChainProxy        : Invoking ExceptionTranslationFilter (13/14)
2026-05-20T02:03:23.136Z TRACE 37483 --- [biblioteca-pessoal] [o-auto-1-exec-5] o.s.security.web.FilterChainProxy        : Invoking AuthorizationFilter (14/14)
2026-05-20T02:03:23.137Z TRACE 37483 --- [biblioteca-pessoal] [o-auto-1-exec-5] estMatcherDelegatingAuthorizationManager : Authorizing GET /register
2026-05-20T02:03:23.137Z TRACE 37483 --- [biblioteca-pessoal] [o-auto-1-exec-5] estMatcherDelegatingAuthorizationManager : Checking authorization on GET /register using org.springframework.security.authorization.SingleResultAuthorizationManager@51a8321c
2026-05-20T02:03:23.137Z DEBUG 37483 --- [biblioteca-pessoal] [o-auto-1-exec-5] o.s.security.web.FilterChainProxy        : Secured GET /register
2026-05-20T02:03:23.152Z TRACE 37483 --- [biblioteca-pessoal] [o-auto-1-exec-5] o.s.s.w.header.writers.HstsHeaderWriter  : Not injecting HSTS header since it did not match request to [Is Secure]
2026-05-20T02:03:23.190Z TRACE 37483 --- [biblioteca-pessoal] [o-auto-1-exec-6] o.s.security.web.FilterChainProxy        : Trying to match request against DefaultSecurityFilterChain defined as 'securityFilterChain' in [class path resource [br/edu/qualidade/biblioteca/security/SecurityConfig.class]] matching [any request] and having filters [DisableEncodeUrl, WebAsyncManagerIntegration, SecurityContextHolder, HeaderWriter, Csrf, Logout, UsernamePasswordAuthentication, ConcurrentSession, RequestCacheAware, SecurityContextHolderAwareRequest, AnonymousAuthentication, SessionManagement, ExceptionTranslation, Authorization] (1/1)
2026-05-20T02:03:23.190Z DEBUG 37483 --- [biblioteca-pessoal] [o-auto-1-exec-6] o.s.security.web.FilterChainProxy        : Securing POST /register
2026-05-20T02:03:23.190Z TRACE 37483 --- [biblioteca-pessoal] [o-auto-1-exec-6] o.s.security.web.FilterChainProxy        : Invoking DisableEncodeUrlFilter (1/14)
2026-05-20T02:03:23.190Z TRACE 37483 --- [biblioteca-pessoal] [o-auto-1-exec-6] o.s.security.web.FilterChainProxy        : Invoking WebAsyncManagerIntegrationFilter (2/14)
2026-05-20T02:03:23.191Z TRACE 37483 --- [biblioteca-pessoal] [o-auto-1-exec-6] o.s.security.web.FilterChainProxy        : Invoking SecurityContextHolderFilter (3/14)
2026-05-20T02:03:23.191Z TRACE 37483 --- [biblioteca-pessoal] [o-auto-1-exec-6] o.s.security.web.FilterChainProxy        : Invoking HeaderWriterFilter (4/14)
2026-05-20T02:03:23.191Z TRACE 37483 --- [biblioteca-pessoal] [o-auto-1-exec-6] o.s.security.web.FilterChainProxy        : Invoking CsrfFilter (5/14)
2026-05-20T02:03:23.192Z TRACE 37483 --- [biblioteca-pessoal] [o-auto-1-exec-6] s.s.w.c.CsrfTokenRequestAttributeHandler : Wrote a CSRF token to the following request attributes: [_csrf, org.springframework.security.web.csrf.CsrfToken]
2026-05-20T02:03:23.192Z TRACE 37483 --- [biblioteca-pessoal] [o-auto-1-exec-6] o.s.s.web.csrf.CsrfTokenRequestHandler   : Did not find a CSRF token in the [X-XSRF-TOKEN] request header
2026-05-20T02:03:23.192Z TRACE 37483 --- [biblioteca-pessoal] [o-auto-1-exec-6] o.s.security.web.csrf.CsrfFilter         : Found a CSRF token in the request
2026-05-20T02:03:23.192Z TRACE 37483 --- [biblioteca-pessoal] [o-auto-1-exec-6] o.s.security.web.FilterChainProxy        : Invoking LogoutFilter (6/14)
2026-05-20T02:03:23.192Z TRACE 37483 --- [biblioteca-pessoal] [o-auto-1-exec-6] o.s.s.w.a.logout.LogoutFilter            : Did not match request to Ant [pattern='/logout', POST]
2026-05-20T02:03:23.192Z TRACE 37483 --- [biblioteca-pessoal] [o-auto-1-exec-6] o.s.security.web.FilterChainProxy        : Invoking UsernamePasswordAuthenticationFilter (7/14)
2026-05-20T02:03:23.192Z TRACE 37483 --- [biblioteca-pessoal] [o-auto-1-exec-6] w.a.UsernamePasswordAuthenticationFilter : Did not match request to Ant [pattern='/login', POST]
2026-05-20T02:03:23.192Z TRACE 37483 --- [biblioteca-pessoal] [o-auto-1-exec-6] o.s.security.web.FilterChainProxy        : Invoking ConcurrentSessionFilter (8/14)
2026-05-20T02:03:23.192Z TRACE 37483 --- [biblioteca-pessoal] [o-auto-1-exec-6] o.s.security.web.FilterChainProxy        : Invoking RequestCacheAwareFilter (9/14)
2026-05-20T02:03:23.193Z TRACE 37483 --- [biblioteca-pessoal] [o-auto-1-exec-6] o.s.s.w.s.HttpSessionRequestCache        : matchingRequestParameterName is required for getMatchingRequest to lookup a value, but not provided
2026-05-20T02:03:23.193Z TRACE 37483 --- [biblioteca-pessoal] [o-auto-1-exec-6] o.s.security.web.FilterChainProxy        : Invoking SecurityContextHolderAwareRequestFilter (10/14)
2026-05-20T02:03:23.193Z TRACE 37483 --- [biblioteca-pessoal] [o-auto-1-exec-6] o.s.security.web.FilterChainProxy        : Invoking AnonymousAuthenticationFilter (11/14)
2026-05-20T02:03:23.193Z TRACE 37483 --- [biblioteca-pessoal] [o-auto-1-exec-6] o.s.security.web.FilterChainProxy        : Invoking SessionManagementFilter (12/14)
2026-05-20T02:03:23.193Z TRACE 37483 --- [biblioteca-pessoal] [o-auto-1-exec-6] w.c.HttpSessionSecurityContextRepository : No HttpSession currently exists
2026-05-20T02:03:23.193Z TRACE 37483 --- [biblioteca-pessoal] [o-auto-1-exec-6] .s.s.w.c.SupplierDeferredSecurityContext : Created SecurityContextImpl [Null authentication]
2026-05-20T02:03:23.193Z TRACE 37483 --- [biblioteca-pessoal] [o-auto-1-exec-6] .s.s.w.c.SupplierDeferredSecurityContext : Created SecurityContextImpl [Null authentication]
2026-05-20T02:03:23.196Z TRACE 37483 --- [biblioteca-pessoal] [o-auto-1-exec-6] o.s.s.w.a.AnonymousAuthenticationFilter  : Set SecurityContextHolder to AnonymousAuthenticationToken [Principal=anonymousUser, Credentials=[PROTECTED], Authenticated=true, Details=WebAuthenticationDetails [RemoteIpAddress=127.0.0.1, SessionId=null], Granted Authorities=[ROLE_ANONYMOUS]]
2026-05-20T02:03:23.196Z TRACE 37483 --- [biblioteca-pessoal] [o-auto-1-exec-6] o.s.security.web.FilterChainProxy        : Invoking ExceptionTranslationFilter (13/14)
2026-05-20T02:03:23.196Z TRACE 37483 --- [biblioteca-pessoal] [o-auto-1-exec-6] o.s.security.web.FilterChainProxy        : Invoking AuthorizationFilter (14/14)
2026-05-20T02:03:23.196Z TRACE 37483 --- [biblioteca-pessoal] [o-auto-1-exec-6] estMatcherDelegatingAuthorizationManager : Authorizing POST /register
2026-05-20T02:03:23.196Z TRACE 37483 --- [biblioteca-pessoal] [o-auto-1-exec-6] estMatcherDelegatingAuthorizationManager : Checking authorization on POST /register using org.springframework.security.authorization.SingleResultAuthorizationManager@51a8321c
2026-05-20T02:03:23.197Z DEBUG 37483 --- [biblioteca-pessoal] [o-auto-1-exec-6] o.s.security.web.FilterChainProxy        : Secured POST /register
2026-05-20T02:03:23.528Z TRACE 37483 --- [biblioteca-pessoal] [o-auto-1-exec-6] o.s.s.w.header.writers.HstsHeaderWriter  : Not injecting HSTS header since it did not match request to [Is Secure]
2026-05-20T02:03:23.554Z TRACE 37483 --- [biblioteca-pessoal] [o-auto-1-exec-7] o.s.security.web.FilterChainProxy        : Trying to match request against DefaultSecurityFilterChain defined as 'securityFilterChain' in [class path resource [br/edu/qualidade/biblioteca/security/SecurityConfig.class]] matching [any request] and having filters [DisableEncodeUrl, WebAsyncManagerIntegration, SecurityContextHolder, HeaderWriter, Csrf, Logout, UsernamePasswordAuthentication, ConcurrentSession, RequestCacheAware, SecurityContextHolderAwareRequest, AnonymousAuthentication, SessionManagement, ExceptionTranslation, Authorization] (1/1)
2026-05-20T02:03:23.554Z DEBUG 37483 --- [biblioteca-pessoal] [o-auto-1-exec-7] o.s.security.web.FilterChainProxy        : Securing GET /login
2026-05-20T02:03:23.554Z TRACE 37483 --- [biblioteca-pessoal] [o-auto-1-exec-7] o.s.security.web.FilterChainProxy        : Invoking DisableEncodeUrlFilter (1/14)
2026-05-20T02:03:23.554Z TRACE 37483 --- [biblioteca-pessoal] [o-auto-1-exec-7] o.s.security.web.FilterChainProxy        : Invoking WebAsyncManagerIntegrationFilter (2/14)
2026-05-20T02:03:23.554Z TRACE 37483 --- [biblioteca-pessoal] [o-auto-1-exec-7] o.s.security.web.FilterChainProxy        : Invoking SecurityContextHolderFilter (3/14)
2026-05-20T02:03:23.554Z TRACE 37483 --- [biblioteca-pessoal] [o-auto-1-exec-7] o.s.security.web.FilterChainProxy        : Invoking HeaderWriterFilter (4/14)
2026-05-20T02:03:23.554Z TRACE 37483 --- [biblioteca-pessoal] [o-auto-1-exec-7] o.s.security.web.FilterChainProxy        : Invoking CsrfFilter (5/14)
2026-05-20T02:03:23.555Z TRACE 37483 --- [biblioteca-pessoal] [o-auto-1-exec-7] s.s.w.c.CsrfTokenRequestAttributeHandler : Wrote a CSRF token to the following request attributes: [_csrf, org.springframework.security.web.csrf.CsrfToken]
2026-05-20T02:03:23.555Z TRACE 37483 --- [biblioteca-pessoal] [o-auto-1-exec-7] o.s.security.web.csrf.CsrfFilter         : Did not protect against CSRF since request did not match CsrfNotRequired [TRACE, HEAD, GET, OPTIONS]
2026-05-20T02:03:23.555Z TRACE 37483 --- [biblioteca-pessoal] [o-auto-1-exec-7] o.s.security.web.FilterChainProxy        : Invoking LogoutFilter (6/14)
2026-05-20T02:03:23.555Z TRACE 37483 --- [biblioteca-pessoal] [o-auto-1-exec-7] o.s.s.w.a.logout.LogoutFilter            : Did not match request to Ant [pattern='/logout', POST]
2026-05-20T02:03:23.555Z TRACE 37483 --- [biblioteca-pessoal] [o-auto-1-exec-7] o.s.security.web.FilterChainProxy        : Invoking UsernamePasswordAuthenticationFilter (7/14)
2026-05-20T02:03:23.556Z TRACE 37483 --- [biblioteca-pessoal] [o-auto-1-exec-7] w.a.UsernamePasswordAuthenticationFilter : Did not match request to Ant [pattern='/login', POST]
2026-05-20T02:03:23.556Z TRACE 37483 --- [biblioteca-pessoal] [o-auto-1-exec-7] o.s.security.web.FilterChainProxy        : Invoking ConcurrentSessionFilter (8/14)
2026-05-20T02:03:23.556Z TRACE 37483 --- [biblioteca-pessoal] [o-auto-1-exec-7] o.s.security.web.FilterChainProxy        : Invoking RequestCacheAwareFilter (9/14)
2026-05-20T02:03:23.556Z TRACE 37483 --- [biblioteca-pessoal] [o-auto-1-exec-7] o.s.s.w.s.HttpSessionRequestCache        : matchingRequestParameterName is required for getMatchingRequest to lookup a value, but not provided
2026-05-20T02:03:23.556Z TRACE 37483 --- [biblioteca-pessoal] [o-auto-1-exec-7] o.s.security.web.FilterChainProxy        : Invoking SecurityContextHolderAwareRequestFilter (10/14)
2026-05-20T02:03:23.556Z TRACE 37483 --- [biblioteca-pessoal] [o-auto-1-exec-7] o.s.security.web.FilterChainProxy        : Invoking AnonymousAuthenticationFilter (11/14)
2026-05-20T02:03:23.556Z TRACE 37483 --- [biblioteca-pessoal] [o-auto-1-exec-7] o.s.security.web.FilterChainProxy        : Invoking SessionManagementFilter (12/14)
2026-05-20T02:03:23.556Z TRACE 37483 --- [biblioteca-pessoal] [o-auto-1-exec-7] w.c.HttpSessionSecurityContextRepository : Did not find SecurityContext in HttpSession 60AF50711A78D7B6C3945D480B018B08 using the SPRING_SECURITY_CONTEXT session attribute
2026-05-20T02:03:23.556Z TRACE 37483 --- [biblioteca-pessoal] [o-auto-1-exec-7] .s.s.w.c.SupplierDeferredSecurityContext : Created SecurityContextImpl [Null authentication]
2026-05-20T02:03:23.556Z TRACE 37483 --- [biblioteca-pessoal] [o-auto-1-exec-7] .s.s.w.c.SupplierDeferredSecurityContext : Created SecurityContextImpl [Null authentication]
2026-05-20T02:03:23.556Z TRACE 37483 --- [biblioteca-pessoal] [o-auto-1-exec-7] o.s.s.w.a.AnonymousAuthenticationFilter  : Set SecurityContextHolder to AnonymousAuthenticationToken [Principal=anonymousUser, Credentials=[PROTECTED], Authenticated=true, Details=WebAuthenticationDetails [RemoteIpAddress=127.0.0.1, SessionId=60AF50711A78D7B6C3945D480B018B08], Granted Authorities=[ROLE_ANONYMOUS]]
2026-05-20T02:03:23.556Z TRACE 37483 --- [biblioteca-pessoal] [o-auto-1-exec-7] o.s.security.web.FilterChainProxy        : Invoking ExceptionTranslationFilter (13/14)
2026-05-20T02:03:23.556Z TRACE 37483 --- [biblioteca-pessoal] [o-auto-1-exec-7] o.s.security.web.FilterChainProxy        : Invoking AuthorizationFilter (14/14)
2026-05-20T02:03:23.556Z TRACE 37483 --- [biblioteca-pessoal] [o-auto-1-exec-7] estMatcherDelegatingAuthorizationManager : Authorizing GET /login
2026-05-20T02:03:23.557Z TRACE 37483 --- [biblioteca-pessoal] [o-auto-1-exec-7] estMatcherDelegatingAuthorizationManager : Checking authorization on GET /login using org.springframework.security.authorization.SingleResultAuthorizationManager@51a8321c
2026-05-20T02:03:23.557Z DEBUG 37483 --- [biblioteca-pessoal] [o-auto-1-exec-7] o.s.security.web.FilterChainProxy        : Secured GET /login
2026-05-20T02:03:23.571Z TRACE 37483 --- [biblioteca-pessoal] [o-auto-1-exec-7] o.s.s.w.header.writers.HstsHeaderWriter  : Not injecting HSTS header since it did not match request to [Is Secure]
2026-05-20T02:03:23.603Z TRACE 37483 --- [biblioteca-pessoal] [o-auto-1-exec-8] o.s.security.web.FilterChainProxy        : Trying to match request against DefaultSecurityFilterChain defined as 'securityFilterChain' in [class path resource [br/edu/qualidade/biblioteca/security/SecurityConfig.class]] matching [any request] and having filters [DisableEncodeUrl, WebAsyncManagerIntegration, SecurityContextHolder, HeaderWriter, Csrf, Logout, UsernamePasswordAuthentication, ConcurrentSession, RequestCacheAware, SecurityContextHolderAwareRequest, AnonymousAuthentication, SessionManagement, ExceptionTranslation, Authorization] (1/1)
2026-05-20T02:03:23.603Z DEBUG 37483 --- [biblioteca-pessoal] [o-auto-1-exec-8] o.s.security.web.FilterChainProxy        : Securing POST /login
2026-05-20T02:03:23.603Z TRACE 37483 --- [biblioteca-pessoal] [o-auto-1-exec-8] o.s.security.web.FilterChainProxy        : Invoking DisableEncodeUrlFilter (1/14)
2026-05-20T02:03:23.603Z TRACE 37483 --- [biblioteca-pessoal] [o-auto-1-exec-8] o.s.security.web.FilterChainProxy        : Invoking WebAsyncManagerIntegrationFilter (2/14)
2026-05-20T02:03:23.603Z TRACE 37483 --- [biblioteca-pessoal] [o-auto-1-exec-8] o.s.security.web.FilterChainProxy        : Invoking SecurityContextHolderFilter (3/14)
2026-05-20T02:03:23.603Z TRACE 37483 --- [biblioteca-pessoal] [o-auto-1-exec-8] o.s.security.web.FilterChainProxy        : Invoking HeaderWriterFilter (4/14)
2026-05-20T02:03:23.603Z TRACE 37483 --- [biblioteca-pessoal] [o-auto-1-exec-8] o.s.security.web.FilterChainProxy        : Invoking CsrfFilter (5/14)
2026-05-20T02:03:23.603Z TRACE 37483 --- [biblioteca-pessoal] [o-auto-1-exec-8] s.s.w.c.CsrfTokenRequestAttributeHandler : Wrote a CSRF token to the following request attributes: [_csrf, org.springframework.security.web.csrf.CsrfToken]
2026-05-20T02:03:23.606Z TRACE 37483 --- [biblioteca-pessoal] [o-auto-1-exec-8] o.s.s.web.csrf.CsrfTokenRequestHandler   : Did not find a CSRF token in the [X-XSRF-TOKEN] request header
2026-05-20T02:03:23.606Z TRACE 37483 --- [biblioteca-pessoal] [o-auto-1-exec-8] o.s.security.web.csrf.CsrfFilter         : Found a CSRF token in the request
2026-05-20T02:03:23.606Z TRACE 37483 --- [biblioteca-pessoal] [o-auto-1-exec-8] o.s.security.web.FilterChainProxy        : Invoking LogoutFilter (6/14)
2026-05-20T02:03:23.606Z TRACE 37483 --- [biblioteca-pessoal] [o-auto-1-exec-8] o.s.s.w.a.logout.LogoutFilter            : Did not match request to Ant [pattern='/logout', POST]
2026-05-20T02:03:23.606Z TRACE 37483 --- [biblioteca-pessoal] [o-auto-1-exec-8] o.s.security.web.FilterChainProxy        : Invoking UsernamePasswordAuthenticationFilter (7/14)
2026-05-20T02:03:23.606Z TRACE 37483 --- [biblioteca-pessoal] [o-auto-1-exec-8] o.s.s.authentication.ProviderManager     : Authenticating request with DaoAuthenticationProvider (1/2)
2026-05-20T02:03:23.606Z DEBUG 37483 --- [biblioteca-pessoal] [o-auto-1-exec-8] b.e.q.b.s.MongoLibraryUserDetailsService : Tentando autenticar usuário. emailNormalizado='user-a11c0f28-3598-49d6-b8fb-c022f83ddb81@example.com'
2026-05-20T02:03:23.613Z DEBUG 37483 --- [biblioteca-pessoal] [o-auto-1-exec-8] b.e.q.b.s.MongoLibraryUserDetailsService : Usuário encontrado. id=6a0d166bbd7daa50857b1487, email=user-a11c0f28-3598-49d6-b8fb-c022f83ddb81@example.com, enabled=true, roles=[ROLE_USER], passwordHashLength=60, passwordHashPrefix=$2a$12$
2026-05-20T02:03:24.017Z DEBUG 37483 --- [biblioteca-pessoal] [o-auto-1-exec-8] o.s.s.a.dao.DaoAuthenticationProvider    : Authenticated user
2026-05-20T02:03:24.017Z TRACE 37483 --- [biblioteca-pessoal] [o-auto-1-exec-8] s.CompositeSessionAuthenticationStrategy : Preparing session with ConcurrentSessionControlAuthenticationStrategy (1/4)
2026-05-20T02:03:24.017Z TRACE 37483 --- [biblioteca-pessoal] [o-auto-1-exec-8] s.CompositeSessionAuthenticationStrategy : Preparing session with SessionFixationProtectionStrategy (2/4)
2026-05-20T02:03:24.017Z DEBUG 37483 --- [biblioteca-pessoal] [o-auto-1-exec-8] .w.a.s.SessionFixationProtectionStrategy : Invalidating session with Id '60AF50711A78D7B6C3945D480B018B08' and migrating attributes.
2026-05-20T02:03:24.018Z DEBUG 37483 --- [biblioteca-pessoal] [o-auto-1-exec-8] .w.a.s.SessionFixationProtectionStrategy : Started new session: 96CAE6D679D23B3DD773AD32648FF5D0
2026-05-20T02:03:24.018Z DEBUG 37483 --- [biblioteca-pessoal] [o-auto-1-exec-8] .w.a.s.SessionFixationProtectionStrategy : Changed session id from 60AF50711A78D7B6C3945D480B018B08
2026-05-20T02:03:24.018Z TRACE 37483 --- [biblioteca-pessoal] [o-auto-1-exec-8] s.CompositeSessionAuthenticationStrategy : Preparing session with RegisterSessionAuthenticationStrategy (3/4)
2026-05-20T02:03:24.018Z DEBUG 37483 --- [biblioteca-pessoal] [o-auto-1-exec-8] o.s.s.core.session.SessionRegistryImpl   : Registering session 96CAE6D679D23B3DD773AD32648FF5D0, for principal org.springframework.security.core.userdetails.User [Username=user-a11c0f28-3598-49d6-b8fb-c022f83ddb81@example.com, Password=[PROTECTED], Enabled=true, AccountNonExpired=true, CredentialsNonExpired=true, AccountNonLocked=true, Granted Authorities=[ROLE_USER]]
2026-05-20T02:03:24.018Z TRACE 37483 --- [biblioteca-pessoal] [o-auto-1-exec-8] o.s.s.core.session.SessionRegistryImpl   : Sessions used by 'org.springframework.security.core.userdetails.User [Username=user-a11c0f28-3598-49d6-b8fb-c022f83ddb81@example.com, Password=[PROTECTED], Enabled=true, AccountNonExpired=true, CredentialsNonExpired=true, AccountNonLocked=true, Granted Authorities=[ROLE_USER]]' : [96CAE6D679D23B3DD773AD32648FF5D0]
2026-05-20T02:03:24.018Z TRACE 37483 --- [biblioteca-pessoal] [o-auto-1-exec-8] s.CompositeSessionAuthenticationStrategy : Preparing session with CsrfAuthenticationStrategy (4/4)
2026-05-20T02:03:24.018Z TRACE 37483 --- [biblioteca-pessoal] [o-auto-1-exec-8] s.s.w.c.CsrfTokenRequestAttributeHandler : Wrote a CSRF token to the following request attributes: [_csrf, org.springframework.security.web.csrf.CsrfToken]
2026-05-20T02:03:24.018Z DEBUG 37483 --- [biblioteca-pessoal] [o-auto-1-exec-8] o.s.s.w.csrf.CsrfAuthenticationStrategy  : Replaced CSRF Token
2026-05-20T02:03:24.019Z DEBUG 37483 --- [biblioteca-pessoal] [o-auto-1-exec-8] w.c.HttpSessionSecurityContextRepository : Stored SecurityContextImpl [Authentication=UsernamePasswordAuthenticationToken [Principal=org.springframework.security.core.userdetails.User [Username=user-a11c0f28-3598-49d6-b8fb-c022f83ddb81@example.com, Password=[PROTECTED], Enabled=true, AccountNonExpired=true, CredentialsNonExpired=true, AccountNonLocked=true, Granted Authorities=[ROLE_USER]], Credentials=[PROTECTED], Authenticated=true, Details=WebAuthenticationDetails [RemoteIpAddress=127.0.0.1, SessionId=60AF50711A78D7B6C3945D480B018B08], Granted Authorities=[ROLE_USER]]] to HttpSession [org.apache.catalina.session.StandardSessionFacade@419c7054]
2026-05-20T02:03:24.019Z DEBUG 37483 --- [biblioteca-pessoal] [o-auto-1-exec-8] w.a.UsernamePasswordAuthenticationFilter : Set SecurityContextHolder to UsernamePasswordAuthenticationToken [Principal=org.springframework.security.core.userdetails.User [Username=user-a11c0f28-3598-49d6-b8fb-c022f83ddb81@example.com, Password=[PROTECTED], Enabled=true, AccountNonExpired=true, CredentialsNonExpired=true, AccountNonLocked=true, Granted Authorities=[ROLE_USER]], Credentials=[PROTECTED], Authenticated=true, Details=WebAuthenticationDetails [RemoteIpAddress=127.0.0.1, SessionId=60AF50711A78D7B6C3945D480B018B08], Granted Authorities=[ROLE_USER]]
2026-05-20T02:03:24.019Z  INFO 37483 --- [biblioteca-pessoal] [o-auto-1-exec-8] b.e.q.b.security.SecurityConfig          : Login realizado com sucesso para username=user-a11c0f28-3598-49d6-b8fb-c022f83ddb81@example.com
2026-05-20T02:03:24.019Z TRACE 37483 --- [biblioteca-pessoal] [o-auto-1-exec-8] o.s.s.w.header.writers.HstsHeaderWriter  : Not injecting HSTS header since it did not match request to [Is Secure]
2026-05-20T02:03:24.037Z TRACE 37483 --- [biblioteca-pessoal] [o-auto-1-exec-9] o.s.security.web.FilterChainProxy        : Trying to match request against DefaultSecurityFilterChain defined as 'securityFilterChain' in [class path resource [br/edu/qualidade/biblioteca/security/SecurityConfig.class]] matching [any request] and having filters [DisableEncodeUrl, WebAsyncManagerIntegration, SecurityContextHolder, HeaderWriter, Csrf, Logout, UsernamePasswordAuthentication, ConcurrentSession, RequestCacheAware, SecurityContextHolderAwareRequest, AnonymousAuthentication, SessionManagement, ExceptionTranslation, Authorization] (1/1)
2026-05-20T02:03:24.038Z DEBUG 37483 --- [biblioteca-pessoal] [o-auto-1-exec-9] o.s.security.web.FilterChainProxy        : Securing GET /
2026-05-20T02:03:24.038Z TRACE 37483 --- [biblioteca-pessoal] [o-auto-1-exec-9] o.s.security.web.FilterChainProxy        : Invoking DisableEncodeUrlFilter (1/14)
2026-05-20T02:03:24.038Z TRACE 37483 --- [biblioteca-pessoal] [o-auto-1-exec-9] o.s.security.web.FilterChainProxy        : Invoking WebAsyncManagerIntegrationFilter (2/14)
2026-05-20T02:03:24.038Z TRACE 37483 --- [biblioteca-pessoal] [o-auto-1-exec-9] o.s.security.web.FilterChainProxy        : Invoking SecurityContextHolderFilter (3/14)
2026-05-20T02:03:24.038Z TRACE 37483 --- [biblioteca-pessoal] [o-auto-1-exec-9] o.s.security.web.FilterChainProxy        : Invoking HeaderWriterFilter (4/14)
2026-05-20T02:03:24.038Z TRACE 37483 --- [biblioteca-pessoal] [o-auto-1-exec-9] o.s.security.web.FilterChainProxy        : Invoking CsrfFilter (5/14)
2026-05-20T02:03:24.038Z TRACE 37483 --- [biblioteca-pessoal] [o-auto-1-exec-9] s.s.w.c.CsrfTokenRequestAttributeHandler : Wrote a CSRF token to the following request attributes: [_csrf, org.springframework.security.web.csrf.CsrfToken]
2026-05-20T02:03:24.038Z TRACE 37483 --- [biblioteca-pessoal] [o-auto-1-exec-9] o.s.security.web.csrf.CsrfFilter         : Did not protect against CSRF since request did not match CsrfNotRequired [TRACE, HEAD, GET, OPTIONS]
2026-05-20T02:03:24.038Z TRACE 37483 --- [biblioteca-pessoal] [o-auto-1-exec-9] o.s.security.web.FilterChainProxy        : Invoking LogoutFilter (6/14)
2026-05-20T02:03:24.038Z TRACE 37483 --- [biblioteca-pessoal] [o-auto-1-exec-9] o.s.s.w.a.logout.LogoutFilter            : Did not match request to Ant [pattern='/logout', POST]
2026-05-20T02:03:24.038Z TRACE 37483 --- [biblioteca-pessoal] [o-auto-1-exec-9] o.s.security.web.FilterChainProxy        : Invoking UsernamePasswordAuthenticationFilter (7/14)
2026-05-20T02:03:24.039Z TRACE 37483 --- [biblioteca-pessoal] [o-auto-1-exec-9] w.a.UsernamePasswordAuthenticationFilter : Did not match request to Ant [pattern='/login', POST]
2026-05-20T02:03:24.039Z TRACE 37483 --- [biblioteca-pessoal] [o-auto-1-exec-9] o.s.security.web.FilterChainProxy        : Invoking ConcurrentSessionFilter (8/14)
2026-05-20T02:03:24.039Z TRACE 37483 --- [biblioteca-pessoal] [o-auto-1-exec-9] o.s.security.web.FilterChainProxy        : Invoking RequestCacheAwareFilter (9/14)
2026-05-20T02:03:24.039Z TRACE 37483 --- [biblioteca-pessoal] [o-auto-1-exec-9] o.s.s.w.s.HttpSessionRequestCache        : matchingRequestParameterName is required for getMatchingRequest to lookup a value, but not provided
2026-05-20T02:03:24.039Z TRACE 37483 --- [biblioteca-pessoal] [o-auto-1-exec-9] o.s.security.web.FilterChainProxy        : Invoking SecurityContextHolderAwareRequestFilter (10/14)
2026-05-20T02:03:24.039Z TRACE 37483 --- [biblioteca-pessoal] [o-auto-1-exec-9] o.s.security.web.FilterChainProxy        : Invoking AnonymousAuthenticationFilter (11/14)
2026-05-20T02:03:24.039Z TRACE 37483 --- [biblioteca-pessoal] [o-auto-1-exec-9] o.s.security.web.FilterChainProxy        : Invoking SessionManagementFilter (12/14)
2026-05-20T02:03:24.039Z TRACE 37483 --- [biblioteca-pessoal] [o-auto-1-exec-9] o.s.security.web.FilterChainProxy        : Invoking ExceptionTranslationFilter (13/14)
2026-05-20T02:03:24.039Z TRACE 37483 --- [biblioteca-pessoal] [o-auto-1-exec-9] o.s.security.web.FilterChainProxy        : Invoking AuthorizationFilter (14/14)
2026-05-20T02:03:24.039Z TRACE 37483 --- [biblioteca-pessoal] [o-auto-1-exec-9] estMatcherDelegatingAuthorizationManager : Authorizing GET /
2026-05-20T02:03:24.040Z TRACE 37483 --- [biblioteca-pessoal] [o-auto-1-exec-9] estMatcherDelegatingAuthorizationManager : Checking authorization on GET / using org.springframework.security.authorization.SingleResultAuthorizationManager@51a8321c
2026-05-20T02:03:24.040Z DEBUG 37483 --- [biblioteca-pessoal] [o-auto-1-exec-9] o.s.security.web.FilterChainProxy        : Secured GET /
2026-05-20T02:03:24.041Z TRACE 37483 --- [biblioteca-pessoal] [o-auto-1-exec-9] w.c.HttpSessionSecurityContextRepository : Retrieved SecurityContextImpl [Authentication=UsernamePasswordAuthenticationToken [Principal=org.springframework.security.core.userdetails.User [Username=user-a11c0f28-3598-49d6-b8fb-c022f83ddb81@example.com, Password=[PROTECTED], Enabled=true, AccountNonExpired=true, CredentialsNonExpired=true, AccountNonLocked=true, Granted Authorities=[ROLE_USER]], Credentials=[PROTECTED], Authenticated=true, Details=WebAuthenticationDetails [RemoteIpAddress=127.0.0.1, SessionId=60AF50711A78D7B6C3945D480B018B08], Granted Authorities=[ROLE_USER]]] from SPRING_SECURITY_CONTEXT
2026-05-20T02:03:24.041Z TRACE 37483 --- [biblioteca-pessoal] [o-auto-1-exec-9] o.s.s.w.a.AnonymousAuthenticationFilter  : Did not set SecurityContextHolder since already authenticated UsernamePasswordAuthenticationToken [Principal=org.springframework.security.core.userdetails.User [Username=user-a11c0f28-3598-49d6-b8fb-c022f83ddb81@example.com, Password=[PROTECTED], Enabled=true, AccountNonExpired=true, CredentialsNonExpired=true, AccountNonLocked=true, Granted Authorities=[ROLE_USER]], Credentials=[PROTECTED], Authenticated=true, Details=WebAuthenticationDetails [RemoteIpAddress=127.0.0.1, SessionId=60AF50711A78D7B6C3945D480B018B08], Granted Authorities=[ROLE_USER]]
2026-05-20T02:03:24.045Z TRACE 37483 --- [biblioteca-pessoal] [o-auto-1-exec-9] o.s.s.w.header.writers.HstsHeaderWriter  : Not injecting HSTS header since it did not match request to [Is Secure]
]]></system-out>
  </testcase>
</testsuite>